{"/media/hannesn/Hannes1/Code/DFrame/src/index.ts": {"path":"/media/hannesn/Hannes1/Code/DFrame/src/index.ts","statementMap":{"0":{"start":{"line":1,"column":0},"end":{"line":1,"column":155}},"1":{"start":{"line":2,"column":0},"end":{"line":2,"column":53}},"2":{"start":{"line":3,"column":0},"end":{"line":3,"column":32}},"3":{"start":{"line":6,"column":0},"end":{"line":491,"column":3}},"4":{"start":{"line":7,"column":24},"end":{"line":7,"column":55}},"5":{"start":{"line":8,"column":4},"end":{"line":11,"column":null}},"6":{"start":{"line":9,"column":8},"end":{"line":9,"column":48}},"7":{"start":{"line":10,"column":8},"end":{"line":10,"column":15}},"8":{"start":{"line":14,"column":23},"end":{"line":14,"column":40}},"9":{"start":{"line":15,"column":4},"end":{"line":15,"column":45}},"10":{"start":{"line":16,"column":4},"end":{"line":16,"column":43}},"11":{"start":{"line":17,"column":4},"end":{"line":27,"column":7}},"12":{"start":{"line":30,"column":23},"end":{"line":30,"column":50}},"13":{"start":{"line":31,"column":4},"end":{"line":31,"column":30}},"14":{"start":{"line":34,"column":23},"end":{"line":34,"column":59}},"15":{"start":{"line":35,"column":4},"end":{"line":40,"column":7}},"16":{"start":{"line":41,"column":4},"end":{"line":41,"column":37}},"17":{"start":{"line":44,"column":25},"end":{"line":44,"column":42}},"18":{"start":{"line":45,"column":4},"end":{"line":45,"column":39}},"19":{"start":{"line":48,"column":23},"end":{"line":48,"column":53}},"20":{"start":{"line":49,"column":4},"end":{"line":56,"column":7}},"21":{"start":{"line":59,"column":25},"end":{"line":59,"column":57}},"22":{"start":{"line":60,"column":4},"end":{"line":67,"column":7}},"23":{"start":{"line":70,"column":24},"end":{"line":70,"column":55}},"24":{"start":{"line":71,"column":4},"end":{"line":78,"column":7}},"25":{"start":{"line":81,"column":4},"end":{"line":81,"column":39}},"26":{"start":{"line":82,"column":4},"end":{"line":82,"column":57}},"27":{"start":{"line":83,"column":4},"end":{"line":83,"column":41}},"28":{"start":{"line":84,"column":4},"end":{"line":84,"column":57}},"29":{"start":{"line":85,"column":4},"end":{"line":85,"column":40}},"30":{"start":{"line":88,"column":4},"end":{"line":88,"column":53}},"31":{"start":{"line":91,"column":23},"end":{"line":91,"column":40}},"32":{"start":{"line":92,"column":4},"end":{"line":92,"column":37}},"33":{"start":{"line":95,"column":31},"end":{"line":95,"column":44}},"34":{"start":{"line":96,"column":28},"end":{"line":96,"column":63}},"35":{"start":{"line":97,"column":4},"end":{"line":97,"column":35}},"36":{"start":{"line":101,"column":23},"end":{"line":101,"column":54}},"37":{"start":{"line":102,"column":4},"end":{"line":102,"column":42}},"38":{"start":{"line":104,"column":18},"end":{"line":104,"column":33}},"39":{"start":{"line":105,"column":4},"end":{"line":105,"column":78}},"40":{"start":{"line":105,"column":57},"end":{"line":105,"column":76}},"41":{"start":{"line":106,"column":4},"end":{"line":106,"column":37}},"42":{"start":{"line":109,"column":26},"end":{"line":109,"column":51}},"43":{"start":{"line":110,"column":4},"end":{"line":110,"column":45}},"44":{"start":{"line":112,"column":21},"end":{"line":112,"column":36}},"45":{"start":{"line":113,"column":4},"end":{"line":113,"column":58}},"46":{"start":{"line":114,"column":4},"end":{"line":114,"column":40}},"47":{"start":{"line":117,"column":4},"end":{"line":117,"column":53}},"48":{"start":{"line":118,"column":4},"end":{"line":118,"column":45}},"49":{"start":{"line":119,"column":4},"end":{"line":119,"column":53}},"50":{"start":{"line":121,"column":4},"end":{"line":123,"column":7}},"51":{"start":{"line":126,"column":4},"end":{"line":126,"column":53}},"52":{"start":{"line":129,"column":26},"end":{"line":129,"column":46}},"53":{"start":{"line":130,"column":4},"end":{"line":130,"column":40}},"54":{"start":{"line":132,"column":21},"end":{"line":132,"column":36}},"55":{"start":{"line":133,"column":4},"end":{"line":133,"column":61}},"56":{"start":{"line":134,"column":4},"end":{"line":134,"column":35}},"57":{"start":{"line":137,"column":35},"end":{"line":137,"column":70}},"58":{"start":{"line":138,"column":4},"end":{"line":142,"column":7}},"59":{"start":{"line":143,"column":4},"end":{"line":143,"column":49}},"60":{"start":{"line":146,"column":29},"end":{"line":146,"column":46}},"61":{"start":{"line":147,"column":4},"end":{"line":147,"column":43}},"62":{"start":{"line":150,"column":23},"end":{"line":150,"column":53}},"63":{"start":{"line":151,"column":4},"end":{"line":159,"column":7}},"64":{"start":{"line":160,"column":4},"end":{"line":160,"column":43}},"65":{"start":{"line":163,"column":26},"end":{"line":163,"column":52}},"66":{"start":{"line":164,"column":4},"end":{"line":172,"column":7}},"67":{"start":{"line":173,"column":4},"end":{"line":173,"column":46}},"68":{"start":{"line":176,"column":24},"end":{"line":176,"column":57}},"69":{"start":{"line":177,"column":4},"end":{"line":185,"column":7}},"70":{"start":{"line":186,"column":4},"end":{"line":186,"column":44}},"71":{"start":{"line":189,"column":27},"end":{"line":189,"column":54}},"72":{"start":{"line":190,"column":4},"end":{"line":197,"column":7}},"73":{"start":{"line":198,"column":4},"end":{"line":198,"column":47}},"74":{"start":{"line":201,"column":4},"end":{"line":209,"column":7}},"75":{"start":{"line":202,"column":23},"end":{"line":206,"column":null}},"76":{"start":{"line":208,"column":8},"end":{"line":208,"column":112}},"77":{"start":{"line":211,"column":4},"end":{"line":220,"column":7}},"78":{"start":{"line":212,"column":23},"end":{"line":217,"column":null}},"79":{"start":{"line":219,"column":8},"end":{"line":219,"column":108}},"80":{"start":{"line":222,"column":4},"end":{"line":237,"column":7}},"81":{"start":{"line":223,"column":23},"end":{"line":227,"column":null}},"82":{"start":{"line":230,"column":27},"end":{"line":230,"column":46}},"83":{"start":{"line":231,"column":8},"end":{"line":235,"column":null}},"84":{"start":{"line":232,"column":39},"end":{"line":232,"column":65}},"85":{"start":{"line":232,"column":66},"end":{"line":232,"column":72}},"86":{"start":{"line":233,"column":39},"end":{"line":233,"column":73}},"87":{"start":{"line":233,"column":74},"end":{"line":233,"column":80}},"88":{"start":{"line":234,"column":40},"end":{"line":234,"column":66}},"89":{"start":{"line":234,"column":67},"end":{"line":234,"column":73}},"90":{"start":{"line":236,"column":8},"end":{"line":236,"column":42}},"91":{"start":{"line":239,"column":4},"end":{"line":248,"column":7}},"92":{"start":{"line":240,"column":23},"end":{"line":245,"column":null}},"93":{"start":{"line":247,"column":8},"end":{"line":247,"column":96}},"94":{"start":{"line":251,"column":35},"end":{"line":251,"column":72}},"95":{"start":{"line":252,"column":4},"end":{"line":260,"column":7}},"96":{"start":{"line":261,"column":4},"end":{"line":261,"column":49}},"97":{"start":{"line":263,"column":4},"end":{"line":285,"column":7}},"98":{"start":{"line":265,"column":23},"end":{"line":265,"column":50}},"99":{"start":{"line":266,"column":8},"end":{"line":266,"column":38}},"100":{"start":{"line":267,"column":8},"end":{"line":267,"column":50}},"101":{"start":{"line":268,"column":8},"end":{"line":268,"column":91}},"102":{"start":{"line":269,"column":8},"end":{"line":275,"column":10}},"103":{"start":{"line":276,"column":8},"end":{"line":276,"column":75}},"104":{"start":{"line":277,"column":8},"end":{"line":277,"column":51}},"105":{"start":{"line":279,"column":23},"end":{"line":279,"column":36}},"106":{"start":{"line":280,"column":8},"end":{"line":284,"column":null}},"107":{"start":{"line":281,"column":12},"end":{"line":281,"column":66}},"108":{"start":{"line":283,"column":12},"end":{"line":283,"column":68}},"109":{"start":{"line":288,"column":4},"end":{"line":288,"column":53}},"110":{"start":{"line":291,"column":31},"end":{"line":291,"column":62}},"111":{"start":{"line":292,"column":4},"end":{"line":296,"column":7}},"112":{"start":{"line":297,"column":4},"end":{"line":297,"column":45}},"113":{"start":{"line":300,"column":32},"end":{"line":300,"column":49}},"114":{"start":{"line":301,"column":4},"end":{"line":301,"column":46}},"115":{"start":{"line":304,"column":34},"end":{"line":304,"column":70}},"116":{"start":{"line":305,"column":4},"end":{"line":313,"column":7}},"117":{"start":{"line":314,"column":4},"end":{"line":314,"column":57}},"118":{"start":{"line":316,"column":37},"end":{"line":316,"column":77}},"119":{"start":{"line":317,"column":4},"end":{"line":324,"column":7}},"120":{"start":{"line":325,"column":4},"end":{"line":325,"column":60}},"121":{"start":{"line":329,"column":24},"end":{"line":329,"column":37}},"122":{"start":{"line":330,"column":4},"end":{"line":330,"column":47}},"123":{"start":{"line":331,"column":30},"end":{"line":331,"column":58}},"124":{"start":{"line":333,"column":29},"end":{"line":333,"column":66}},"125":{"start":{"line":334,"column":4},"end":{"line":337,"column":7}},"126":{"start":{"line":338,"column":4},"end":{"line":338,"column":50}},"127":{"start":{"line":340,"column":31},"end":{"line":340,"column":113}},"128":{"start":{"line":341,"column":4},"end":{"line":345,"column":7}},"129":{"start":{"line":346,"column":4},"end":{"line":346,"column":52}},"130":{"start":{"line":349,"column":37},"end":{"line":349,"column":54}},"131":{"start":{"line":350,"column":4},"end":{"line":350,"column":58}},"132":{"start":{"line":352,"column":4},"end":{"line":352,"column":67}},"133":{"start":{"line":354,"column":25},"end":{"line":354,"column":50}},"134":{"start":{"line":355,"column":4},"end":{"line":363,"column":7}},"135":{"start":{"line":364,"column":4},"end":{"line":364,"column":53}},"136":{"start":{"line":366,"column":25},"end":{"line":366,"column":50}},"137":{"start":{"line":367,"column":4},"end":{"line":374,"column":7}},"138":{"start":{"line":375,"column":4},"end":{"line":375,"column":53}},"139":{"start":{"line":378,"column":4},"end":{"line":380,"column":7}},"140":{"start":{"line":379,"column":8},"end":{"line":379,"column":29}},"141":{"start":{"line":382,"column":4},"end":{"line":384,"column":7}},"142":{"start":{"line":383,"column":8},"end":{"line":383,"column":29}},"143":{"start":{"line":387,"column":27},"end":{"line":387,"column":40}},"144":{"start":{"line":388,"column":4},"end":{"line":388,"column":54}},"145":{"start":{"line":389,"column":33},"end":{"line":389,"column":64}},"146":{"start":{"line":391,"column":32},"end":{"line":391,"column":73}},"147":{"start":{"line":392,"column":4},"end":{"line":395,"column":7}},"148":{"start":{"line":396,"column":4},"end":{"line":396,"column":56}},"149":{"start":{"line":398,"column":34},"end":{"line":398,"column":118}},"150":{"start":{"line":399,"column":4},"end":{"line":403,"column":7}},"151":{"start":{"line":404,"column":4},"end":{"line":404,"column":58}},"152":{"start":{"line":407,"column":24},"end":{"line":407,"column":48}},"153":{"start":{"line":408,"column":4},"end":{"line":417,"column":7}},"154":{"start":{"line":418,"column":4},"end":{"line":418,"column":48}},"155":{"start":{"line":420,"column":4},"end":{"line":422,"column":7}},"156":{"start":{"line":421,"column":8},"end":{"line":421,"column":31}},"157":{"start":{"line":425,"column":4},"end":{"line":428,"column":7}},"158":{"start":{"line":426,"column":8},"end":{"line":426,"column":35}},"159":{"start":{"line":427,"column":8},"end":{"line":427,"column":27}},"160":{"start":{"line":430,"column":4},"end":{"line":433,"column":7}},"161":{"start":{"line":431,"column":8},"end":{"line":431,"column":39}},"162":{"start":{"line":432,"column":8},"end":{"line":432,"column":30}},"163":{"start":{"line":436,"column":4},"end":{"line":438,"column":7}},"164":{"start":{"line":437,"column":8},"end":{"line":437,"column":57}},"165":{"start":{"line":440,"column":4},"end":{"line":442,"column":7}},"166":{"start":{"line":441,"column":8},"end":{"line":441,"column":57}},"167":{"start":{"line":444,"column":4},"end":{"line":446,"column":7}},"168":{"start":{"line":445,"column":8},"end":{"line":445,"column":59}},"169":{"start":{"line":449,"column":4},"end":{"line":449,"column":53}},"170":{"start":{"line":452,"column":25},"end":{"line":452,"column":42}},"171":{"start":{"line":453,"column":4},"end":{"line":453,"column":39}},"172":{"start":{"line":455,"column":24},"end":{"line":455,"column":51}},"173":{"start":{"line":456,"column":4},"end":{"line":459,"column":7}},"174":{"start":{"line":461,"column":4},"end":{"line":461,"column":40}},"175":{"start":{"line":462,"column":4},"end":{"line":462,"column":55}},"176":{"start":{"line":465,"column":4},"end":{"line":467,"column":7}},"177":{"start":{"line":466,"column":8},"end":{"line":466,"column":52}},"178":{"start":{"line":469,"column":4},"end":{"line":471,"column":7}},"179":{"start":{"line":470,"column":8},"end":{"line":470,"column":54}},"180":{"start":{"line":473,"column":4},"end":{"line":475,"column":7}},"181":{"start":{"line":474,"column":8},"end":{"line":474,"column":53}},"182":{"start":{"line":477,"column":4},"end":{"line":479,"column":7}},"183":{"start":{"line":478,"column":8},"end":{"line":478,"column":60}},"184":{"start":{"line":481,"column":4},"end":{"line":483,"column":7}},"185":{"start":{"line":482,"column":8},"end":{"line":482,"column":53}},"186":{"start":{"line":485,"column":4},"end":{"line":487,"column":7}},"187":{"start":{"line":486,"column":8},"end":{"line":486,"column":57}},"188":{"start":{"line":490,"column":4},"end":{"line":490,"column":53}}},"fnMap":{"0":{"name":"(anonymous_0)","decl":{"start":{"line":6,"column":46},"end":{"line":6,"column":49}},"loc":{"start":{"line":6,"column":51},"end":{"line":491,"column":1}}},"1":{"name":"(anonymous_1)","decl":{"start":{"line":105,"column":49},"end":{"line":105,"column":53}},"loc":{"start":{"line":105,"column":57},"end":{"line":105,"column":76}}},"2":{"name":"(anonymous_2)","decl":{"start":{"line":201,"column":34},"end":{"line":201,"column":37}},"loc":{"start":{"line":201,"column":39},"end":{"line":209,"column":5}}},"3":{"name":"(anonymous_3)","decl":{"start":{"line":211,"column":37},"end":{"line":211,"column":40}},"loc":{"start":{"line":211,"column":42},"end":{"line":220,"column":5}}},"4":{"name":"(anonymous_4)","decl":{"start":{"line":222,"column":35},"end":{"line":222,"column":38}},"loc":{"start":{"line":222,"column":40},"end":{"line":237,"column":5}}},"5":{"name":"(anonymous_5)","decl":{"start":{"line":239,"column":38},"end":{"line":239,"column":41}},"loc":{"start":{"line":239,"column":43},"end":{"line":248,"column":5}}},"6":{"name":"(anonymous_6)","decl":{"start":{"line":263,"column":46},"end":{"line":263,"column":49}},"loc":{"start":{"line":263,"column":51},"end":{"line":285,"column":5}}},"7":{"name":"(anonymous_7)","decl":{"start":{"line":378,"column":36},"end":{"line":378,"column":39}},"loc":{"start":{"line":378,"column":41},"end":{"line":380,"column":5}}},"8":{"name":"(anonymous_8)","decl":{"start":{"line":382,"column":36},"end":{"line":382,"column":39}},"loc":{"start":{"line":382,"column":41},"end":{"line":384,"column":5}}},"9":{"name":"(anonymous_9)","decl":{"start":{"line":420,"column":35},"end":{"line":420,"column":38}},"loc":{"start":{"line":420,"column":40},"end":{"line":422,"column":5}}},"10":{"name":"(anonymous_10)","decl":{"start":{"line":425,"column":45},"end":{"line":425,"column":48}},"loc":{"start":{"line":425,"column":50},"end":{"line":428,"column":5}}},"11":{"name":"(anonymous_11)","decl":{"start":{"line":430,"column":48},"end":{"line":430,"column":51}},"loc":{"start":{"line":430,"column":53},"end":{"line":433,"column":5}}},"12":{"name":"(anonymous_12)","decl":{"start":{"line":436,"column":36},"end":{"line":436,"column":39}},"loc":{"start":{"line":436,"column":41},"end":{"line":438,"column":5}}},"13":{"name":"(anonymous_13)","decl":{"start":{"line":440,"column":36},"end":{"line":440,"column":39}},"loc":{"start":{"line":440,"column":41},"end":{"line":442,"column":5}}},"14":{"name":"(anonymous_14)","decl":{"start":{"line":444,"column":37},"end":{"line":444,"column":40}},"loc":{"start":{"line":444,"column":42},"end":{"line":446,"column":5}}},"15":{"name":"(anonymous_15)","decl":{"start":{"line":465,"column":34},"end":{"line":465,"column":37}},"loc":{"start":{"line":465,"column":39},"end":{"line":467,"column":5}}},"16":{"name":"(anonymous_16)","decl":{"start":{"line":469,"column":36},"end":{"line":469,"column":39}},"loc":{"start":{"line":469,"column":41},"end":{"line":471,"column":5}}},"17":{"name":"(anonymous_17)","decl":{"start":{"line":473,"column":35},"end":{"line":473,"column":38}},"loc":{"start":{"line":473,"column":40},"end":{"line":475,"column":5}}},"18":{"name":"(anonymous_18)","decl":{"start":{"line":477,"column":41},"end":{"line":477,"column":42}},"loc":{"start":{"line":477,"column":59},"end":{"line":479,"column":5}}},"19":{"name":"(anonymous_19)","decl":{"start":{"line":481,"column":36},"end":{"line":481,"column":37}},"loc":{"start":{"line":481,"column":53},"end":{"line":483,"column":5}}},"20":{"name":"(anonymous_20)","decl":{"start":{"line":485,"column":36},"end":{"line":485,"column":39}},"loc":{"start":{"line":485,"column":41},"end":{"line":487,"column":5}}}},"branchMap":{"0":{"loc":{"start":{"line":8,"column":4},"end":{"line":11,"column":null}},"type":"if","locations":[{"start":{"line":8,"column":4},"end":{"line":11,"column":null}}]},"1":{"loc":{"start":{"line":208,"column":51},"end":{"line":208,"column":108}},"type":"cond-expr","locations":[{"start":{"line":208,"column":82},"end":{"line":208,"column":94}},{"start":{"line":208,"column":97},"end":{"line":208,"column":108}}]},"2":{"loc":{"start":{"line":219,"column":47},"end":{"line":219,"column":104}},"type":"cond-expr","locations":[{"start":{"line":219,"column":78},"end":{"line":219,"column":90}},{"start":{"line":219,"column":93},"end":{"line":219,"column":104}}]},"3":{"loc":{"start":{"line":231,"column":8},"end":{"line":235,"column":null}},"type":"switch","locations":[{"start":{"line":232,"column":12},"end":{"line":232,"column":72}},{"start":{"line":233,"column":12},"end":{"line":233,"column":80}},{"start":{"line":234,"column":12},"end":{"line":234,"column":73}}]},"4":{"loc":{"start":{"line":247,"column":48},"end":{"line":247,"column":92}},"type":"cond-expr","locations":[{"start":{"line":247,"column":80},"end":{"line":247,"column":85}},{"start":{"line":247,"column":88},"end":{"line":247,"column":92}}]},"5":{"loc":{"start":{"line":280,"column":8},"end":{"line":284,"column":null}},"type":"if","locations":[{"start":{"line":280,"column":8},"end":{"line":284,"column":null}},{"start":{"line":282,"column":15},"end":{"line":284,"column":null}}]}},"s":{"0":0,"1":0,"2":0,"3":0,"4":0,"5":0,"6":0,"7":0,"8":0,"9":0,"10":0,"11":0,"12":0,"13":0,"14":0,"15":0,"16":0,"17":0,"18":0,"19":0,"20":0,"21":0,"22":0,"23":0,"24":0,"25":0,"26":0,"27":0,"28":0,"29":0,"30":0,"31":0,"32":0,"33":0,"34":0,"35":0,"36":0,"37":0,"38":0,"39":0,"40":0,"41":0,"42":0,"43":0,"44":0,"45":0,"46":0,"47":0,"48":0,"49":0,"50":0,"51":0,"52":0,"53":0,"54":0,"55":0,"56":0,"57":0,"58":0,"59":0,"60":0,"61":0,"62":0,"63":0,"64":0,"65":0,"66":0,"67":0,"68":0,"69":0,"70":0,"71":0,"72":0,"73":0,"74":0,"75":0,"76":0,"77":0,"78":0,"79":0,"80":0,"81":0,"82":0,"83":0,"84":0,"85":0,"86":0,"87":0,"88":0,"89":0,"90":0,"91":0,"92":0,"93":0,"94":0,"95":0,"96":0,"97":0,"98":0,"99":0,"100":0,"101":0,"102":0,"103":0,"104":0,"105":0,"106":0,"107":0,"108":0,"109":0,"110":0,"111":0,"112":0,"113":0,"114":0,"115":0,"116":0,"117":0,"118":0,"119":0,"120":0,"121":0,"122":0,"123":0,"124":0,"125":0,"126":0,"127":0,"128":0,"129":0,"130":0,"131":0,"132":0,"133":0,"134":0,"135":0,"136":0,"137":0,"138":0,"139":0,"140":0,"141":0,"142":0,"143":0,"144":0,"145":0,"146":0,"147":0,"148":0,"149":0,"150":0,"151":0,"152":0,"153":0,"154":0,"155":0,"156":0,"157":0,"158":0,"159":0,"160":0,"161":0,"162":0,"163":0,"164":0,"165":0,"166":0,"167":0,"168":0,"169":0,"170":0,"171":0,"172":0,"173":0,"174":0,"175":0,"176":0,"177":0,"178":0,"179":0,"180":0,"181":0,"182":0,"183":0,"184":0,"185":0,"186":0,"187":0,"188":0},"f":{"0":0,"1":0,"2":0,"3":0,"4":0,"5":0,"6":0,"7":0,"8":0,"9":0,"10":0,"11":0,"12":0,"13":0,"14":0,"15":0,"16":0,"17":0,"18":0,"19":0,"20":0},"b":{"0":[0],"1":[0,0],"2":[0,0],"3":[0,0,0],"4":[0,0],"5":[0,0]}}
,"/media/hannesn/Hannes1/Code/DFrame/src/core/QStyle.ts": {"path":"/media/hannesn/Hannes1/Code/DFrame/src/core/QStyle.ts","statementMap":{"0":{"start":{"line":1,"column":0},"end":{"line":1,"column":36}},"1":{"start":{"line":14,"column":8},"end":{"line":14,"column":27}},"2":{"start":{"line":15,"column":8},"end":{"line":15,"column":29}},"3":{"start":{"line":9,"column":0},"end":{"line":9,"column":13}},"4":{"start":{"line":30,"column":8},"end":{"line":30,"column":45}},"5":{"start":{"line":39,"column":8},"end":{"line":39,"column":38}},"6":{"start":{"line":20,"column":0},"end":{"line":20,"column":13}},"7":{"start":{"line":22,"column":20},"end":{"line":22,"column":46}},"8":{"start":{"line":109,"column":19},"end":{"line":109,"column":67}},"9":{"start":{"line":111,"column":8},"end":{"line":164,"column":null}},"10":{"start":{"line":113,"column":16},"end":{"line":121,"column":19}},"11":{"start":{"line":122,"column":16},"end":{"line":122,"column":22}},"12":{"start":{"line":124,"column":16},"end":{"line":131,"column":19}},"13":{"start":{"line":132,"column":16},"end":{"line":132,"column":22}},"14":{"start":{"line":134,"column":16},"end":{"line":139,"column":19}},"15":{"start":{"line":140,"column":16},"end":{"line":140,"column":22}},"16":{"start":{"line":142,"column":16},"end":{"line":152,"column":19}},"17":{"start":{"line":153,"column":16},"end":{"line":153,"column":22}},"18":{"start":{"line":155,"column":16},"end":{"line":162,"column":19}},"19":{"start":{"line":163,"column":16},"end":{"line":163,"column":22}},"20":{"start":{"line":166,"column":8},"end":{"line":166,"column":40}},"21":{"start":{"line":171,"column":8},"end":{"line":179,"column":null}},"22":{"start":{"line":172,"column":12},"end":{"line":178,"column":null}},"23":{"start":{"line":173,"column":16},"end":{"line":177,"column":null}},"24":{"start":{"line":174,"column":20},"end":{"line":174,"column":71}},"25":{"start":{"line":176,"column":20},"end":{"line":176,"column":69}},"26":{"start":{"line":182,"column":8},"end":{"line":190,"column":null}},"27":{"start":{"line":183,"column":12},"end":{"line":189,"column":null}},"28":{"start":{"line":184,"column":16},"end":{"line":188,"column":null}},"29":{"start":{"line":185,"column":20},"end":{"line":185,"column":71}},"30":{"start":{"line":187,"column":20},"end":{"line":187,"column":69}},"31":{"start":{"line":192,"column":8},"end":{"line":192,"column":23}},"32":{"start":{"line":200,"column":30},"end":{"line":206,"column":10}},"33":{"start":{"line":208,"column":8},"end":{"line":208,"column":48}},"34":{"start":{"line":221,"column":8},"end":{"line":221,"column":20}},"35":{"start":{"line":71,"column":0},"end":{"line":71,"column":13}},"36":{"start":{"line":73,"column":19},"end":{"line":77,"column":6}},"37":{"start":{"line":79,"column":11},"end":{"line":84,"column":6}},"38":{"start":{"line":86,"column":11},"end":{"line":95,"column":6}},"39":{"start":{"line":97,"column":11},"end":{"line":106,"column":6}},"40":{"start":{"line":228,"column":15},"end":{"line":228,"column":24}},"41":{"start":{"line":229,"column":15},"end":{"line":229,"column":24}},"42":{"start":{"line":230,"column":15},"end":{"line":230,"column":28}},"43":{"start":{"line":231,"column":15},"end":{"line":231,"column":29}},"44":{"start":{"line":226,"column":0},"end":{"line":226,"column":13}},"45":{"start":{"line":235,"column":0},"end":{"line":235,"column":null}},"46":{"start":{"line":236,"column":4},"end":{"line":236,"column":null}},"47":{"start":{"line":237,"column":8},"end":{"line":237,"column":null}},"48":{"start":{"line":238,"column":8},"end":{"line":238,"column":null}},"49":{"start":{"line":239,"column":8},"end":{"line":239,"column":null}}},"fnMap":{"0":{"name":"(anonymous_0)","decl":{"start":{"line":13,"column":4},"end":{"line":13,"column":16}},"loc":{"start":{"line":13,"column":45},"end":{"line":16,"column":5}}},"1":{"name":"(anonymous_1)","decl":{"start":{"line":29,"column":4},"end":{"line":29,"column":10}},"loc":{"start":{"line":29,"column":28},"end":{"line":31,"column":5}}},"2":{"name":"(anonymous_2)","decl":{"start":{"line":38,"column":4},"end":{"line":38,"column":10}},"loc":{"start":{"line":38,"column":27},"end":{"line":40,"column":5}}},"3":{"name":"(anonymous_3)","decl":{"start":{"line":108,"column":4},"end":{"line":108,"column":10}},"loc":{"start":{"line":108,"column":97},"end":{"line":167,"column":5}}},"4":{"name":"(anonymous_4)","decl":{"start":{"line":169,"column":4},"end":{"line":169,"column":10}},"loc":{"start":{"line":169,"column":67},"end":{"line":193,"column":5}}},"5":{"name":"(anonymous_5)","decl":{"start":{"line":198,"column":12},"end":{"line":198,"column":18}},"loc":{"start":{"line":198,"column":48},"end":{"line":209,"column":5}}},"6":{"name":"(anonymous_6)","decl":{"start":{"line":211,"column":4},"end":{"line":211,"column":10}},"loc":{"start":{"line":211,"column":37},"end":{"line":213,"column":5}}},"7":{"name":"(anonymous_7)","decl":{"start":{"line":215,"column":4},"end":{"line":215,"column":10}},"loc":{"start":{"line":215,"column":39},"end":{"line":217,"column":5}}},"8":{"name":"(anonymous_8)","decl":{"start":{"line":219,"column":4},"end":{"line":219,"column":10}},"loc":{"start":{"line":219,"column":64},"end":{"line":222,"column":5}}},"9":{"name":"(anonymous_9)","decl":{"start":{"line":227,"column":4},"end":{"line":227,"column":null}},"loc":{"start":{"line":231,"column":29},"end":{"line":232,"column":8}}},"10":{"name":"(anonymous_10)","decl":{"start":{"line":235,"column":0},"end":{"line":235,"column":17}},"loc":{"start":{"line":235,"column":19},"end":{"line":241,"column":1}}},"11":{"name":"(anonymous_11)","decl":{"start":{"line":236,"column":4},"end":{"line":236,"column":16}},"loc":{"start":{"line":236,"column":31},"end":{"line":240,"column":5}}}},"branchMap":{"0":{"loc":{"start":{"line":108,"column":61},"end":{"line":108,"column":97}},"type":"default-arg","locations":[{"start":{"line":108,"column":95},"end":{"line":108,"column":97}}]},"1":{"loc":{"start":{"line":111,"column":8},"end":{"line":164,"column":null}},"type":"switch","locations":[{"start":{"line":112,"column":12},"end":{"line":122,"column":22}},{"start":{"line":123,"column":12},"end":{"line":132,"column":22}},{"start":{"line":133,"column":12},"end":{"line":140,"column":22}},{"start":{"line":141,"column":12},"end":{"line":153,"column":22}},{"start":{"line":154,"column":12},"end":{"line":163,"column":22}}]},"2":{"loc":{"start":{"line":118,"column":27},"end":{"line":118,"column":78}},"type":"cond-expr","locations":[{"start":{"line":118,"column":46},"end":{"line":118,"column":69}},{"start":{"line":118,"column":72},"end":{"line":118,"column":78}}]},"3":{"loc":{"start":{"line":119,"column":28},"end":{"line":119,"column":81}},"type":"cond-expr","locations":[{"start":{"line":119,"column":48},"end":{"line":119,"column":72}},{"start":{"line":119,"column":75},"end":{"line":119,"column":81}}]},"4":{"loc":{"start":{"line":120,"column":37},"end":{"line":120,"column":66}},"type":"binary-expr","locations":[{"start":{"line":120,"column":37},"end":{"line":120,"column":53}},{"start":{"line":120,"column":57},"end":{"line":120,"column":66}}]},"5":{"loc":{"start":{"line":127,"column":28},"end":{"line":127,"column":52}},"type":"binary-expr","locations":[{"start":{"line":127,"column":28},"end":{"line":127,"column":46}},{"start":{"line":127,"column":50},"end":{"line":127,"column":52}}]},"6":{"loc":{"start":{"line":172,"column":12},"end":{"line":178,"column":null}},"type":"if","locations":[{"start":{"line":172,"column":12},"end":{"line":178,"column":null}}]},"7":{"loc":{"start":{"line":173,"column":16},"end":{"line":177,"column":null}},"type":"if","locations":[{"start":{"line":173,"column":16},"end":{"line":177,"column":null}},{"start":{"line":175,"column":23},"end":{"line":177,"column":null}}]},"8":{"loc":{"start":{"line":173,"column":20},"end":{"line":173,"column":78}},"type":"binary-expr","locations":[{"start":{"line":173,"column":20},"end":{"line":173,"column":45}},{"start":{"line":173,"column":49},"end":{"line":173,"column":78}}]},"9":{"loc":{"start":{"line":183,"column":12},"end":{"line":189,"column":null}},"type":"if","locations":[{"start":{"line":183,"column":12},"end":{"line":189,"column":null}}]},"10":{"loc":{"start":{"line":184,"column":16},"end":{"line":188,"column":null}},"type":"if","locations":[{"start":{"line":184,"column":16},"end":{"line":188,"column":null}},{"start":{"line":186,"column":23},"end":{"line":188,"column":null}}]},"11":{"loc":{"start":{"line":184,"column":20},"end":{"line":184,"column":78}},"type":"binary-expr","locations":[{"start":{"line":184,"column":20},"end":{"line":184,"column":45}},{"start":{"line":184,"column":49},"end":{"line":184,"column":78}}]},"12":{"loc":{"start":{"line":236,"column":16},"end":{"line":236,"column":null}},"type":"binary-expr","locations":[{"start":{"line":236,"column":16},"end":{"line":236,"column":31}},{"start":{"line":236,"column":16},"end":{"line":236,"column":null}}]},"13":{"loc":{"start":{"line":235,"column":17},"end":{"line":235,"column":null}},"type":"binary-expr","locations":[{"start":{"line":235,"column":17},"end":{"line":235,"column":19}},{"start":{"line":235,"column":17},"end":{"line":235,"column":null}}]}},"s":{"0":1,"1":0,"2":0,"3":1,"4":0,"5":0,"6":1,"7":1,"8":0,"9":0,"10":0,"11":0,"12":0,"13":0,"14":0,"15":0,"16":0,"17":0,"18":0,"19":0,"20":0,"21":0,"22":0,"23":0,"24":0,"25":0,"26":0,"27":0,"28":0,"29":0,"30":0,"31":0,"32":0,"33":0,"34":0,"35":1,"36":1,"37":1,"38":1,"39":1,"40":0,"41":0,"42":0,"43":0,"44":1,"45":1,"46":1,"47":1,"48":1,"49":1},"f":{"0":0,"1":0,"2":0,"3":0,"4":0,"5":0,"6":0,"7":0,"8":0,"9":0,"10":1,"11":1},"b":{"0":[0],"1":[0,0,0,0,0],"2":[0,0],"3":[0,0],"4":[0,0],"5":[0,0],"6":[0],"7":[0,0],"8":[0,0],"9":[0],"10":[0,0],"11":[0,0],"12":[1,1],"13":[1,1]}}
,"/media/hannesn/Hannes1/Code/DFrame/src/widgets/QMessageBox.ts": {"path":"/media/hannesn/Hannes1/Code/DFrame/src/widgets/QMessageBox.ts","statementMap":{"0":{"start":{"line":1,"column":0},"end":{"line":1,"column":48}},"1":{"start":{"line":2,"column":0},"end":{"line":2,"column":36}},"2":{"start":{"line":3,"column":0},"end":{"line":3,"column":54}},"3":{"start":{"line":4,"column":0},"end":{"line":4,"column":34}},"4":{"start":{"line":5,"column":0},"end":{"line":5,"column":44}},"5":{"start":{"line":6,"column":0},"end":{"line":6,"column":36}},"6":{"start":{"line":7,"column":0},"end":{"line":7,"column":40}},"7":{"start":{"line":12,"column":0},"end":{"line":12,"column":null}},"8":{"start":{"line":13,"column":4},"end":{"line":13,"column":null}},"9":{"start":{"line":14,"column":4},"end":{"line":14,"column":null}},"10":{"start":{"line":15,"column":4},"end":{"line":15,"column":null}},"11":{"start":{"line":16,"column":4},"end":{"line":16,"column":null}},"12":{"start":{"line":17,"column":4},"end":{"line":17,"column":null}},"13":{"start":{"line":18,"column":4},"end":{"line":18,"column":null}},"14":{"start":{"line":19,"column":4},"end":{"line":19,"column":null}},"15":{"start":{"line":20,"column":4},"end":{"line":20,"column":null}},"16":{"start":{"line":21,"column":4},"end":{"line":21,"column":null}},"17":{"start":{"line":22,"column":4},"end":{"line":22,"column":null}},"18":{"start":{"line":23,"column":4},"end":{"line":23,"column":null}},"19":{"start":{"line":24,"column":4},"end":{"line":24,"column":null}},"20":{"start":{"line":30,"column":0},"end":{"line":30,"column":null}},"21":{"start":{"line":31,"column":4},"end":{"line":31,"column":null}},"22":{"start":{"line":32,"column":4},"end":{"line":32,"column":null}},"23":{"start":{"line":33,"column":4},"end":{"line":33,"column":null}},"24":{"start":{"line":34,"column":4},"end":{"line":34,"column":null}},"25":{"start":{"line":35,"column":4},"end":{"line":35,"column":null}},"26":{"start":{"line":59,"column":8},"end":{"line":59,"column":22}},"27":{"start":{"line":42,"column":12},"end":{"line":42,"column":71}},"28":{"start":{"line":43,"column":12},"end":{"line":43,"column":69}},"29":{"start":{"line":44,"column":12},"end":{"line":44,"column":42}},"30":{"start":{"line":45,"column":12},"end":{"line":45,"column":31}},"31":{"start":{"line":46,"column":12},"end":{"line":46,"column":42}},"32":{"start":{"line":47,"column":12},"end":{"line":47,"column":39}},"33":{"start":{"line":56,"column":12},"end":{"line":56,"column":67}},"34":{"start":{"line":60,"column":8},"end":{"line":60,"column":39}},"35":{"start":{"line":61,"column":8},"end":{"line":61,"column":28}},"36":{"start":{"line":64,"column":8},"end":{"line":72,"column":11}},"37":{"start":{"line":75,"column":8},"end":{"line":75,"column":52}},"38":{"start":{"line":76,"column":8},"end":{"line":76,"column":43}},"39":{"start":{"line":79,"column":30},"end":{"line":79,"column":47}},"40":{"start":{"line":80,"column":8},"end":{"line":80,"column":37}},"41":{"start":{"line":81,"column":8},"end":{"line":81,"column":53}},"42":{"start":{"line":84,"column":8},"end":{"line":84,"column":41}},"43":{"start":{"line":85,"column":8},"end":{"line":90,"column":11}},"44":{"start":{"line":91,"column":8},"end":{"line":91,"column":49}},"45":{"start":{"line":94,"column":30},"end":{"line":94,"column":47}},"46":{"start":{"line":95,"column":8},"end":{"line":95,"column":47}},"47":{"start":{"line":98,"column":8},"end":{"line":98,"column":41}},"48":{"start":{"line":99,"column":8},"end":{"line":104,"column":11}},"49":{"start":{"line":105,"column":8},"end":{"line":105,"column":49}},"50":{"start":{"line":108,"column":8},"end":{"line":108,"column":52}},"51":{"start":{"line":109,"column":8},"end":{"line":113,"column":11}},"52":{"start":{"line":114,"column":8},"end":{"line":114,"column":60}},"53":{"start":{"line":117,"column":8},"end":{"line":117,"column":49}},"54":{"start":{"line":118,"column":8},"end":{"line":130,"column":11}},"55":{"start":{"line":131,"column":8},"end":{"line":131,"column":63}},"56":{"start":{"line":134,"column":32},"end":{"line":134,"column":45}},"57":{"start":{"line":135,"column":8},"end":{"line":140,"column":11}},"58":{"start":{"line":141,"column":8},"end":{"line":141,"column":55}},"59":{"start":{"line":144,"column":8},"end":{"line":144,"column":47}},"60":{"start":{"line":145,"column":8},"end":{"line":145,"column":58}},"61":{"start":{"line":148,"column":8},"end":{"line":148,"column":65}},"62":{"start":{"line":155,"column":8},"end":{"line":155,"column":26}},"63":{"start":{"line":156,"column":8},"end":{"line":156,"column":38}},"64":{"start":{"line":157,"column":8},"end":{"line":157,"column":20}},"65":{"start":{"line":164,"column":8},"end":{"line":164,"column":26}},"66":{"start":{"line":171,"column":8},"end":{"line":171,"column":37}},"67":{"start":{"line":172,"column":8},"end":{"line":172,"column":49}},"68":{"start":{"line":173,"column":8},"end":{"line":173,"column":20}},"69":{"start":{"line":180,"column":8},"end":{"line":180,"column":37}},"70":{"start":{"line":187,"column":8},"end":{"line":187,"column":34}},"71":{"start":{"line":188,"column":8},"end":{"line":197,"column":null}},"72":{"start":{"line":189,"column":12},"end":{"line":189,"column":50}},"73":{"start":{"line":190,"column":12},"end":{"line":192,"column":15}},"74":{"start":{"line":194,"column":12},"end":{"line":196,"column":15}},"75":{"start":{"line":198,"column":8},"end":{"line":198,"column":20}},"76":{"start":{"line":205,"column":8},"end":{"line":205,"column":34}},"77":{"start":{"line":212,"column":8},"end":{"line":212,"column":30}},"78":{"start":{"line":214,"column":8},"end":{"line":231,"column":null}},"79":{"start":{"line":216,"column":16},"end":{"line":216,"column":46}},"80":{"start":{"line":217,"column":16},"end":{"line":217,"column":22}},"81":{"start":{"line":219,"column":16},"end":{"line":219,"column":46}},"82":{"start":{"line":220,"column":16},"end":{"line":220,"column":22}},"83":{"start":{"line":222,"column":16},"end":{"line":222,"column":46}},"84":{"start":{"line":223,"column":16},"end":{"line":223,"column":22}},"85":{"start":{"line":225,"column":16},"end":{"line":225,"column":45}},"86":{"start":{"line":226,"column":16},"end":{"line":226,"column":22}},"87":{"start":{"line":229,"column":16},"end":{"line":229,"column":44}},"88":{"start":{"line":230,"column":16},"end":{"line":230,"column":22}},"89":{"start":{"line":232,"column":8},"end":{"line":232,"column":20}},"90":{"start":{"line":239,"column":8},"end":{"line":239,"column":30}},"91":{"start":{"line":246,"column":8},"end":{"line":246,"column":40}},"92":{"start":{"line":247,"column":8},"end":{"line":247,"column":29}},"93":{"start":{"line":248,"column":8},"end":{"line":248,"column":20}},"94":{"start":{"line":255,"column":8},"end":{"line":255,"column":37}},"95":{"start":{"line":262,"column":8},"end":{"line":262,"column":35}},"96":{"start":{"line":275,"column":23},"end":{"line":275,"column":46}},"97":{"start":{"line":276,"column":8},"end":{"line":276,"column":41}},"98":{"start":{"line":277,"column":8},"end":{"line":277,"column":29}},"99":{"start":{"line":278,"column":8},"end":{"line":278,"column":37}},"100":{"start":{"line":279,"column":8},"end":{"line":279,"column":43}},"101":{"start":{"line":280,"column":8},"end":{"line":280,"column":47}},"102":{"start":{"line":281,"column":8},"end":{"line":281,"column":22}},"103":{"start":{"line":282,"column":8},"end":{"line":282,"column":38}},"104":{"start":{"line":295,"column":23},"end":{"line":295,"column":46}},"105":{"start":{"line":296,"column":8},"end":{"line":296,"column":37}},"106":{"start":{"line":297,"column":8},"end":{"line":297,"column":29}},"107":{"start":{"line":298,"column":8},"end":{"line":298,"column":37}},"108":{"start":{"line":299,"column":8},"end":{"line":299,"column":43}},"109":{"start":{"line":300,"column":8},"end":{"line":300,"column":47}},"110":{"start":{"line":301,"column":8},"end":{"line":301,"column":22}},"111":{"start":{"line":302,"column":8},"end":{"line":302,"column":38}},"112":{"start":{"line":315,"column":23},"end":{"line":315,"column":46}},"113":{"start":{"line":316,"column":8},"end":{"line":316,"column":38}},"114":{"start":{"line":317,"column":8},"end":{"line":317,"column":29}},"115":{"start":{"line":318,"column":8},"end":{"line":318,"column":37}},"116":{"start":{"line":319,"column":8},"end":{"line":319,"column":43}},"117":{"start":{"line":320,"column":8},"end":{"line":320,"column":47}},"118":{"start":{"line":321,"column":8},"end":{"line":321,"column":22}},"119":{"start":{"line":322,"column":8},"end":{"line":322,"column":38}},"120":{"start":{"line":335,"column":23},"end":{"line":335,"column":46}},"121":{"start":{"line":336,"column":8},"end":{"line":336,"column":38}},"122":{"start":{"line":337,"column":8},"end":{"line":337,"column":29}},"123":{"start":{"line":338,"column":8},"end":{"line":338,"column":37}},"124":{"start":{"line":339,"column":8},"end":{"line":339,"column":43}},"125":{"start":{"line":340,"column":8},"end":{"line":340,"column":47}},"126":{"start":{"line":341,"column":8},"end":{"line":341,"column":22}},"127":{"start":{"line":342,"column":8},"end":{"line":342,"column":38}},"128":{"start":{"line":349,"column":20},"end":{"line":349,"column":45}},"129":{"start":{"line":350,"column":8},"end":{"line":361,"column":null}},"130":{"start":{"line":352,"column":12},"end":{"line":355,"column":15}},"131":{"start":{"line":358,"column":12},"end":{"line":360,"column":18}},"132":{"start":{"line":359,"column":16},"end":{"line":359,"column":41}},"133":{"start":{"line":362,"column":8},"end":{"line":362,"column":20}},"134":{"start":{"line":367,"column":8},"end":{"line":369,"column":11}},"135":{"start":{"line":368,"column":12},"end":{"line":368,"column":52}},"136":{"start":{"line":370,"column":8},"end":{"line":370,"column":30}},"137":{"start":{"line":373,"column":56},"end":{"line":385,"column":10}},"138":{"start":{"line":388,"column":8},"end":{"line":444,"column":11}},"139":{"start":{"line":389,"column":12},"end":{"line":443,"column":null}},"140":{"start":{"line":390,"column":31},"end":{"line":390,"column":52}},"141":{"start":{"line":393,"column":16},"end":{"line":404,"column":19}},"142":{"start":{"line":407,"column":16},"end":{"line":429,"column":null}},"143":{"start":{"line":409,"column":20},"end":{"line":412,"column":23}},"144":{"start":{"line":413,"column":23},"end":{"line":429,"column":null}},"145":{"start":{"line":415,"column":20},"end":{"line":418,"column":23}},"146":{"start":{"line":419,"column":23},"end":{"line":429,"column":null}},"147":{"start":{"line":420,"column":20},"end":{"line":423,"column":23}},"148":{"start":{"line":425,"column":20},"end":{"line":428,"column":23}},"149":{"start":{"line":431,"column":16},"end":{"line":439,"column":19}},"150":{"start":{"line":432,"column":20},"end":{"line":432,"column":53}},"151":{"start":{"line":433,"column":20},"end":{"line":438,"column":null}},"152":{"start":{"line":435,"column":24},"end":{"line":435,"column":38}},"153":{"start":{"line":437,"column":24},"end":{"line":437,"column":38}},"154":{"start":{"line":441,"column":16},"end":{"line":441,"column":54}},"155":{"start":{"line":442,"column":16},"end":{"line":442,"column":53}},"156":{"start":{"line":41,"column":0},"end":{"line":41,"column":13}}},"fnMap":{"0":{"name":"(anonymous_0)","decl":{"start":{"line":12,"column":0},"end":{"line":12,"column":12}},"loc":{"start":{"line":12,"column":26},"end":{"line":25,"column":1}}},"1":{"name":"(anonymous_1)","decl":{"start":{"line":30,"column":0},"end":{"line":30,"column":12}},"loc":{"start":{"line":30,"column":16},"end":{"line":36,"column":1}}},"2":{"name":"(anonymous_2)","decl":{"start":{"line":58,"column":4},"end":{"line":58,"column":16}},"loc":{"start":{"line":58,"column":39},"end":{"line":149,"column":5}}},"3":{"name":"(anonymous_3)","decl":{"start":{"line":154,"column":4},"end":{"line":154,"column":11}},"loc":{"start":{"line":154,"column":24},"end":{"line":158,"column":5}}},"4":{"name":"(anonymous_4)","decl":{"start":{"line":163,"column":4},"end":{"line":163,"column":8}},"loc":{"start":{"line":163,"column":8},"end":{"line":165,"column":5}}},"5":{"name":"(anonymous_5)","decl":{"start":{"line":170,"column":4},"end":{"line":170,"column":22}},"loc":{"start":{"line":170,"column":35},"end":{"line":174,"column":5}}},"6":{"name":"(anonymous_6)","decl":{"start":{"line":179,"column":4},"end":{"line":179,"column":19}},"loc":{"start":{"line":179,"column":19},"end":{"line":181,"column":5}}},"7":{"name":"(anonymous_7)","decl":{"start":{"line":186,"column":4},"end":{"line":186,"column":19}},"loc":{"start":{"line":186,"column":32},"end":{"line":199,"column":5}}},"8":{"name":"(anonymous_8)","decl":{"start":{"line":204,"column":4},"end":{"line":204,"column":16}},"loc":{"start":{"line":204,"column":16},"end":{"line":206,"column":5}}},"9":{"name":"(anonymous_9)","decl":{"start":{"line":211,"column":4},"end":{"line":211,"column":11}},"loc":{"start":{"line":211,"column":22},"end":{"line":233,"column":5}}},"10":{"name":"(anonymous_10)","decl":{"start":{"line":238,"column":4},"end":{"line":238,"column":8}},"loc":{"start":{"line":238,"column":8},"end":{"line":240,"column":5}}},"11":{"name":"(anonymous_11)","decl":{"start":{"line":245,"column":4},"end":{"line":245,"column":22}},"loc":{"start":{"line":245,"column":46},"end":{"line":249,"column":5}}},"12":{"name":"(anonymous_12)","decl":{"start":{"line":254,"column":4},"end":{"line":254,"column":19}},"loc":{"start":{"line":254,"column":19},"end":{"line":256,"column":5}}},"13":{"name":"(anonymous_13)","decl":{"start":{"line":261,"column":4},"end":{"line":261,"column":17}},"loc":{"start":{"line":261,"column":17},"end":{"line":263,"column":5}}},"14":{"name":"(anonymous_14)","decl":{"start":{"line":268,"column":4},"end":{"line":268,"column":10}},"loc":{"start":{"line":273,"column":57},"end":{"line":283,"column":5}}},"15":{"name":"(anonymous_15)","decl":{"start":{"line":288,"column":4},"end":{"line":288,"column":10}},"loc":{"start":{"line":293,"column":57},"end":{"line":303,"column":5}}},"16":{"name":"(anonymous_16)","decl":{"start":{"line":308,"column":4},"end":{"line":308,"column":10}},"loc":{"start":{"line":313,"column":57},"end":{"line":323,"column":5}}},"17":{"name":"(anonymous_17)","decl":{"start":{"line":328,"column":4},"end":{"line":328,"column":10}},"loc":{"start":{"line":333,"column":58},"end":{"line":343,"column":5}}},"18":{"name":"(anonymous_18)","decl":{"start":{"line":348,"column":4},"end":{"line":348,"column":20}},"loc":{"start":{"line":348,"column":43},"end":{"line":363,"column":5}}},"19":{"name":"(anonymous_19)","decl":{"start":{"line":358,"column":23},"end":{"line":358,"column":26}},"loc":{"start":{"line":358,"column":28},"end":{"line":360,"column":13}}},"20":{"name":"(anonymous_20)","decl":{"start":{"line":365,"column":12},"end":{"line":365,"column":25}},"loc":{"start":{"line":365,"column":25},"end":{"line":445,"column":5}}},"21":{"name":"(anonymous_21)","decl":{"start":{"line":367,"column":30},"end":{"line":367,"column":36}},"loc":{"start":{"line":367,"column":39},"end":{"line":369,"column":9}}},"22":{"name":"(anonymous_22)","decl":{"start":{"line":388,"column":28},"end":{"line":388,"column":29}},"loc":{"start":{"line":388,"column":51},"end":{"line":444,"column":9}}},"23":{"name":"(anonymous_23)","decl":{"start":{"line":431,"column":42},"end":{"line":431,"column":45}},"loc":{"start":{"line":431,"column":47},"end":{"line":439,"column":17}}}},"branchMap":{"0":{"loc":{"start":{"line":12,"column":12},"end":{"line":12,"column":null}},"type":"binary-expr","locations":[{"start":{"line":12,"column":12},"end":{"line":12,"column":26}},{"start":{"line":12,"column":12},"end":{"line":12,"column":null}}]},"1":{"loc":{"start":{"line":30,"column":12},"end":{"line":30,"column":null}},"type":"binary-expr","locations":[{"start":{"line":30,"column":12},"end":{"line":30,"column":16}},{"start":{"line":30,"column":12},"end":{"line":30,"column":null}}]},"2":{"loc":{"start":{"line":188,"column":8},"end":{"line":197,"column":null}},"type":"if","locations":[{"start":{"line":188,"column":8},"end":{"line":197,"column":null}},{"start":{"line":193,"column":15},"end":{"line":197,"column":null}}]},"3":{"loc":{"start":{"line":214,"column":8},"end":{"line":231,"column":null}},"type":"switch","locations":[{"start":{"line":215,"column":12},"end":{"line":217,"column":22}},{"start":{"line":218,"column":12},"end":{"line":220,"column":22}},{"start":{"line":221,"column":12},"end":{"line":223,"column":22}},{"start":{"line":224,"column":12},"end":{"line":226,"column":22}},{"start":{"line":227,"column":12},"end":{"line":227,"column":29}},{"start":{"line":228,"column":12},"end":{"line":230,"column":22}}]},"4":{"loc":{"start":{"line":272,"column":8},"end":{"line":272,"column":51}},"type":"default-arg","locations":[{"start":{"line":272,"column":34},"end":{"line":272,"column":51}}]},"5":{"loc":{"start":{"line":273,"column":8},"end":{"line":273,"column":57}},"type":"default-arg","locations":[{"start":{"line":273,"column":40},"end":{"line":273,"column":57}}]},"6":{"loc":{"start":{"line":292,"column":8},"end":{"line":292,"column":51}},"type":"default-arg","locations":[{"start":{"line":292,"column":34},"end":{"line":292,"column":51}}]},"7":{"loc":{"start":{"line":293,"column":8},"end":{"line":293,"column":57}},"type":"default-arg","locations":[{"start":{"line":293,"column":40},"end":{"line":293,"column":57}}]},"8":{"loc":{"start":{"line":312,"column":8},"end":{"line":312,"column":51}},"type":"default-arg","locations":[{"start":{"line":312,"column":34},"end":{"line":312,"column":51}}]},"9":{"loc":{"start":{"line":313,"column":8},"end":{"line":313,"column":57}},"type":"default-arg","locations":[{"start":{"line":313,"column":40},"end":{"line":313,"column":57}}]},"10":{"loc":{"start":{"line":332,"column":8},"end":{"line":332,"column":72}},"type":"default-arg","locations":[{"start":{"line":332,"column":34},"end":{"line":332,"column":72}}]},"11":{"loc":{"start":{"line":333,"column":8},"end":{"line":333,"column":58}},"type":"default-arg","locations":[{"start":{"line":333,"column":40},"end":{"line":333,"column":58}}]},"12":{"loc":{"start":{"line":350,"column":8},"end":{"line":361,"column":null}},"type":"if","locations":[{"start":{"line":350,"column":8},"end":{"line":361,"column":null}}]},"13":{"loc":{"start":{"line":389,"column":12},"end":{"line":443,"column":null}},"type":"if","locations":[{"start":{"line":389,"column":12},"end":{"line":443,"column":null}}]},"14":{"loc":{"start":{"line":407,"column":16},"end":{"line":429,"column":null}},"type":"if","locations":[{"start":{"line":407,"column":16},"end":{"line":429,"column":null}},{"start":{"line":413,"column":23},"end":{"line":429,"column":null}}]},"15":{"loc":{"start":{"line":407,"column":20},"end":{"line":408,"column":55}},"type":"binary-expr","locations":[{"start":{"line":407,"column":20},"end":{"line":407,"column":52}},{"start":{"line":407,"column":56},"end":{"line":407,"column":89}},{"start":{"line":408,"column":20},"end":{"line":408,"column":55}}]},"16":{"loc":{"start":{"line":413,"column":23},"end":{"line":429,"column":null}},"type":"if","locations":[{"start":{"line":413,"column":23},"end":{"line":429,"column":null}},{"start":{"line":419,"column":23},"end":{"line":429,"column":null}}]},"17":{"loc":{"start":{"line":413,"column":27},"end":{"line":414,"column":101}},"type":"binary-expr","locations":[{"start":{"line":413,"column":27},"end":{"line":413,"column":63}},{"start":{"line":413,"column":67},"end":{"line":413,"column":99}},{"start":{"line":414,"column":27},"end":{"line":414,"column":62}},{"start":{"line":414,"column":66},"end":{"line":414,"column":101}}]},"18":{"loc":{"start":{"line":419,"column":23},"end":{"line":429,"column":null}},"type":"if","locations":[{"start":{"line":419,"column":23},"end":{"line":429,"column":null}},{"start":{"line":424,"column":23},"end":{"line":429,"column":null}}]},"19":{"loc":{"start":{"line":433,"column":20},"end":{"line":438,"column":null}},"type":"if","locations":[{"start":{"line":433,"column":20},"end":{"line":438,"column":null}},{"start":{"line":436,"column":27},"end":{"line":438,"column":null}}]},"20":{"loc":{"start":{"line":433,"column":24},"end":{"line":434,"column":59}},"type":"binary-expr","locations":[{"start":{"line":433,"column":24},"end":{"line":433,"column":56}},{"start":{"line":433,"column":60},"end":{"line":433,"column":93}},{"start":{"line":434,"column":24},"end":{"line":434,"column":59}}]}},"s":{"0":1,"1":1,"2":1,"3":1,"4":1,"5":1,"6":1,"7":1,"8":1,"9":1,"10":1,"11":1,"12":1,"13":1,"14":1,"15":1,"16":1,"17":1,"18":1,"19":1,"20":1,"21":1,"22":1,"23":1,"24":1,"25":1,"26":17,"27":17,"28":17,"29":17,"30":17,"31":17,"32":17,"33":17,"34":17,"35":17,"36":17,"37":17,"38":17,"39":17,"40":17,"41":17,"42":17,"43":17,"44":17,"45":17,"46":17,"47":17,"48":17,"49":17,"50":17,"51":17,"52":17,"53":17,"54":17,"55":17,"56":17,"57":17,"58":17,"59":17,"60":17,"61":17,"62":6,"63":6,"64":6,"65":2,"66":2,"67":2,"68":2,"69":2,"70":2,"71":2,"72":2,"73":2,"74":0,"75":2,"76":2,"77":9,"78":9,"79":2,"80":2,"81":3,"82":3,"83":2,"84":2,"85":2,"86":2,"87":0,"88":0,"89":9,"90":5,"91":6,"92":6,"93":6,"94":2,"95":2,"96":1,"97":1,"98":1,"99":1,"100":1,"101":1,"102":1,"103":1,"104":1,"105":1,"106":1,"107":1,"108":1,"109":1,"110":1,"111":1,"112":1,"113":1,"114":1,"115":1,"116":1,"117":1,"118":1,"119":1,"120":1,"121":1,"122":1,"123":1,"124":1,"125":1,"126":1,"127":1,"128":5,"129":5,"130":5,"131":5,"132":1,"133":5,"134":6,"135":0,"136":6,"137":6,"138":6,"139":66,"140":8,"141":8,"142":8,"143":6,"144":2,"145":2,"146":0,"147":0,"148":0,"149":8,"150":0,"151":0,"152":0,"153":0,"154":8,"155":8,"156":1},"f":{"0":1,"1":1,"2":17,"3":6,"4":2,"5":2,"6":2,"7":2,"8":2,"9":9,"10":5,"11":6,"12":2,"13":2,"14":1,"15":1,"16":1,"17":1,"18":5,"19":1,"20":6,"21":0,"22":66,"23":0},"b":{"0":[1,1],"1":[1,1],"2":[2,0],"3":[2,3,2,2,0,0],"4":[1],"5":[1],"6":[1],"7":[1],"8":[1],"9":[1],"10":[0],"11":[1],"12":[5],"13":[8],"14":[6,2],"15":[8,3,2],"16":[2,0],"17":[2,1,0,0],"18":[0,0],"19":[0,0],"20":[0,0,0]}}
,"/media/hannesn/Hannes1/Code/DFrame/src/widgets/QPushButton.ts": {"path":"/media/hannesn/Hannes1/Code/DFrame/src/widgets/QPushButton.ts","statementMap":{"0":{"start":{"line":1,"column":0},"end":{"line":1,"column":36}},"1":{"start":{"line":2,"column":0},"end":{"line":2,"column":40}},"2":{"start":{"line":13,"column":8},"end":{"line":13,"column":22}},"3":{"start":{"line":5,"column":14},"end":{"line":5,"column":42}},"4":{"start":{"line":6,"column":14},"end":{"line":6,"column":40}},"5":{"start":{"line":7,"column":14},"end":{"line":7,"column":43}},"6":{"start":{"line":8,"column":14},"end":{"line":8,"column":45}},"7":{"start":{"line":9,"column":14},"end":{"line":9,"column":48}},"8":{"start":{"line":10,"column":14},"end":{"line":10,"column":53}},"9":{"start":{"line":14,"column":8},"end":{"line":14,"column":56}},"10":{"start":{"line":15,"column":8},"end":{"line":15,"column":27}},"11":{"start":{"line":16,"column":8},"end":{"line":28,"column":11}},"12":{"start":{"line":30,"column":8},"end":{"line":32,"column":11}},"13":{"start":{"line":31,"column":12},"end":{"line":31,"column":58}},"14":{"start":{"line":34,"column":8},"end":{"line":36,"column":11}},"15":{"start":{"line":35,"column":12},"end":{"line":35,"column":58}},"16":{"start":{"line":38,"column":8},"end":{"line":38,"column":83}},"17":{"start":{"line":38,"column":58},"end":{"line":38,"column":81}},"18":{"start":{"line":39,"column":8},"end":{"line":39,"column":79}},"19":{"start":{"line":39,"column":56},"end":{"line":39,"column":77}},"20":{"start":{"line":40,"column":8},"end":{"line":40,"column":83}},"21":{"start":{"line":40,"column":58},"end":{"line":40,"column":81}},"22":{"start":{"line":41,"column":8},"end":{"line":41,"column":73}},"23":{"start":{"line":41,"column":53},"end":{"line":41,"column":71}},"24":{"start":{"line":45,"column":8},"end":{"line":52,"column":null}},"25":{"start":{"line":46,"column":12},"end":{"line":46,"column":44}},"26":{"start":{"line":47,"column":12},"end":{"line":51,"column":38}},"27":{"start":{"line":48,"column":16},"end":{"line":50,"column":45}},"28":{"start":{"line":49,"column":20},"end":{"line":49,"column":52}},"29":{"start":{"line":53,"column":8},"end":{"line":53,"column":32}},"30":{"start":{"line":57,"column":8},"end":{"line":59,"column":null}},"31":{"start":{"line":58,"column":12},"end":{"line":58,"column":34}},"32":{"start":{"line":60,"column":8},"end":{"line":60,"column":33}},"33":{"start":{"line":64,"column":8},"end":{"line":66,"column":null}},"34":{"start":{"line":65,"column":12},"end":{"line":65,"column":34}},"35":{"start":{"line":70,"column":8},"end":{"line":72,"column":null}},"36":{"start":{"line":71,"column":12},"end":{"line":71,"column":26}},"37":{"start":{"line":73,"column":8},"end":{"line":73,"column":37}},"38":{"start":{"line":77,"column":8},"end":{"line":84,"column":null}},"39":{"start":{"line":78,"column":12},"end":{"line":78,"column":41}},"40":{"start":{"line":79,"column":12},"end":{"line":83,"column":38}},"41":{"start":{"line":80,"column":16},"end":{"line":82,"column":45}},"42":{"start":{"line":81,"column":20},"end":{"line":81,"column":49}},"43":{"start":{"line":88,"column":8},"end":{"line":91,"column":null}},"44":{"start":{"line":89,"column":12},"end":{"line":89,"column":49}},"45":{"start":{"line":90,"column":12},"end":{"line":90,"column":41}},"46":{"start":{"line":95,"column":8},"end":{"line":95,"column":36}},"47":{"start":{"line":96,"column":8},"end":{"line":98,"column":null}},"48":{"start":{"line":97,"column":12},"end":{"line":97,"column":35}},"49":{"start":{"line":102,"column":8},"end":{"line":102,"column":31}},"50":{"start":{"line":106,"column":8},"end":{"line":110,"column":null}},"51":{"start":{"line":107,"column":12},"end":{"line":107,"column":36}},"52":{"start":{"line":108,"column":12},"end":{"line":108,"column":36}},"53":{"start":{"line":109,"column":12},"end":{"line":109,"column":42}},"54":{"start":{"line":114,"column":8},"end":{"line":114,"column":29}},"55":{"start":{"line":118,"column":8},"end":{"line":120,"column":null}},"56":{"start":{"line":119,"column":12},"end":{"line":119,"column":44}},"57":{"start":{"line":124,"column":8},"end":{"line":124,"column":34}},"58":{"start":{"line":125,"column":8},"end":{"line":127,"column":null}},"59":{"start":{"line":126,"column":12},"end":{"line":126,"column":34}},"60":{"start":{"line":131,"column":8},"end":{"line":131,"column":38}},"61":{"start":{"line":135,"column":8},"end":{"line":135,"column":44}},"62":{"start":{"line":139,"column":8},"end":{"line":151,"column":null}},"63":{"start":{"line":140,"column":12},"end":{"line":140,"column":50}},"64":{"start":{"line":141,"column":12},"end":{"line":144,"column":15}},"65":{"start":{"line":146,"column":12},"end":{"line":146,"column":53}},"66":{"start":{"line":147,"column":12},"end":{"line":150,"column":15}},"67":{"start":{"line":155,"column":8},"end":{"line":155,"column":40}},"68":{"start":{"line":159,"column":8},"end":{"line":159,"column":46}},"69":{"start":{"line":163,"column":9},"end":{"line":163,"column":56}},"70":{"start":{"line":4,"column":0},"end":{"line":4,"column":13}}},"fnMap":{"0":{"name":"(anonymous_0)","decl":{"start":{"line":12,"column":4},"end":{"line":12,"column":16}},"loc":{"start":{"line":12,"column":64},"end":{"line":42,"column":5}}},"1":{"name":"(anonymous_1)","decl":{"start":{"line":30,"column":51},"end":{"line":30,"column":54}},"loc":{"start":{"line":30,"column":56},"end":{"line":32,"column":9}}},"2":{"name":"(anonymous_2)","decl":{"start":{"line":34,"column":50},"end":{"line":34,"column":53}},"loc":{"start":{"line":34,"column":55},"end":{"line":36,"column":9}}},"3":{"name":"(anonymous_3)","decl":{"start":{"line":38,"column":51},"end":{"line":38,"column":52}},"loc":{"start":{"line":38,"column":58},"end":{"line":38,"column":81}}},"4":{"name":"(anonymous_4)","decl":{"start":{"line":39,"column":49},"end":{"line":39,"column":50}},"loc":{"start":{"line":39,"column":56},"end":{"line":39,"column":77}}},"5":{"name":"(anonymous_5)","decl":{"start":{"line":40,"column":52},"end":{"line":40,"column":55}},"loc":{"start":{"line":40,"column":58},"end":{"line":40,"column":81}}},"6":{"name":"(anonymous_6)","decl":{"start":{"line":41,"column":47},"end":{"line":41,"column":50}},"loc":{"start":{"line":41,"column":53},"end":{"line":41,"column":71}}},"7":{"name":"(anonymous_7)","decl":{"start":{"line":44,"column":12},"end":{"line":44,"column":27}},"loc":{"start":{"line":44,"column":41},"end":{"line":54,"column":5}}},"8":{"name":"(anonymous_8)","decl":{"start":{"line":47,"column":54},"end":{"line":47,"column":57}},"loc":{"start":{"line":47,"column":59},"end":{"line":51,"column":13}}},"9":{"name":"(anonymous_9)","decl":{"start":{"line":48,"column":59},"end":{"line":48,"column":62}},"loc":{"start":{"line":48,"column":64},"end":{"line":50,"column":17}}},"10":{"name":"(anonymous_10)","decl":{"start":{"line":56,"column":12},"end":{"line":56,"column":25}},"loc":{"start":{"line":56,"column":39},"end":{"line":61,"column":5}}},"11":{"name":"(anonymous_11)","decl":{"start":{"line":63,"column":12},"end":{"line":63,"column":28}},"loc":{"start":{"line":63,"column":28},"end":{"line":67,"column":5}}},"12":{"name":"(anonymous_12)","decl":{"start":{"line":69,"column":12},"end":{"line":69,"column":23}},"loc":{"start":{"line":69,"column":23},"end":{"line":74,"column":5}}},"13":{"name":"(anonymous_13)","decl":{"start":{"line":76,"column":12},"end":{"line":76,"column":27}},"loc":{"start":{"line":76,"column":27},"end":{"line":85,"column":5}}},"14":{"name":"(anonymous_14)","decl":{"start":{"line":79,"column":54},"end":{"line":79,"column":57}},"loc":{"start":{"line":79,"column":59},"end":{"line":83,"column":13}}},"15":{"name":"(anonymous_15)","decl":{"start":{"line":80,"column":59},"end":{"line":80,"column":62}},"loc":{"start":{"line":80,"column":64},"end":{"line":82,"column":17}}},"16":{"name":"(anonymous_16)","decl":{"start":{"line":87,"column":12},"end":{"line":87,"column":26}},"loc":{"start":{"line":87,"column":26},"end":{"line":92,"column":5}}},"17":{"name":"(anonymous_17)","decl":{"start":{"line":94,"column":4},"end":{"line":94,"column":16}},"loc":{"start":{"line":94,"column":35},"end":{"line":99,"column":5}}},"18":{"name":"(anonymous_18)","decl":{"start":{"line":101,"column":4},"end":{"line":101,"column":15}},"loc":{"start":{"line":101,"column":15},"end":{"line":103,"column":5}}},"19":{"name":"(anonymous_19)","decl":{"start":{"line":105,"column":4},"end":{"line":105,"column":14}},"loc":{"start":{"line":105,"column":31},"end":{"line":111,"column":5}}},"20":{"name":"(anonymous_20)","decl":{"start":{"line":113,"column":4},"end":{"line":113,"column":13}},"loc":{"start":{"line":113,"column":13},"end":{"line":115,"column":5}}},"21":{"name":"(anonymous_21)","decl":{"start":{"line":117,"column":4},"end":{"line":117,"column":10}},"loc":{"start":{"line":117,"column":10},"end":{"line":121,"column":5}}},"22":{"name":"(anonymous_22)","decl":{"start":{"line":123,"column":4},"end":{"line":123,"column":17}},"loc":{"start":{"line":123,"column":33},"end":{"line":128,"column":5}}},"23":{"name":"(anonymous_23)","decl":{"start":{"line":130,"column":4},"end":{"line":130,"column":22}},"loc":{"start":{"line":130,"column":36},"end":{"line":132,"column":5}}},"24":{"name":"(anonymous_24)","decl":{"start":{"line":134,"column":4},"end":{"line":134,"column":25}},"loc":{"start":{"line":134,"column":42},"end":{"line":136,"column":5}}},"25":{"name":"(anonymous_25)","decl":{"start":{"line":138,"column":12},"end":{"line":138,"column":28}},"loc":{"start":{"line":138,"column":28},"end":{"line":152,"column":5}}},"26":{"name":"(anonymous_26)","decl":{"start":{"line":154,"column":4},"end":{"line":154,"column":11}},"loc":{"start":{"line":154,"column":24},"end":{"line":156,"column":5}}},"27":{"name":"(anonymous_27)","decl":{"start":{"line":158,"column":4},"end":{"line":158,"column":8}},"loc":{"start":{"line":158,"column":8},"end":{"line":160,"column":5}}},"28":{"name":"(anonymous_28)","decl":{"start":{"line":162,"column":4},"end":{"line":162,"column":17}},"loc":{"start":{"line":162,"column":53},"end":{"line":164,"column":5}}}},"branchMap":{"0":{"loc":{"start":{"line":12,"column":16},"end":{"line":12,"column":33}},"type":"default-arg","locations":[{"start":{"line":12,"column":31},"end":{"line":12,"column":33}}]},"1":{"loc":{"start":{"line":12,"column":35},"end":{"line":12,"column":64}},"type":"default-arg","locations":[{"start":{"line":12,"column":60},"end":{"line":12,"column":64}}]},"2":{"loc":{"start":{"line":45,"column":8},"end":{"line":52,"column":null}},"type":"if","locations":[{"start":{"line":45,"column":8},"end":{"line":52,"column":null}}]},"3":{"loc":{"start":{"line":57,"column":8},"end":{"line":59,"column":null}},"type":"if","locations":[{"start":{"line":57,"column":8},"end":{"line":59,"column":null}}]},"4":{"loc":{"start":{"line":64,"column":8},"end":{"line":66,"column":null}},"type":"if","locations":[{"start":{"line":64,"column":8},"end":{"line":66,"column":null}}]},"5":{"loc":{"start":{"line":70,"column":8},"end":{"line":72,"column":null}},"type":"if","locations":[{"start":{"line":70,"column":8},"end":{"line":72,"column":null}}]},"6":{"loc":{"start":{"line":77,"column":8},"end":{"line":84,"column":null}},"type":"if","locations":[{"start":{"line":77,"column":8},"end":{"line":84,"column":null}}]},"7":{"loc":{"start":{"line":88,"column":8},"end":{"line":91,"column":null}},"type":"if","locations":[{"start":{"line":88,"column":8},"end":{"line":91,"column":null}}]},"8":{"loc":{"start":{"line":96,"column":8},"end":{"line":98,"column":null}},"type":"if","locations":[{"start":{"line":96,"column":8},"end":{"line":98,"column":null}}]},"9":{"loc":{"start":{"line":106,"column":8},"end":{"line":110,"column":null}},"type":"if","locations":[{"start":{"line":106,"column":8},"end":{"line":110,"column":null}}]},"10":{"loc":{"start":{"line":106,"column":12},"end":{"line":106,"column":56}},"type":"binary-expr","locations":[{"start":{"line":106,"column":12},"end":{"line":106,"column":27}},{"start":{"line":106,"column":31},"end":{"line":106,"column":56}}]},"11":{"loc":{"start":{"line":118,"column":8},"end":{"line":120,"column":null}},"type":"if","locations":[{"start":{"line":118,"column":8},"end":{"line":120,"column":null}}]},"12":{"loc":{"start":{"line":125,"column":8},"end":{"line":127,"column":null}},"type":"if","locations":[{"start":{"line":125,"column":8},"end":{"line":127,"column":null}}]},"13":{"loc":{"start":{"line":139,"column":8},"end":{"line":151,"column":null}},"type":"if","locations":[{"start":{"line":139,"column":8},"end":{"line":151,"column":null}},{"start":{"line":145,"column":15},"end":{"line":151,"column":null}}]},"14":{"loc":{"start":{"line":159,"column":15},"end":{"line":159,"column":45}},"type":"binary-expr","locations":[{"start":{"line":159,"column":15},"end":{"line":159,"column":39}},{"start":{"line":159,"column":43},"end":{"line":159,"column":45}}]}},"s":{"0":1,"1":1,"2":10,"3":10,"4":10,"5":10,"6":10,"7":10,"8":10,"9":10,"10":10,"11":10,"12":10,"13":0,"14":10,"15":0,"16":10,"17":0,"18":10,"19":0,"20":10,"21":0,"22":10,"23":0,"24":0,"25":0,"26":0,"27":0,"28":0,"29":0,"30":0,"31":0,"32":0,"33":0,"34":0,"35":0,"36":0,"37":0,"38":0,"39":0,"40":0,"41":0,"42":0,"43":0,"44":0,"45":0,"46":0,"47":0,"48":0,"49":0,"50":0,"51":0,"52":0,"53":0,"54":0,"55":0,"56":0,"57":0,"58":0,"59":0,"60":0,"61":0,"62":0,"63":0,"64":0,"65":0,"66":0,"67":10,"68":0,"69":0,"70":1},"f":{"0":10,"1":0,"2":0,"3":0,"4":0,"5":0,"6":0,"7":0,"8":0,"9":0,"10":0,"11":0,"12":0,"13":0,"14":0,"15":0,"16":0,"17":0,"18":0,"19":0,"20":0,"21":0,"22":0,"23":0,"24":0,"25":0,"26":10,"27":0,"28":0},"b":{"0":[0],"1":[10],"2":[0],"3":[0],"4":[0],"5":[0],"6":[0],"7":[0],"8":[0],"9":[0],"10":[0,0],"11":[0],"12":[0],"13":[0,0],"14":[0,0]}}
,"/media/hannesn/Hannes1/Code/DFrame/src/widgets/QWidget.ts": {"path":"/media/hannesn/Hannes1/Code/DFrame/src/widgets/QWidget.ts","statementMap":{"0":{"start":{"line":1,"column":0},"end":{"line":1,"column":42}},"1":{"start":{"line":2,"column":0},"end":{"line":2,"column":45}},"2":{"start":{"line":16,"column":8},"end":{"line":16,"column":22}},"3":{"start":{"line":8,"column":14},"end":{"line":8,"column":39}},"4":{"start":{"line":9,"column":14},"end":{"line":9,"column":39}},"5":{"start":{"line":10,"column":14},"end":{"line":10,"column":40}},"6":{"start":{"line":12,"column":14},"end":{"line":12,"column":53}},"7":{"start":{"line":13,"column":14},"end":{"line":13,"column":60}},"8":{"start":{"line":17,"column":8},"end":{"line":17,"column":53}},"9":{"start":{"line":18,"column":8},"end":{"line":18,"column":49}},"10":{"start":{"line":19,"column":8},"end":{"line":19,"column":47}},"11":{"start":{"line":20,"column":8},"end":{"line":20,"column":52}},"12":{"start":{"line":21,"column":8},"end":{"line":21,"column":42}},"13":{"start":{"line":22,"column":8},"end":{"line":22,"column":46}},"14":{"start":{"line":23,"column":8},"end":{"line":23,"column":43}},"15":{"start":{"line":24,"column":8},"end":{"line":24,"column":44}},"16":{"start":{"line":25,"column":8},"end":{"line":25,"column":52}},"17":{"start":{"line":26,"column":8},"end":{"line":26,"column":90}},"18":{"start":{"line":27,"column":8},"end":{"line":27,"column":52}},"19":{"start":{"line":31,"column":8},"end":{"line":31,"column":32}},"20":{"start":{"line":32,"column":8},"end":{"line":32,"column":64}},"21":{"start":{"line":36,"column":8},"end":{"line":36,"column":29}},"22":{"start":{"line":40,"column":8},"end":{"line":40,"column":28}},"23":{"start":{"line":44,"column":8},"end":{"line":44,"column":43}},"24":{"start":{"line":45,"column":8},"end":{"line":45,"column":42}},"25":{"start":{"line":46,"column":8},"end":{"line":46,"column":48}},"26":{"start":{"line":47,"column":8},"end":{"line":47,"column":50}},"27":{"start":{"line":51,"column":8},"end":{"line":51,"column":34}},"28":{"start":{"line":52,"column":8},"end":{"line":54,"column":null}},"29":{"start":{"line":53,"column":12},"end":{"line":53,"column":35}},"30":{"start":{"line":58,"column":8},"end":{"line":58,"column":33}},"31":{"start":{"line":62,"column":8},"end":{"line":62,"column":49}},"32":{"start":{"line":66,"column":8},"end":{"line":66,"column":54}},"33":{"start":{"line":70,"column":8},"end":{"line":70,"column":57}},"34":{"start":{"line":74,"column":8},"end":{"line":74,"column":32}},"35":{"start":{"line":75,"column":8},"end":{"line":75,"column":69}},"36":{"start":{"line":76,"column":8},"end":{"line":76,"column":59}},"37":{"start":{"line":80,"column":8},"end":{"line":80,"column":29}},"38":{"start":{"line":84,"column":8},"end":{"line":84,"column":70}},"39":{"start":{"line":85,"column":8},"end":{"line":85,"column":30}},"40":{"start":{"line":89,"column":8},"end":{"line":89,"column":46}},"41":{"start":{"line":90,"column":8},"end":{"line":90,"column":51}},"42":{"start":{"line":91,"column":8},"end":{"line":91,"column":53}},"43":{"start":{"line":95,"column":8},"end":{"line":95,"column":46}},"44":{"start":{"line":96,"column":8},"end":{"line":96,"column":51}},"45":{"start":{"line":97,"column":8},"end":{"line":97,"column":53}},"46":{"start":{"line":101,"column":8},"end":{"line":101,"column":75}},"47":{"start":{"line":105,"column":8},"end":{"line":105,"column":44}},"48":{"start":{"line":106,"column":8},"end":{"line":106,"column":34}},"49":{"start":{"line":107,"column":8},"end":{"line":107,"column":70}},"50":{"start":{"line":111,"column":23},"end":{"line":111,"column":82}},"51":{"start":{"line":112,"column":8},"end":{"line":137,"column":null}},"52":{"start":{"line":113,"column":13},"end":{"line":113,"column":57}},"53":{"start":{"line":115,"column":12},"end":{"line":136,"column":null}},"54":{"start":{"line":117,"column":20},"end":{"line":117,"column":60}},"55":{"start":{"line":118,"column":20},"end":{"line":118,"column":26}},"56":{"start":{"line":120,"column":20},"end":{"line":120,"column":61}},"57":{"start":{"line":121,"column":20},"end":{"line":121,"column":26}},"58":{"start":{"line":124,"column":20},"end":{"line":124,"column":63}},"59":{"start":{"line":125,"column":20},"end":{"line":125,"column":26}},"60":{"start":{"line":127,"column":20},"end":{"line":129,"column":null}},"61":{"start":{"line":128,"column":24},"end":{"line":128,"column":57}},"62":{"start":{"line":130,"column":20},"end":{"line":130,"column":26}},"63":{"start":{"line":132,"column":20},"end":{"line":132,"column":43}},"64":{"start":{"line":133,"column":20},"end":{"line":133,"column":26}},"65":{"start":{"line":135,"column":20},"end":{"line":135,"column":39}},"66":{"start":{"line":141,"column":8},"end":{"line":141,"column":60}},"67":{"start":{"line":142,"column":8},"end":{"line":142,"column":68}},"68":{"start":{"line":4,"column":0},"end":{"line":4,"column":13}}},"fnMap":{"0":{"name":"(anonymous_0)","decl":{"start":{"line":15,"column":4},"end":{"line":15,"column":16}},"loc":{"start":{"line":15,"column":45},"end":{"line":28,"column":5}}},"1":{"name":"(anonymous_1)","decl":{"start":{"line":30,"column":4},"end":{"line":30,"column":14}},"loc":{"start":{"line":30,"column":31},"end":{"line":33,"column":5}}},"2":{"name":"(anonymous_2)","decl":{"start":{"line":35,"column":4},"end":{"line":35,"column":13}},"loc":{"start":{"line":35,"column":13},"end":{"line":37,"column":5}}},"3":{"name":"(anonymous_3)","decl":{"start":{"line":39,"column":4},"end":{"line":39,"column":14}},"loc":{"start":{"line":39,"column":14},"end":{"line":41,"column":5}}},"4":{"name":"(anonymous_4)","decl":{"start":{"line":43,"column":4},"end":{"line":43,"column":15}},"loc":{"start":{"line":43,"column":67},"end":{"line":48,"column":5}}},"5":{"name":"(anonymous_5)","decl":{"start":{"line":50,"column":4},"end":{"line":50,"column":18}},"loc":{"start":{"line":50,"column":32},"end":{"line":55,"column":5}}},"6":{"name":"(anonymous_6)","decl":{"start":{"line":57,"column":4},"end":{"line":57,"column":15}},"loc":{"start":{"line":57,"column":15},"end":{"line":59,"column":5}}},"7":{"name":"(anonymous_7)","decl":{"start":{"line":61,"column":4},"end":{"line":61,"column":12}},"loc":{"start":{"line":61,"column":48},"end":{"line":63,"column":5}}},"8":{"name":"(anonymous_8)","decl":{"start":{"line":65,"column":4},"end":{"line":65,"column":6}},"loc":{"start":{"line":65,"column":44},"end":{"line":67,"column":5}}},"9":{"name":"(anonymous_9)","decl":{"start":{"line":69,"column":4},"end":{"line":69,"column":7}},"loc":{"start":{"line":69,"column":45},"end":{"line":71,"column":5}}},"10":{"name":"(anonymous_10)","decl":{"start":{"line":73,"column":4},"end":{"line":73,"column":14}},"loc":{"start":{"line":73,"column":31},"end":{"line":77,"column":5}}},"11":{"name":"(anonymous_11)","decl":{"start":{"line":79,"column":4},"end":{"line":79,"column":13}},"loc":{"start":{"line":79,"column":13},"end":{"line":81,"column":5}}},"12":{"name":"(anonymous_12)","decl":{"start":{"line":83,"column":4},"end":{"line":83,"column":17}},"loc":{"start":{"line":83,"column":54},"end":{"line":86,"column":5}}},"13":{"name":"(anonymous_13)","decl":{"start":{"line":88,"column":4},"end":{"line":88,"column":18}},"loc":{"start":{"line":88,"column":48},"end":{"line":92,"column":5}}},"14":{"name":"(anonymous_14)","decl":{"start":{"line":94,"column":4},"end":{"line":94,"column":18}},"loc":{"start":{"line":94,"column":48},"end":{"line":98,"column":5}}},"15":{"name":"(anonymous_15)","decl":{"start":{"line":100,"column":4},"end":{"line":100,"column":18}},"loc":{"start":{"line":100,"column":33},"end":{"line":102,"column":5}}},"16":{"name":"(anonymous_16)","decl":{"start":{"line":104,"column":4},"end":{"line":104,"column":10}},"loc":{"start":{"line":104,"column":10},"end":{"line":108,"column":5}}},"17":{"name":"(anonymous_17)","decl":{"start":{"line":110,"column":4},"end":{"line":110,"column":15}},"loc":{"start":{"line":110,"column":40},"end":{"line":138,"column":5}}},"18":{"name":"(anonymous_18)","decl":{"start":{"line":140,"column":4},"end":{"line":140,"column":14}},"loc":{"start":{"line":140,"column":25},"end":{"line":143,"column":5}}},"19":{"name":"(anonymous_19)","decl":{"start":{"line":145,"column":14},"end":{"line":145,"column":28}},"loc":{"start":{"line":145,"column":28},"end":{"line":147,"column":5}}}},"branchMap":{"0":{"loc":{"start":{"line":15,"column":16},"end":{"line":15,"column":45}},"type":"default-arg","locations":[{"start":{"line":15,"column":41},"end":{"line":15,"column":45}}]},"1":{"loc":{"start":{"line":32,"column":37},"end":{"line":32,"column":63}},"type":"cond-expr","locations":[{"start":{"line":32,"column":47},"end":{"line":32,"column":54}},{"start":{"line":32,"column":57},"end":{"line":32,"column":63}}]},"2":{"loc":{"start":{"line":52,"column":8},"end":{"line":54,"column":null}},"type":"if","locations":[{"start":{"line":52,"column":8},"end":{"line":54,"column":null}}]},"3":{"loc":{"start":{"line":75,"column":43},"end":{"line":75,"column":68}},"type":"cond-expr","locations":[{"start":{"line":75,"column":53},"end":{"line":75,"column":59}},{"start":{"line":75,"column":62},"end":{"line":75,"column":68}}]},"4":{"loc":{"start":{"line":76,"column":37},"end":{"line":76,"column":58}},"type":"cond-expr","locations":[{"start":{"line":76,"column":47},"end":{"line":76,"column":50}},{"start":{"line":76,"column":53},"end":{"line":76,"column":58}}]},"5":{"loc":{"start":{"line":101,"column":32},"end":{"line":101,"column":74}},"type":"cond-expr","locations":[{"start":{"line":101,"column":68},"end":{"line":101,"column":70}},{"start":{"line":101,"column":73},"end":{"line":101,"column":74}}]},"6":{"loc":{"start":{"line":107,"column":37},"end":{"line":107,"column":69}},"type":"cond-expr","locations":[{"start":{"line":107,"column":53},"end":{"line":107,"column":60}},{"start":{"line":107,"column":63},"end":{"line":107,"column":69}}]},"7":{"loc":{"start":{"line":112,"column":8},"end":{"line":137,"column":null}},"type":"if","locations":[{"start":{"line":112,"column":8},"end":{"line":137,"column":null}},{"start":{"line":114,"column":15},"end":{"line":137,"column":null}}]},"8":{"loc":{"start":{"line":115,"column":12},"end":{"line":136,"column":null}},"type":"switch","locations":[{"start":{"line":116,"column":16},"end":{"line":118,"column":26}},{"start":{"line":119,"column":16},"end":{"line":121,"column":26}},{"start":{"line":122,"column":16},"end":{"line":122,"column":29}},{"start":{"line":123,"column":16},"end":{"line":125,"column":26}},{"start":{"line":126,"column":16},"end":{"line":130,"column":26}},{"start":{"line":131,"column":16},"end":{"line":133,"column":26}},{"start":{"line":134,"column":16},"end":{"line":135,"column":39}}]},"9":{"loc":{"start":{"line":127,"column":20},"end":{"line":129,"column":null}},"type":"if","locations":[{"start":{"line":127,"column":20},"end":{"line":129,"column":null}}]}},"s":{"0":1,"1":1,"2":184,"3":184,"4":184,"5":184,"6":184,"7":184,"8":184,"9":184,"10":184,"11":184,"12":184,"13":184,"14":184,"15":184,"16":184,"17":184,"18":184,"19":0,"20":0,"21":0,"22":648,"23":0,"24":0,"25":0,"26":0,"27":21,"28":21,"29":13,"30":0,"31":112,"32":0,"33":0,"34":0,"35":0,"36":0,"37":0,"38":0,"39":0,"40":0,"41":0,"42":0,"43":0,"44":0,"45":0,"46":184,"47":0,"48":0,"49":0,"50":0,"51":0,"52":0,"53":0,"54":0,"55":0,"56":0,"57":0,"58":0,"59":0,"60":0,"61":0,"62":0,"63":0,"64":0,"65":0,"66":0,"67":0,"68":1},"f":{"0":184,"1":0,"2":0,"3":648,"4":0,"5":21,"6":0,"7":112,"8":0,"9":0,"10":0,"11":0,"12":0,"13":0,"14":0,"15":184,"16":0,"17":0,"18":0,"19":0},"b":{"0":[51],"1":[0,0],"2":[13],"3":[0,0],"4":[0,0],"5":[184,0],"6":[0,0],"7":[0,0],"8":[0,0,0,0,0,0,0],"9":[0]}}
,"/media/hannesn/Hannes1/Code/DFrame/src/widgets/index.ts": {"path":"/media/hannesn/Hannes1/Code/DFrame/src/widgets/index.ts","statementMap":{"0":{"start":{"line":1,"column":0},"end":{"line":1,"column":9}},"1":{"start":{"line":1,"column":9},"end":{"line":1,"column":36}},"2":{"start":{"line":2,"column":0},"end":{"line":2,"column":9}},"3":{"start":{"line":2,"column":9},"end":{"line":2,"column":34}},"4":{"start":{"line":3,"column":0},"end":{"line":3,"column":9}},"5":{"start":{"line":3,"column":9},"end":{"line":3,"column":44}},"6":{"start":{"line":4,"column":0},"end":{"line":4,"column":9}},"7":{"start":{"line":4,"column":9},"end":{"line":4,"column":40}},"8":{"start":{"line":5,"column":0},"end":{"line":5,"column":9}},"9":{"start":{"line":5,"column":9},"end":{"line":5,"column":40}},"10":{"start":{"line":6,"column":0},"end":{"line":6,"column":9}},"11":{"start":{"line":6,"column":9},"end":{"line":6,"column":40}},"12":{"start":{"line":7,"column":0},"end":{"line":7,"column":9}},"13":{"start":{"line":7,"column":9},"end":{"line":7,"column":36}},"14":{"start":{"line":8,"column":0},"end":{"line":8,"column":9}},"15":{"start":{"line":8,"column":9},"end":{"line":8,"column":40}},"16":{"start":{"line":9,"column":0},"end":{"line":9,"column":9}},"17":{"start":{"line":9,"column":9},"end":{"line":9,"column":18}},"18":{"start":{"line":9,"column":18},"end":{"line":9,"column":48}},"19":{"start":{"line":10,"column":0},"end":{"line":10,"column":9}},"20":{"start":{"line":10,"column":9},"end":{"line":10,"column":22}},"21":{"start":{"line":10,"column":22},"end":{"line":10,"column":38}},"22":{"start":{"line":10,"column":38},"end":{"line":10,"column":66}}},"fnMap":{"0":{"name":"(anonymous_0)","decl":{"start":{"line":1,"column":9},"end":{"line":1,"column":16}},"loc":{"start":{"line":1,"column":9},"end":{"line":1,"column":36}}},"1":{"name":"(anonymous_1)","decl":{"start":{"line":2,"column":9},"end":{"line":2,"column":15}},"loc":{"start":{"line":2,"column":9},"end":{"line":2,"column":34}}},"2":{"name":"(anonymous_2)","decl":{"start":{"line":3,"column":9},"end":{"line":3,"column":20}},"loc":{"start":{"line":3,"column":9},"end":{"line":3,"column":44}}},"3":{"name":"(anonymous_3)","decl":{"start":{"line":4,"column":9},"end":{"line":4,"column":18}},"loc":{"start":{"line":4,"column":9},"end":{"line":4,"column":40}}},"4":{"name":"(anonymous_4)","decl":{"start":{"line":5,"column":9},"end":{"line":5,"column":18}},"loc":{"start":{"line":5,"column":9},"end":{"line":5,"column":40}}},"5":{"name":"(anonymous_5)","decl":{"start":{"line":6,"column":9},"end":{"line":6,"column":18}},"loc":{"start":{"line":6,"column":9},"end":{"line":6,"column":40}}},"6":{"name":"(anonymous_6)","decl":{"start":{"line":7,"column":9},"end":{"line":7,"column":16}},"loc":{"start":{"line":7,"column":9},"end":{"line":7,"column":36}}},"7":{"name":"(anonymous_7)","decl":{"start":{"line":8,"column":9},"end":{"line":8,"column":18}},"loc":{"start":{"line":8,"column":9},"end":{"line":8,"column":40}}},"8":{"name":"(anonymous_8)","decl":{"start":{"line":9,"column":9},"end":{"line":9,"column":16}},"loc":{"start":{"line":9,"column":9},"end":{"line":9,"column":18}}},"9":{"name":"(anonymous_9)","decl":{"start":{"line":9,"column":18},"end":{"line":9,"column":28}},"loc":{"start":{"line":9,"column":18},"end":{"line":9,"column":48}}},"10":{"name":"(anonymous_10)","decl":{"start":{"line":10,"column":9},"end":{"line":10,"column":20}},"loc":{"start":{"line":10,"column":9},"end":{"line":10,"column":22}}},"11":{"name":"(anonymous_11)","decl":{"start":{"line":10,"column":22},"end":{"line":10,"column":36}},"loc":{"start":{"line":10,"column":22},"end":{"line":10,"column":38}}},"12":{"name":"(anonymous_12)","decl":{"start":{"line":10,"column":38},"end":{"line":10,"column":42}},"loc":{"start":{"line":10,"column":38},"end":{"line":10,"column":66}}}},"branchMap":{},"s":{"0":0,"1":0,"2":0,"3":0,"4":0,"5":0,"6":0,"7":0,"8":0,"9":0,"10":0,"11":0,"12":0,"13":0,"14":0,"15":0,"16":0,"17":0,"18":0,"19":0,"20":0,"21":0,"22":0},"f":{"0":0,"1":0,"2":0,"3":0,"4":0,"5":0,"6":0,"7":0,"8":0,"9":0,"10":0,"11":0,"12":0},"b":{}}
}
