{"/media/hannesn/Hannes1/Code/DFrame/src/index.ts": {"path":"/media/hannesn/Hannes1/Code/DFrame/src/index.ts","statementMap":{"0":{"start":{"line":1,"column":0},"end":{"line":1,"column":108}},"1":{"start":{"line":2,"column":0},"end":{"line":2,"column":53}},"2":{"start":{"line":3,"column":0},"end":{"line":3,"column":32}},"3":{"start":{"line":6,"column":0},"end":{"line":337,"column":3}},"4":{"start":{"line":7,"column":24},"end":{"line":7,"column":55}},"5":{"start":{"line":8,"column":4},"end":{"line":11,"column":null}},"6":{"start":{"line":9,"column":8},"end":{"line":9,"column":48}},"7":{"start":{"line":10,"column":8},"end":{"line":10,"column":15}},"8":{"start":{"line":14,"column":23},"end":{"line":14,"column":40}},"9":{"start":{"line":15,"column":4},"end":{"line":15,"column":45}},"10":{"start":{"line":16,"column":4},"end":{"line":16,"column":43}},"11":{"start":{"line":17,"column":4},"end":{"line":27,"column":7}},"12":{"start":{"line":30,"column":23},"end":{"line":30,"column":50}},"13":{"start":{"line":31,"column":4},"end":{"line":31,"column":30}},"14":{"start":{"line":34,"column":23},"end":{"line":34,"column":59}},"15":{"start":{"line":35,"column":4},"end":{"line":40,"column":7}},"16":{"start":{"line":41,"column":4},"end":{"line":41,"column":37}},"17":{"start":{"line":44,"column":25},"end":{"line":44,"column":42}},"18":{"start":{"line":45,"column":4},"end":{"line":45,"column":39}},"19":{"start":{"line":48,"column":23},"end":{"line":48,"column":53}},"20":{"start":{"line":49,"column":4},"end":{"line":56,"column":7}},"21":{"start":{"line":59,"column":25},"end":{"line":59,"column":57}},"22":{"start":{"line":60,"column":4},"end":{"line":67,"column":7}},"23":{"start":{"line":70,"column":24},"end":{"line":70,"column":55}},"24":{"start":{"line":71,"column":4},"end":{"line":78,"column":7}},"25":{"start":{"line":81,"column":4},"end":{"line":81,"column":39}},"26":{"start":{"line":82,"column":4},"end":{"line":82,"column":57}},"27":{"start":{"line":83,"column":4},"end":{"line":83,"column":41}},"28":{"start":{"line":84,"column":4},"end":{"line":84,"column":57}},"29":{"start":{"line":85,"column":4},"end":{"line":85,"column":40}},"30":{"start":{"line":88,"column":4},"end":{"line":88,"column":53}},"31":{"start":{"line":91,"column":23},"end":{"line":91,"column":40}},"32":{"start":{"line":92,"column":4},"end":{"line":92,"column":37}},"33":{"start":{"line":95,"column":31},"end":{"line":95,"column":44}},"34":{"start":{"line":96,"column":28},"end":{"line":96,"column":63}},"35":{"start":{"line":97,"column":4},"end":{"line":97,"column":35}},"36":{"start":{"line":101,"column":23},"end":{"line":101,"column":54}},"37":{"start":{"line":102,"column":4},"end":{"line":102,"column":42}},"38":{"start":{"line":104,"column":18},"end":{"line":104,"column":33}},"39":{"start":{"line":105,"column":4},"end":{"line":105,"column":78}},"40":{"start":{"line":105,"column":57},"end":{"line":105,"column":76}},"41":{"start":{"line":106,"column":4},"end":{"line":106,"column":37}},"42":{"start":{"line":109,"column":26},"end":{"line":109,"column":51}},"43":{"start":{"line":110,"column":4},"end":{"line":110,"column":45}},"44":{"start":{"line":112,"column":21},"end":{"line":112,"column":36}},"45":{"start":{"line":113,"column":4},"end":{"line":113,"column":58}},"46":{"start":{"line":114,"column":4},"end":{"line":114,"column":40}},"47":{"start":{"line":117,"column":4},"end":{"line":117,"column":53}},"48":{"start":{"line":118,"column":4},"end":{"line":118,"column":45}},"49":{"start":{"line":119,"column":4},"end":{"line":119,"column":53}},"50":{"start":{"line":121,"column":4},"end":{"line":123,"column":7}},"51":{"start":{"line":126,"column":4},"end":{"line":126,"column":53}},"52":{"start":{"line":129,"column":26},"end":{"line":129,"column":46}},"53":{"start":{"line":130,"column":4},"end":{"line":130,"column":40}},"54":{"start":{"line":132,"column":21},"end":{"line":132,"column":36}},"55":{"start":{"line":133,"column":4},"end":{"line":133,"column":61}},"56":{"start":{"line":134,"column":4},"end":{"line":134,"column":35}},"57":{"start":{"line":137,"column":31},"end":{"line":137,"column":62}},"58":{"start":{"line":138,"column":4},"end":{"line":142,"column":7}},"59":{"start":{"line":143,"column":4},"end":{"line":143,"column":45}},"60":{"start":{"line":146,"column":32},"end":{"line":146,"column":49}},"61":{"start":{"line":147,"column":4},"end":{"line":147,"column":46}},"62":{"start":{"line":150,"column":34},"end":{"line":150,"column":70}},"63":{"start":{"line":151,"column":4},"end":{"line":159,"column":7}},"64":{"start":{"line":160,"column":4},"end":{"line":160,"column":57}},"65":{"start":{"line":162,"column":37},"end":{"line":162,"column":77}},"66":{"start":{"line":163,"column":4},"end":{"line":170,"column":7}},"67":{"start":{"line":171,"column":4},"end":{"line":171,"column":60}},"68":{"start":{"line":175,"column":24},"end":{"line":175,"column":37}},"69":{"start":{"line":176,"column":4},"end":{"line":176,"column":47}},"70":{"start":{"line":177,"column":30},"end":{"line":177,"column":58}},"71":{"start":{"line":179,"column":29},"end":{"line":179,"column":66}},"72":{"start":{"line":180,"column":4},"end":{"line":183,"column":7}},"73":{"start":{"line":184,"column":4},"end":{"line":184,"column":50}},"74":{"start":{"line":186,"column":31},"end":{"line":186,"column":113}},"75":{"start":{"line":187,"column":4},"end":{"line":191,"column":7}},"76":{"start":{"line":192,"column":4},"end":{"line":192,"column":52}},"77":{"start":{"line":195,"column":37},"end":{"line":195,"column":54}},"78":{"start":{"line":196,"column":4},"end":{"line":196,"column":58}},"79":{"start":{"line":198,"column":4},"end":{"line":198,"column":67}},"80":{"start":{"line":200,"column":25},"end":{"line":200,"column":50}},"81":{"start":{"line":201,"column":4},"end":{"line":209,"column":7}},"82":{"start":{"line":210,"column":4},"end":{"line":210,"column":53}},"83":{"start":{"line":212,"column":25},"end":{"line":212,"column":50}},"84":{"start":{"line":213,"column":4},"end":{"line":220,"column":7}},"85":{"start":{"line":221,"column":4},"end":{"line":221,"column":53}},"86":{"start":{"line":224,"column":4},"end":{"line":226,"column":7}},"87":{"start":{"line":225,"column":8},"end":{"line":225,"column":29}},"88":{"start":{"line":228,"column":4},"end":{"line":230,"column":7}},"89":{"start":{"line":229,"column":8},"end":{"line":229,"column":29}},"90":{"start":{"line":233,"column":27},"end":{"line":233,"column":40}},"91":{"start":{"line":234,"column":4},"end":{"line":234,"column":54}},"92":{"start":{"line":235,"column":33},"end":{"line":235,"column":64}},"93":{"start":{"line":237,"column":32},"end":{"line":237,"column":73}},"94":{"start":{"line":238,"column":4},"end":{"line":241,"column":7}},"95":{"start":{"line":242,"column":4},"end":{"line":242,"column":56}},"96":{"start":{"line":244,"column":34},"end":{"line":244,"column":118}},"97":{"start":{"line":245,"column":4},"end":{"line":249,"column":7}},"98":{"start":{"line":250,"column":4},"end":{"line":250,"column":58}},"99":{"start":{"line":253,"column":24},"end":{"line":253,"column":48}},"100":{"start":{"line":254,"column":4},"end":{"line":263,"column":7}},"101":{"start":{"line":264,"column":4},"end":{"line":264,"column":48}},"102":{"start":{"line":266,"column":4},"end":{"line":268,"column":7}},"103":{"start":{"line":267,"column":8},"end":{"line":267,"column":31}},"104":{"start":{"line":271,"column":4},"end":{"line":274,"column":7}},"105":{"start":{"line":272,"column":8},"end":{"line":272,"column":35}},"106":{"start":{"line":273,"column":8},"end":{"line":273,"column":27}},"107":{"start":{"line":276,"column":4},"end":{"line":279,"column":7}},"108":{"start":{"line":277,"column":8},"end":{"line":277,"column":39}},"109":{"start":{"line":278,"column":8},"end":{"line":278,"column":30}},"110":{"start":{"line":282,"column":4},"end":{"line":284,"column":7}},"111":{"start":{"line":283,"column":8},"end":{"line":283,"column":57}},"112":{"start":{"line":286,"column":4},"end":{"line":288,"column":7}},"113":{"start":{"line":287,"column":8},"end":{"line":287,"column":57}},"114":{"start":{"line":290,"column":4},"end":{"line":292,"column":7}},"115":{"start":{"line":291,"column":8},"end":{"line":291,"column":59}},"116":{"start":{"line":295,"column":4},"end":{"line":295,"column":53}},"117":{"start":{"line":298,"column":25},"end":{"line":298,"column":42}},"118":{"start":{"line":299,"column":4},"end":{"line":299,"column":39}},"119":{"start":{"line":301,"column":24},"end":{"line":301,"column":51}},"120":{"start":{"line":302,"column":4},"end":{"line":305,"column":7}},"121":{"start":{"line":307,"column":4},"end":{"line":307,"column":40}},"122":{"start":{"line":308,"column":4},"end":{"line":308,"column":55}},"123":{"start":{"line":311,"column":4},"end":{"line":313,"column":7}},"124":{"start":{"line":312,"column":8},"end":{"line":312,"column":52}},"125":{"start":{"line":315,"column":4},"end":{"line":317,"column":7}},"126":{"start":{"line":316,"column":8},"end":{"line":316,"column":54}},"127":{"start":{"line":319,"column":4},"end":{"line":321,"column":7}},"128":{"start":{"line":320,"column":8},"end":{"line":320,"column":53}},"129":{"start":{"line":323,"column":4},"end":{"line":325,"column":7}},"130":{"start":{"line":324,"column":8},"end":{"line":324,"column":60}},"131":{"start":{"line":327,"column":4},"end":{"line":329,"column":7}},"132":{"start":{"line":328,"column":8},"end":{"line":328,"column":53}},"133":{"start":{"line":331,"column":4},"end":{"line":333,"column":7}},"134":{"start":{"line":332,"column":8},"end":{"line":332,"column":57}},"135":{"start":{"line":336,"column":4},"end":{"line":336,"column":53}}},"fnMap":{"0":{"name":"(anonymous_0)","decl":{"start":{"line":6,"column":46},"end":{"line":6,"column":49}},"loc":{"start":{"line":6,"column":51},"end":{"line":337,"column":1}}},"1":{"name":"(anonymous_1)","decl":{"start":{"line":105,"column":49},"end":{"line":105,"column":53}},"loc":{"start":{"line":105,"column":57},"end":{"line":105,"column":76}}},"2":{"name":"(anonymous_2)","decl":{"start":{"line":224,"column":36},"end":{"line":224,"column":39}},"loc":{"start":{"line":224,"column":41},"end":{"line":226,"column":5}}},"3":{"name":"(anonymous_3)","decl":{"start":{"line":228,"column":36},"end":{"line":228,"column":39}},"loc":{"start":{"line":228,"column":41},"end":{"line":230,"column":5}}},"4":{"name":"(anonymous_4)","decl":{"start":{"line":266,"column":35},"end":{"line":266,"column":38}},"loc":{"start":{"line":266,"column":40},"end":{"line":268,"column":5}}},"5":{"name":"(anonymous_5)","decl":{"start":{"line":271,"column":45},"end":{"line":271,"column":48}},"loc":{"start":{"line":271,"column":50},"end":{"line":274,"column":5}}},"6":{"name":"(anonymous_6)","decl":{"start":{"line":276,"column":48},"end":{"line":276,"column":51}},"loc":{"start":{"line":276,"column":53},"end":{"line":279,"column":5}}},"7":{"name":"(anonymous_7)","decl":{"start":{"line":282,"column":36},"end":{"line":282,"column":39}},"loc":{"start":{"line":282,"column":41},"end":{"line":284,"column":5}}},"8":{"name":"(anonymous_8)","decl":{"start":{"line":286,"column":36},"end":{"line":286,"column":39}},"loc":{"start":{"line":286,"column":41},"end":{"line":288,"column":5}}},"9":{"name":"(anonymous_9)","decl":{"start":{"line":290,"column":37},"end":{"line":290,"column":40}},"loc":{"start":{"line":290,"column":42},"end":{"line":292,"column":5}}},"10":{"name":"(anonymous_10)","decl":{"start":{"line":311,"column":34},"end":{"line":311,"column":37}},"loc":{"start":{"line":311,"column":39},"end":{"line":313,"column":5}}},"11":{"name":"(anonymous_11)","decl":{"start":{"line":315,"column":36},"end":{"line":315,"column":39}},"loc":{"start":{"line":315,"column":41},"end":{"line":317,"column":5}}},"12":{"name":"(anonymous_12)","decl":{"start":{"line":319,"column":35},"end":{"line":319,"column":38}},"loc":{"start":{"line":319,"column":40},"end":{"line":321,"column":5}}},"13":{"name":"(anonymous_13)","decl":{"start":{"line":323,"column":41},"end":{"line":323,"column":42}},"loc":{"start":{"line":323,"column":59},"end":{"line":325,"column":5}}},"14":{"name":"(anonymous_14)","decl":{"start":{"line":327,"column":36},"end":{"line":327,"column":37}},"loc":{"start":{"line":327,"column":53},"end":{"line":329,"column":5}}},"15":{"name":"(anonymous_15)","decl":{"start":{"line":331,"column":36},"end":{"line":331,"column":39}},"loc":{"start":{"line":331,"column":41},"end":{"line":333,"column":5}}}},"branchMap":{"0":{"loc":{"start":{"line":8,"column":4},"end":{"line":11,"column":null}},"type":"if","locations":[{"start":{"line":8,"column":4},"end":{"line":11,"column":null}}]}},"s":{"0":0,"1":0,"2":0,"3":0,"4":0,"5":0,"6":0,"7":0,"8":0,"9":0,"10":0,"11":0,"12":0,"13":0,"14":0,"15":0,"16":0,"17":0,"18":0,"19":0,"20":0,"21":0,"22":0,"23":0,"24":0,"25":0,"26":0,"27":0,"28":0,"29":0,"30":0,"31":0,"32":0,"33":0,"34":0,"35":0,"36":0,"37":0,"38":0,"39":0,"40":0,"41":0,"42":0,"43":0,"44":0,"45":0,"46":0,"47":0,"48":0,"49":0,"50":0,"51":0,"52":0,"53":0,"54":0,"55":0,"56":0,"57":0,"58":0,"59":0,"60":0,"61":0,"62":0,"63":0,"64":0,"65":0,"66":0,"67":0,"68":0,"69":0,"70":0,"71":0,"72":0,"73":0,"74":0,"75":0,"76":0,"77":0,"78":0,"79":0,"80":0,"81":0,"82":0,"83":0,"84":0,"85":0,"86":0,"87":0,"88":0,"89":0,"90":0,"91":0,"92":0,"93":0,"94":0,"95":0,"96":0,"97":0,"98":0,"99":0,"100":0,"101":0,"102":0,"103":0,"104":0,"105":0,"106":0,"107":0,"108":0,"109":0,"110":0,"111":0,"112":0,"113":0,"114":0,"115":0,"116":0,"117":0,"118":0,"119":0,"120":0,"121":0,"122":0,"123":0,"124":0,"125":0,"126":0,"127":0,"128":0,"129":0,"130":0,"131":0,"132":0,"133":0,"134":0,"135":0},"f":{"0":0,"1":0,"2":0,"3":0,"4":0,"5":0,"6":0,"7":0,"8":0,"9":0,"10":0,"11":0,"12":0,"13":0,"14":0,"15":0},"b":{"0":[0]}}
,"/media/hannesn/Hannes1/Code/DFrame/src/core/QObject.ts": {"path":"/media/hannesn/Hannes1/Code/DFrame/src/core/QObject.ts","statementMap":{"0":{"start":{"line":1,"column":0},"end":{"line":1,"column":26}},"1":{"start":{"line":7,"column":12},"end":{"line":7,"column":61}},"2":{"start":{"line":8,"column":14},"end":{"line":8,"column":44}},"3":{"start":{"line":9,"column":12},"end":{"line":9,"column":47}},"4":{"start":{"line":10,"column":12},"end":{"line":10,"column":37}},"5":{"start":{"line":11,"column":12},"end":{"line":11,"column":39}},"6":{"start":{"line":14,"column":8},"end":{"line":16,"column":null}},"7":{"start":{"line":15,"column":12},"end":{"line":15,"column":35}},"8":{"start":{"line":20,"column":8},"end":{"line":20,"column":32}},"9":{"start":{"line":24,"column":8},"end":{"line":24,"column":32}},"10":{"start":{"line":28,"column":8},"end":{"line":28,"column":44}},"11":{"start":{"line":28,"column":25},"end":{"line":28,"column":39}},"12":{"start":{"line":32,"column":8},"end":{"line":32,"column":30}},"13":{"start":{"line":36,"column":8},"end":{"line":36,"column":35}},"14":{"start":{"line":36,"column":28},"end":{"line":36,"column":35}},"15":{"start":{"line":38,"column":8},"end":{"line":38,"column":37}},"16":{"start":{"line":39,"column":8},"end":{"line":39,"column":56}},"17":{"start":{"line":39,"column":39},"end":{"line":39,"column":54}},"18":{"start":{"line":40,"column":8},"end":{"line":40,"column":29}},"19":{"start":{"line":41,"column":8},"end":{"line":41,"column":29}},"20":{"start":{"line":42,"column":8},"end":{"line":42,"column":30}},"21":{"start":{"line":46,"column":8},"end":{"line":46,"column":35}},"22":{"start":{"line":46,"column":28},"end":{"line":46,"column":35}},"23":{"start":{"line":47,"column":8},"end":{"line":49,"column":null}},"24":{"start":{"line":48,"column":12},"end":{"line":48,"column":48}},"25":{"start":{"line":50,"column":8},"end":{"line":50,"column":44}},"26":{"start":{"line":54,"column":8},"end":{"line":56,"column":null}},"27":{"start":{"line":55,"column":12},"end":{"line":55,"column":51}},"28":{"start":{"line":60,"column":8},"end":{"line":62,"column":null}},"29":{"start":{"line":61,"column":12},"end":{"line":61,"column":69}},"30":{"start":{"line":61,"column":54},"end":{"line":61,"column":67}},"31":{"start":{"line":66,"column":8},"end":{"line":68,"column":null}},"32":{"start":{"line":67,"column":12},"end":{"line":67,"column":47}},"33":{"start":{"line":69,"column":8},"end":{"line":69,"column":29}},"34":{"start":{"line":70,"column":8},"end":{"line":72,"column":null}},"35":{"start":{"line":71,"column":12},"end":{"line":71,"column":38}},"36":{"start":{"line":76,"column":8},"end":{"line":76,"column":27}},"37":{"start":{"line":80,"column":8},"end":{"line":80,"column":41}},"38":{"start":{"line":84,"column":8},"end":{"line":84,"column":87}},"39":{"start":{"line":84,"column":57},"end":{"line":84,"column":78}},"40":{"start":{"line":88,"column":8},"end":{"line":91,"column":null}},"41":{"start":{"line":89,"column":12},"end":{"line":89,"column":40}},"42":{"start":{"line":90,"column":12},"end":{"line":90,"column":34}},"43":{"start":{"line":95,"column":8},"end":{"line":99,"column":null}},"44":{"start":{"line":96,"column":12},"end":{"line":98,"column":null}},"45":{"start":{"line":97,"column":16},"end":{"line":97,"column":34}},"46":{"start":{"line":100,"column":8},"end":{"line":100,"column":20}},"47":{"start":{"line":6,"column":0},"end":{"line":6,"column":13}}},"fnMap":{"0":{"name":"(anonymous_0)","decl":{"start":{"line":13,"column":4},"end":{"line":13,"column":16}},"loc":{"start":{"line":13,"column":45},"end":{"line":17,"column":5}}},"1":{"name":"(anonymous_1)","decl":{"start":{"line":19,"column":4},"end":{"line":19,"column":17}},"loc":{"start":{"line":19,"column":30},"end":{"line":21,"column":5}}},"2":{"name":"(anonymous_2)","decl":{"start":{"line":23,"column":4},"end":{"line":23,"column":14}},"loc":{"start":{"line":23,"column":14},"end":{"line":25,"column":5}}},"3":{"name":"(anonymous_3)","decl":{"start":{"line":27,"column":4},"end":{"line":27,"column":15}},"loc":{"start":{"line":27,"column":15},"end":{"line":29,"column":5}}},"4":{"name":"(anonymous_4)","decl":{"start":{"line":28,"column":19},"end":{"line":28,"column":22}},"loc":{"start":{"line":28,"column":25},"end":{"line":28,"column":39}}},"5":{"name":"(anonymous_5)","decl":{"start":{"line":31,"column":4},"end":{"line":31,"column":15}},"loc":{"start":{"line":31,"column":15},"end":{"line":33,"column":5}}},"6":{"name":"(anonymous_6)","decl":{"start":{"line":35,"column":12},"end":{"line":35,"column":19}},"loc":{"start":{"line":35,"column":19},"end":{"line":43,"column":5}}},"7":{"name":"(anonymous_7)","decl":{"start":{"line":39,"column":30},"end":{"line":39,"column":35}},"loc":{"start":{"line":39,"column":39},"end":{"line":39,"column":54}}},"8":{"name":"(anonymous_8)","decl":{"start":{"line":45,"column":4},"end":{"line":45,"column":11}},"loc":{"start":{"line":45,"column":95},"end":{"line":51,"column":5}}},"9":{"name":"(anonymous_9)","decl":{"start":{"line":53,"column":4},"end":{"line":53,"column":14}},"loc":{"start":{"line":53,"column":47},"end":{"line":57,"column":5}}},"10":{"name":"(anonymous_10)","decl":{"start":{"line":59,"column":4},"end":{"line":59,"column":8}},"loc":{"start":{"line":59,"column":38},"end":{"line":63,"column":5}}},"11":{"name":"(anonymous_11)","decl":{"start":{"line":61,"column":46},"end":{"line":61,"column":50}},"loc":{"start":{"line":61,"column":54},"end":{"line":61,"column":67}}},"12":{"name":"(anonymous_12)","decl":{"start":{"line":65,"column":4},"end":{"line":65,"column":13}},"loc":{"start":{"line":65,"column":36},"end":{"line":73,"column":5}}},"13":{"name":"(anonymous_13)","decl":{"start":{"line":75,"column":4},"end":{"line":75,"column":13}},"loc":{"start":{"line":75,"column":13},"end":{"line":77,"column":5}}},"14":{"name":"(anonymous_14)","decl":{"start":{"line":79,"column":4},"end":{"line":79,"column":15}},"loc":{"start":{"line":79,"column":15},"end":{"line":81,"column":5}}},"15":{"name":"(anonymous_15)","decl":{"start":{"line":83,"column":4},"end":{"line":83,"column":16}},"loc":{"start":{"line":83,"column":67},"end":{"line":85,"column":5}}},"16":{"name":"(anonymous_16)","decl":{"start":{"line":84,"column":48},"end":{"line":84,"column":53}},"loc":{"start":{"line":84,"column":57},"end":{"line":84,"column":78}}},"17":{"name":"(anonymous_17)","decl":{"start":{"line":87,"column":4},"end":{"line":87,"column":15}},"loc":{"start":{"line":87,"column":30},"end":{"line":92,"column":5}}},"18":{"name":"(anonymous_18)","decl":{"start":{"line":94,"column":4},"end":{"line":94,"column":13}},"loc":{"start":{"line":94,"column":45},"end":{"line":101,"column":5}}}},"branchMap":{"0":{"loc":{"start":{"line":13,"column":16},"end":{"line":13,"column":45}},"type":"default-arg","locations":[{"start":{"line":13,"column":41},"end":{"line":13,"column":45}}]},"1":{"loc":{"start":{"line":14,"column":8},"end":{"line":16,"column":null}},"type":"if","locations":[{"start":{"line":14,"column":8},"end":{"line":16,"column":null}}]},"2":{"loc":{"start":{"line":36,"column":8},"end":{"line":36,"column":35}},"type":"if","locations":[{"start":{"line":36,"column":8},"end":{"line":36,"column":35}}]},"3":{"loc":{"start":{"line":45,"column":46},"end":{"line":45,"column":95}},"type":"default-arg","locations":[{"start":{"line":45,"column":63},"end":{"line":45,"column":95}}]},"4":{"loc":{"start":{"line":46,"column":8},"end":{"line":46,"column":35}},"type":"if","locations":[{"start":{"line":46,"column":8},"end":{"line":46,"column":35}}]},"5":{"loc":{"start":{"line":47,"column":8},"end":{"line":49,"column":null}},"type":"if","locations":[{"start":{"line":47,"column":8},"end":{"line":49,"column":null}}]},"6":{"loc":{"start":{"line":54,"column":8},"end":{"line":56,"column":null}},"type":"if","locations":[{"start":{"line":54,"column":8},"end":{"line":56,"column":null}}]},"7":{"loc":{"start":{"line":60,"column":8},"end":{"line":62,"column":null}},"type":"if","locations":[{"start":{"line":60,"column":8},"end":{"line":62,"column":null}}]},"8":{"loc":{"start":{"line":66,"column":8},"end":{"line":68,"column":null}},"type":"if","locations":[{"start":{"line":66,"column":8},"end":{"line":68,"column":null}}]},"9":{"loc":{"start":{"line":67,"column":12},"end":{"line":67,"column":46}},"type":"cond-expr","locations":[{"start":{"line":67,"column":32},"end":{"line":67,"column":34}},{"start":{"line":67,"column":32},"end":{"line":67,"column":46}}]},"10":{"loc":{"start":{"line":67,"column":12},"end":{"line":67,"column":34}},"type":"binary-expr","locations":[{"start":{"line":67,"column":12},"end":{"line":67,"column":34}},{"start":{"line":67,"column":32},"end":{"line":67,"column":34}}]},"11":{"loc":{"start":{"line":70,"column":8},"end":{"line":72,"column":null}},"type":"if","locations":[{"start":{"line":70,"column":8},"end":{"line":72,"column":null}}]},"12":{"loc":{"start":{"line":70,"column":12},"end":{"line":70,"column":37}},"type":"binary-expr","locations":[{"start":{"line":70,"column":12},"end":{"line":70,"column":18}},{"start":{"line":70,"column":22},"end":{"line":70,"column":37}}]},"13":{"loc":{"start":{"line":88,"column":8},"end":{"line":91,"column":null}},"type":"if","locations":[{"start":{"line":88,"column":8},"end":{"line":91,"column":null}}]},"14":{"loc":{"start":{"line":96,"column":12},"end":{"line":98,"column":null}},"type":"if","locations":[{"start":{"line":96,"column":12},"end":{"line":98,"column":null}}]}},"s":{"0":15,"1":101,"2":101,"3":101,"4":101,"5":101,"6":101,"7":2,"8":1,"9":1,"10":0,"11":0,"12":0,"13":0,"14":0,"15":0,"16":0,"17":0,"18":0,"19":0,"20":0,"21":20,"22":0,"23":20,"24":20,"25":20,"26":1,"27":1,"28":58,"29":19,"30":18,"31":2,"32":0,"33":2,"34":2,"35":2,"36":1,"37":1,"38":0,"39":0,"40":0,"41":0,"42":0,"43":0,"44":0,"45":0,"46":0,"47":15},"f":{"0":101,"1":1,"2":1,"3":0,"4":0,"5":0,"6":0,"7":0,"8":20,"9":1,"10":58,"11":18,"12":2,"13":1,"14":1,"15":0,"16":0,"17":0,"18":0},"b":{"0":[37],"1":[2],"2":[0],"3":[20],"4":[0],"5":[20],"6":[1],"7":[19],"8":[0],"9":[0,0],"10":[0,0],"11":[2],"12":[2,2],"13":[0],"14":[0]}}
,"/media/hannesn/Hannes1/Code/DFrame/src/core/QReactiveProperty.ts": {"path":"/media/hannesn/Hannes1/Code/DFrame/src/core/QReactiveProperty.ts","statementMap":{"0":{"start":{"line":1,"column":0},"end":{"line":1,"column":36}},"1":{"start":{"line":7,"column":8},"end":{"line":7,"column":22}},"2":{"start":{"line":8,"column":8},"end":{"line":8,"column":35}},"3":{"start":{"line":12,"column":8},"end":{"line":12,"column":27}},"4":{"start":{"line":16,"column":8},"end":{"line":20,"column":null}},"5":{"start":{"line":17,"column":29},"end":{"line":17,"column":40}},"6":{"start":{"line":18,"column":12},"end":{"line":18,"column":35}},"7":{"start":{"line":19,"column":12},"end":{"line":19,"column":57}},"8":{"start":{"line":24,"column":8},"end":{"line":26,"column":11}},"9":{"start":{"line":25,"column":12},"end":{"line":25,"column":41}},"10":{"start":{"line":30,"column":23},"end":{"line":30,"column":74}},"11":{"start":{"line":31,"column":8},"end":{"line":33,"column":11}},"12":{"start":{"line":32,"column":12},"end":{"line":32,"column":51}},"13":{"start":{"line":34,"column":8},"end":{"line":34,"column":22}},"14":{"start":{"line":3,"column":0},"end":{"line":3,"column":13}}},"fnMap":{"0":{"name":"(anonymous_0)","decl":{"start":{"line":6,"column":4},"end":{"line":6,"column":16}},"loc":{"start":{"line":6,"column":49},"end":{"line":9,"column":5}}},"1":{"name":"(anonymous_1)","decl":{"start":{"line":11,"column":4},"end":{"line":11,"column":8}},"loc":{"start":{"line":11,"column":13},"end":{"line":13,"column":5}}},"2":{"name":"(anonymous_2)","decl":{"start":{"line":15,"column":4},"end":{"line":15,"column":8}},"loc":{"start":{"line":15,"column":25},"end":{"line":21,"column":5}}},"3":{"name":"(anonymous_3)","decl":{"start":{"line":23,"column":4},"end":{"line":23,"column":8}},"loc":{"start":{"line":23,"column":37},"end":{"line":27,"column":5}}},"4":{"name":"(anonymous_4)","decl":{"start":{"line":24,"column":34},"end":{"line":24,"column":35}},"loc":{"start":{"line":24,"column":50},"end":{"line":26,"column":9}}},"5":{"name":"(anonymous_5)","decl":{"start":{"line":29,"column":4},"end":{"line":29,"column":7}},"loc":{"start":{"line":29,"column":34},"end":{"line":35,"column":5}}},"6":{"name":"(anonymous_6)","decl":{"start":{"line":31,"column":32},"end":{"line":31,"column":33}},"loc":{"start":{"line":31,"column":48},"end":{"line":33,"column":9}}}},"branchMap":{"0":{"loc":{"start":{"line":16,"column":8},"end":{"line":20,"column":null}},"type":"if","locations":[{"start":{"line":16,"column":8},"end":{"line":20,"column":null}}]}},"s":{"0":1,"1":7,"2":7,"3":4,"4":6,"5":5,"6":5,"7":5,"8":1,"9":1,"10":1,"11":1,"12":1,"13":1,"14":1},"f":{"0":7,"1":4,"2":6,"3":1,"4":1,"5":1,"6":1},"b":{"0":[5]}}
,"/media/hannesn/Hannes1/Code/DFrame/src/core/QState.ts": {"path":"/media/hannesn/Hannes1/Code/DFrame/src/core/QState.ts","statementMap":{"0":{"start":{"line":1,"column":0},"end":{"line":1,"column":36}},"1":{"start":{"line":11,"column":8},"end":{"line":11,"column":22}},"2":{"start":{"line":4,"column":12},"end":{"line":4,"column":37}},"3":{"start":{"line":5,"column":12},"end":{"line":5,"column":40}},"4":{"start":{"line":6,"column":12},"end":{"line":6,"column":45}},"5":{"start":{"line":7,"column":12},"end":{"line":7,"column":47}},"6":{"start":{"line":8,"column":12},"end":{"line":8,"column":46}},"7":{"start":{"line":15,"column":8},"end":{"line":15,"column":38}},"8":{"start":{"line":19,"column":8},"end":{"line":19,"column":43}},"9":{"start":{"line":23,"column":8},"end":{"line":23,"column":46}},"10":{"start":{"line":27,"column":8},"end":{"line":27,"column":45}},"11":{"start":{"line":31,"column":8},"end":{"line":41,"column":null}},"12":{"start":{"line":32,"column":12},"end":{"line":32,"column":34}},"13":{"start":{"line":34,"column":12},"end":{"line":40,"column":null}},"14":{"start":{"line":35,"column":16},"end":{"line":35,"column":59}},"15":{"start":{"line":35,"column":53},"end":{"line":35,"column":57}},"16":{"start":{"line":36,"column":16},"end":{"line":36,"column":43}},"17":{"start":{"line":38,"column":16},"end":{"line":38,"column":58}},"18":{"start":{"line":38,"column":52},"end":{"line":38,"column":56}},"19":{"start":{"line":39,"column":16},"end":{"line":39,"column":42}},"20":{"start":{"line":45,"column":8},"end":{"line":45,"column":28}},"21":{"start":{"line":3,"column":0},"end":{"line":3,"column":13}},"22":{"start":{"line":56,"column":8},"end":{"line":56,"column":16}},"23":{"start":{"line":53,"column":12},"end":{"line":53,"column":50}},"24":{"start":{"line":57,"column":8},"end":{"line":57,"column":40}},"25":{"start":{"line":58,"column":8},"end":{"line":58,"column":30}},"26":{"start":{"line":59,"column":8},"end":{"line":59,"column":40}},"27":{"start":{"line":61,"column":8},"end":{"line":66,"column":11}},"28":{"start":{"line":62,"column":12},"end":{"line":65,"column":null}},"29":{"start":{"line":63,"column":16},"end":{"line":63,"column":51}},"30":{"start":{"line":64,"column":16},"end":{"line":64,"column":50}},"31":{"start":{"line":70,"column":8},"end":{"line":70,"column":28}},"32":{"start":{"line":49,"column":0},"end":{"line":49,"column":13}}},"fnMap":{"0":{"name":"(anonymous_0)","decl":{"start":{"line":10,"column":4},"end":{"line":10,"column":16}},"loc":{"start":{"line":10,"column":32},"end":{"line":12,"column":5}}},"1":{"name":"(anonymous_1)","decl":{"start":{"line":14,"column":4},"end":{"line":14,"column":17}},"loc":{"start":{"line":14,"column":31},"end":{"line":16,"column":5}}},"2":{"name":"(anonymous_2)","decl":{"start":{"line":18,"column":4},"end":{"line":18,"column":17}},"loc":{"start":{"line":18,"column":41},"end":{"line":20,"column":5}}},"3":{"name":"(anonymous_3)","decl":{"start":{"line":22,"column":4},"end":{"line":22,"column":11}},"loc":{"start":{"line":22,"column":30},"end":{"line":24,"column":5}}},"4":{"name":"(anonymous_4)","decl":{"start":{"line":26,"column":4},"end":{"line":26,"column":10}},"loc":{"start":{"line":26,"column":29},"end":{"line":28,"column":5}}},"5":{"name":"(anonymous_5)","decl":{"start":{"line":30,"column":4},"end":{"line":30,"column":13}},"loc":{"start":{"line":30,"column":29},"end":{"line":42,"column":5}}},"6":{"name":"(anonymous_6)","decl":{"start":{"line":35,"column":47},"end":{"line":35,"column":49}},"loc":{"start":{"line":35,"column":53},"end":{"line":35,"column":57}}},"7":{"name":"(anonymous_7)","decl":{"start":{"line":38,"column":46},"end":{"line":38,"column":48}},"loc":{"start":{"line":38,"column":52},"end":{"line":38,"column":56}}},"8":{"name":"(anonymous_8)","decl":{"start":{"line":44,"column":4},"end":{"line":44,"column":12}},"loc":{"start":{"line":44,"column":12},"end":{"line":46,"column":5}}},"9":{"name":"(anonymous_9)","decl":{"start":{"line":55,"column":4},"end":{"line":55,"column":16}},"loc":{"start":{"line":55,"column":72},"end":{"line":67,"column":5}}},"10":{"name":"(anonymous_10)","decl":{"start":{"line":61,"column":36},"end":{"line":61,"column":39}},"loc":{"start":{"line":61,"column":41},"end":{"line":66,"column":9}}},"11":{"name":"(anonymous_11)","decl":{"start":{"line":69,"column":4},"end":{"line":69,"column":12}},"loc":{"start":{"line":69,"column":33},"end":{"line":71,"column":5}}}},"branchMap":{"0":{"loc":{"start":{"line":31,"column":8},"end":{"line":41,"column":null}},"type":"if","locations":[{"start":{"line":31,"column":8},"end":{"line":41,"column":null}}]},"1":{"loc":{"start":{"line":34,"column":12},"end":{"line":40,"column":null}},"type":"if","locations":[{"start":{"line":34,"column":12},"end":{"line":40,"column":null}},{"start":{"line":37,"column":19},"end":{"line":40,"column":null}}]},"2":{"loc":{"start":{"line":62,"column":12},"end":{"line":65,"column":null}},"type":"if","locations":[{"start":{"line":62,"column":12},"end":{"line":65,"column":null}}]},"3":{"loc":{"start":{"line":62,"column":16},"end":{"line":62,"column":45}},"type":"binary-expr","locations":[{"start":{"line":62,"column":16},"end":{"line":62,"column":28}},{"start":{"line":62,"column":32},"end":{"line":62,"column":45}}]}},"s":{"0":1,"1":12,"2":12,"3":12,"4":12,"5":12,"6":12,"7":0,"8":0,"9":1,"10":1,"11":15,"12":15,"13":15,"14":10,"15":1,"16":10,"17":5,"18":1,"19":5,"20":9,"21":1,"22":3,"23":3,"24":3,"25":3,"26":3,"27":3,"28":3,"29":2,"30":2,"31":2,"32":1},"f":{"0":12,"1":0,"2":0,"3":1,"4":1,"5":15,"6":1,"7":1,"8":9,"9":3,"10":3,"11":2},"b":{"0":[15],"1":[10,5],"2":[2],"3":[3,2]}}
,"/media/hannesn/Hannes1/Code/DFrame/src/core/QStyle.ts": {"path":"/media/hannesn/Hannes1/Code/DFrame/src/core/QStyle.ts","statementMap":{"0":{"start":{"line":1,"column":0},"end":{"line":1,"column":36}},"1":{"start":{"line":14,"column":8},"end":{"line":14,"column":27}},"2":{"start":{"line":15,"column":8},"end":{"line":15,"column":29}},"3":{"start":{"line":9,"column":0},"end":{"line":9,"column":13}},"4":{"start":{"line":30,"column":8},"end":{"line":30,"column":45}},"5":{"start":{"line":39,"column":8},"end":{"line":39,"column":38}},"6":{"start":{"line":20,"column":0},"end":{"line":20,"column":13}},"7":{"start":{"line":22,"column":20},"end":{"line":22,"column":46}},"8":{"start":{"line":109,"column":19},"end":{"line":109,"column":67}},"9":{"start":{"line":111,"column":8},"end":{"line":164,"column":null}},"10":{"start":{"line":113,"column":16},"end":{"line":121,"column":19}},"11":{"start":{"line":122,"column":16},"end":{"line":122,"column":22}},"12":{"start":{"line":124,"column":16},"end":{"line":131,"column":19}},"13":{"start":{"line":132,"column":16},"end":{"line":132,"column":22}},"14":{"start":{"line":134,"column":16},"end":{"line":139,"column":19}},"15":{"start":{"line":140,"column":16},"end":{"line":140,"column":22}},"16":{"start":{"line":142,"column":16},"end":{"line":152,"column":19}},"17":{"start":{"line":153,"column":16},"end":{"line":153,"column":22}},"18":{"start":{"line":155,"column":16},"end":{"line":162,"column":19}},"19":{"start":{"line":163,"column":16},"end":{"line":163,"column":22}},"20":{"start":{"line":166,"column":8},"end":{"line":166,"column":40}},"21":{"start":{"line":171,"column":8},"end":{"line":179,"column":null}},"22":{"start":{"line":172,"column":12},"end":{"line":178,"column":null}},"23":{"start":{"line":173,"column":16},"end":{"line":177,"column":null}},"24":{"start":{"line":174,"column":20},"end":{"line":174,"column":71}},"25":{"start":{"line":176,"column":20},"end":{"line":176,"column":69}},"26":{"start":{"line":182,"column":8},"end":{"line":190,"column":null}},"27":{"start":{"line":183,"column":12},"end":{"line":189,"column":null}},"28":{"start":{"line":184,"column":16},"end":{"line":188,"column":null}},"29":{"start":{"line":185,"column":20},"end":{"line":185,"column":71}},"30":{"start":{"line":187,"column":20},"end":{"line":187,"column":69}},"31":{"start":{"line":192,"column":8},"end":{"line":192,"column":23}},"32":{"start":{"line":200,"column":30},"end":{"line":206,"column":10}},"33":{"start":{"line":208,"column":8},"end":{"line":208,"column":48}},"34":{"start":{"line":221,"column":8},"end":{"line":221,"column":20}},"35":{"start":{"line":71,"column":0},"end":{"line":71,"column":13}},"36":{"start":{"line":73,"column":19},"end":{"line":77,"column":6}},"37":{"start":{"line":79,"column":11},"end":{"line":84,"column":6}},"38":{"start":{"line":86,"column":11},"end":{"line":95,"column":6}},"39":{"start":{"line":97,"column":11},"end":{"line":106,"column":6}},"40":{"start":{"line":228,"column":15},"end":{"line":228,"column":24}},"41":{"start":{"line":229,"column":15},"end":{"line":229,"column":24}},"42":{"start":{"line":230,"column":15},"end":{"line":230,"column":28}},"43":{"start":{"line":231,"column":15},"end":{"line":231,"column":29}},"44":{"start":{"line":226,"column":0},"end":{"line":226,"column":13}},"45":{"start":{"line":235,"column":0},"end":{"line":235,"column":null}},"46":{"start":{"line":236,"column":4},"end":{"line":236,"column":null}},"47":{"start":{"line":237,"column":8},"end":{"line":237,"column":null}},"48":{"start":{"line":238,"column":8},"end":{"line":238,"column":null}},"49":{"start":{"line":239,"column":8},"end":{"line":239,"column":null}}},"fnMap":{"0":{"name":"(anonymous_0)","decl":{"start":{"line":13,"column":4},"end":{"line":13,"column":16}},"loc":{"start":{"line":13,"column":45},"end":{"line":16,"column":5}}},"1":{"name":"(anonymous_1)","decl":{"start":{"line":29,"column":4},"end":{"line":29,"column":10}},"loc":{"start":{"line":29,"column":28},"end":{"line":31,"column":5}}},"2":{"name":"(anonymous_2)","decl":{"start":{"line":38,"column":4},"end":{"line":38,"column":10}},"loc":{"start":{"line":38,"column":27},"end":{"line":40,"column":5}}},"3":{"name":"(anonymous_3)","decl":{"start":{"line":108,"column":4},"end":{"line":108,"column":10}},"loc":{"start":{"line":108,"column":97},"end":{"line":167,"column":5}}},"4":{"name":"(anonymous_4)","decl":{"start":{"line":169,"column":4},"end":{"line":169,"column":10}},"loc":{"start":{"line":169,"column":67},"end":{"line":193,"column":5}}},"5":{"name":"(anonymous_5)","decl":{"start":{"line":198,"column":12},"end":{"line":198,"column":18}},"loc":{"start":{"line":198,"column":48},"end":{"line":209,"column":5}}},"6":{"name":"(anonymous_6)","decl":{"start":{"line":211,"column":4},"end":{"line":211,"column":10}},"loc":{"start":{"line":211,"column":37},"end":{"line":213,"column":5}}},"7":{"name":"(anonymous_7)","decl":{"start":{"line":215,"column":4},"end":{"line":215,"column":10}},"loc":{"start":{"line":215,"column":39},"end":{"line":217,"column":5}}},"8":{"name":"(anonymous_8)","decl":{"start":{"line":219,"column":4},"end":{"line":219,"column":10}},"loc":{"start":{"line":219,"column":64},"end":{"line":222,"column":5}}},"9":{"name":"(anonymous_9)","decl":{"start":{"line":227,"column":4},"end":{"line":227,"column":null}},"loc":{"start":{"line":231,"column":29},"end":{"line":232,"column":8}}},"10":{"name":"(anonymous_10)","decl":{"start":{"line":235,"column":0},"end":{"line":235,"column":17}},"loc":{"start":{"line":235,"column":19},"end":{"line":241,"column":1}}},"11":{"name":"(anonymous_11)","decl":{"start":{"line":236,"column":4},"end":{"line":236,"column":16}},"loc":{"start":{"line":236,"column":31},"end":{"line":240,"column":5}}}},"branchMap":{"0":{"loc":{"start":{"line":108,"column":61},"end":{"line":108,"column":97}},"type":"default-arg","locations":[{"start":{"line":108,"column":95},"end":{"line":108,"column":97}}]},"1":{"loc":{"start":{"line":111,"column":8},"end":{"line":164,"column":null}},"type":"switch","locations":[{"start":{"line":112,"column":12},"end":{"line":122,"column":22}},{"start":{"line":123,"column":12},"end":{"line":132,"column":22}},{"start":{"line":133,"column":12},"end":{"line":140,"column":22}},{"start":{"line":141,"column":12},"end":{"line":153,"column":22}},{"start":{"line":154,"column":12},"end":{"line":163,"column":22}}]},"2":{"loc":{"start":{"line":118,"column":27},"end":{"line":118,"column":78}},"type":"cond-expr","locations":[{"start":{"line":118,"column":46},"end":{"line":118,"column":69}},{"start":{"line":118,"column":72},"end":{"line":118,"column":78}}]},"3":{"loc":{"start":{"line":119,"column":28},"end":{"line":119,"column":81}},"type":"cond-expr","locations":[{"start":{"line":119,"column":48},"end":{"line":119,"column":72}},{"start":{"line":119,"column":75},"end":{"line":119,"column":81}}]},"4":{"loc":{"start":{"line":120,"column":37},"end":{"line":120,"column":66}},"type":"binary-expr","locations":[{"start":{"line":120,"column":37},"end":{"line":120,"column":53}},{"start":{"line":120,"column":57},"end":{"line":120,"column":66}}]},"5":{"loc":{"start":{"line":127,"column":28},"end":{"line":127,"column":52}},"type":"binary-expr","locations":[{"start":{"line":127,"column":28},"end":{"line":127,"column":46}},{"start":{"line":127,"column":50},"end":{"line":127,"column":52}}]},"6":{"loc":{"start":{"line":172,"column":12},"end":{"line":178,"column":null}},"type":"if","locations":[{"start":{"line":172,"column":12},"end":{"line":178,"column":null}}]},"7":{"loc":{"start":{"line":173,"column":16},"end":{"line":177,"column":null}},"type":"if","locations":[{"start":{"line":173,"column":16},"end":{"line":177,"column":null}},{"start":{"line":175,"column":23},"end":{"line":177,"column":null}}]},"8":{"loc":{"start":{"line":173,"column":20},"end":{"line":173,"column":78}},"type":"binary-expr","locations":[{"start":{"line":173,"column":20},"end":{"line":173,"column":45}},{"start":{"line":173,"column":49},"end":{"line":173,"column":78}}]},"9":{"loc":{"start":{"line":183,"column":12},"end":{"line":189,"column":null}},"type":"if","locations":[{"start":{"line":183,"column":12},"end":{"line":189,"column":null}}]},"10":{"loc":{"start":{"line":184,"column":16},"end":{"line":188,"column":null}},"type":"if","locations":[{"start":{"line":184,"column":16},"end":{"line":188,"column":null}},{"start":{"line":186,"column":23},"end":{"line":188,"column":null}}]},"11":{"loc":{"start":{"line":184,"column":20},"end":{"line":184,"column":78}},"type":"binary-expr","locations":[{"start":{"line":184,"column":20},"end":{"line":184,"column":45}},{"start":{"line":184,"column":49},"end":{"line":184,"column":78}}]},"12":{"loc":{"start":{"line":236,"column":16},"end":{"line":236,"column":null}},"type":"binary-expr","locations":[{"start":{"line":236,"column":16},"end":{"line":236,"column":31}},{"start":{"line":236,"column":16},"end":{"line":236,"column":null}}]},"13":{"loc":{"start":{"line":235,"column":17},"end":{"line":235,"column":null}},"type":"binary-expr","locations":[{"start":{"line":235,"column":17},"end":{"line":235,"column":19}},{"start":{"line":235,"column":17},"end":{"line":235,"column":null}}]}},"s":{"0":2,"1":0,"2":0,"3":2,"4":2,"5":0,"6":2,"7":2,"8":0,"9":0,"10":0,"11":0,"12":0,"13":0,"14":0,"15":0,"16":0,"17":0,"18":0,"19":0,"20":0,"21":1,"22":3,"23":3,"24":2,"25":1,"26":1,"27":2,"28":2,"29":0,"30":2,"31":1,"32":2,"33":2,"34":0,"35":2,"36":2,"37":2,"38":2,"39":2,"40":0,"41":0,"42":0,"43":0,"44":2,"45":2,"46":2,"47":2,"48":2,"49":2},"f":{"0":0,"1":2,"2":0,"3":0,"4":1,"5":2,"6":0,"7":0,"8":0,"9":0,"10":2,"11":2},"b":{"0":[0],"1":[0,0,0,0,0],"2":[0,0],"3":[0,0],"4":[0,0],"5":[0,0],"6":[3],"7":[2,1],"8":[3,2],"9":[2],"10":[0,2],"11":[2,0],"12":[2,2],"13":[2,2]}}
,"/media/hannesn/Hannes1/Code/DFrame/src/core/QStyleSheet.ts": {"path":"/media/hannesn/Hannes1/Code/DFrame/src/core/QStyleSheet.ts","statementMap":{"0":{"start":{"line":1,"column":0},"end":{"line":1,"column":36}},"1":{"start":{"line":8,"column":8},"end":{"line":8,"column":22}},"2":{"start":{"line":4,"column":12},"end":{"line":4,"column":68}},"3":{"start":{"line":5,"column":12},"end":{"line":5,"column":58}},"4":{"start":{"line":9,"column":8},"end":{"line":9,"column":35}},"5":{"start":{"line":13,"column":8},"end":{"line":13,"column":61}},"6":{"start":{"line":14,"column":8},"end":{"line":14,"column":54}},"7":{"start":{"line":18,"column":8},"end":{"line":18,"column":83}},"8":{"start":{"line":19,"column":8},"end":{"line":19,"column":29}},"9":{"start":{"line":23,"column":8},"end":{"line":23,"column":37}},"10":{"start":{"line":24,"column":8},"end":{"line":24,"column":29}},"11":{"start":{"line":28,"column":8},"end":{"line":28,"column":40}},"12":{"start":{"line":28,"column":33},"end":{"line":28,"column":40}},"13":{"start":{"line":30,"column":18},"end":{"line":30,"column":20}},"14":{"start":{"line":31,"column":8},"end":{"line":37,"column":11}},"15":{"start":{"line":32,"column":12},"end":{"line":32,"column":37}},"16":{"start":{"line":33,"column":12},"end":{"line":35,"column":15}},"17":{"start":{"line":34,"column":16},"end":{"line":34,"column":48}},"18":{"start":{"line":36,"column":12},"end":{"line":36,"column":25}},"19":{"start":{"line":39,"column":8},"end":{"line":39,"column":45}},"20":{"start":{"line":3,"column":0},"end":{"line":3,"column":13}}},"fnMap":{"0":{"name":"(anonymous_0)","decl":{"start":{"line":7,"column":4},"end":{"line":7,"column":16}},"loc":{"start":{"line":7,"column":32},"end":{"line":10,"column":5}}},"1":{"name":"(anonymous_1)","decl":{"start":{"line":12,"column":12},"end":{"line":12,"column":31}},"loc":{"start":{"line":12,"column":31},"end":{"line":15,"column":5}}},"2":{"name":"(anonymous_2)","decl":{"start":{"line":17,"column":4},"end":{"line":17,"column":11}},"loc":{"start":{"line":17,"column":64},"end":{"line":20,"column":5}}},"3":{"name":"(anonymous_3)","decl":{"start":{"line":22,"column":4},"end":{"line":22,"column":14}},"loc":{"start":{"line":22,"column":31},"end":{"line":25,"column":5}}},"4":{"name":"(anonymous_4)","decl":{"start":{"line":27,"column":12},"end":{"line":27,"column":25}},"loc":{"start":{"line":27,"column":25},"end":{"line":40,"column":5}}},"5":{"name":"(anonymous_5)","decl":{"start":{"line":31,"column":28},"end":{"line":31,"column":29}},"loc":{"start":{"line":31,"column":53},"end":{"line":37,"column":9}}},"6":{"name":"(anonymous_6)","decl":{"start":{"line":33,"column":47},"end":{"line":33,"column":48}},"loc":{"start":{"line":33,"column":65},"end":{"line":35,"column":13}}}},"branchMap":{"0":{"loc":{"start":{"line":28,"column":8},"end":{"line":28,"column":40}},"type":"if","locations":[{"start":{"line":28,"column":8},"end":{"line":28,"column":40}}]}},"s":{"0":1,"1":4,"2":4,"3":4,"4":4,"5":4,"6":4,"7":5,"8":5,"9":1,"10":1,"11":6,"12":0,"13":6,"14":6,"15":7,"16":7,"17":9,"18":7,"19":6,"20":1},"f":{"0":4,"1":4,"2":5,"3":1,"4":6,"5":7,"6":9},"b":{"0":[0]}}
,"/media/hannesn/Hannes1/Code/DFrame/src/core/Qt.ts": {"path":"/media/hannesn/Hannes1/Code/DFrame/src/core/Qt.ts","statementMap":{"0":{"start":{"line":10,"column":0},"end":{"line":10,"column":null}},"1":{"start":{"line":12,"column":4},"end":{"line":12,"column":null}},"2":{"start":{"line":13,"column":4},"end":{"line":13,"column":null}},"3":{"start":{"line":14,"column":4},"end":{"line":14,"column":null}},"4":{"start":{"line":15,"column":4},"end":{"line":15,"column":null}},"5":{"start":{"line":17,"column":4},"end":{"line":17,"column":null}},"6":{"start":{"line":18,"column":4},"end":{"line":18,"column":null}},"7":{"start":{"line":19,"column":4},"end":{"line":19,"column":null}},"8":{"start":{"line":21,"column":4},"end":{"line":21,"column":null}},"9":{"start":{"line":23,"column":4},"end":{"line":23,"column":null}},"10":{"start":{"line":24,"column":4},"end":{"line":24,"column":null}},"11":{"start":{"line":25,"column":4},"end":{"line":25,"column":null}},"12":{"start":{"line":26,"column":4},"end":{"line":26,"column":null}},"13":{"start":{"line":29,"column":4},"end":{"line":29,"column":null}},"14":{"start":{"line":30,"column":4},"end":{"line":30,"column":null}},"15":{"start":{"line":33,"column":4},"end":{"line":33,"column":null}},"16":{"start":{"line":34,"column":4},"end":{"line":34,"column":null}},"17":{"start":{"line":35,"column":4},"end":{"line":35,"column":null}},"18":{"start":{"line":36,"column":4},"end":{"line":36,"column":null}},"19":{"start":{"line":37,"column":4},"end":{"line":37,"column":null}},"20":{"start":{"line":38,"column":4},"end":{"line":38,"column":null}},"21":{"start":{"line":39,"column":4},"end":{"line":39,"column":null}},"22":{"start":{"line":42,"column":4},"end":{"line":42,"column":null}},"23":{"start":{"line":43,"column":4},"end":{"line":43,"column":null}},"24":{"start":{"line":44,"column":4},"end":{"line":44,"column":null}},"25":{"start":{"line":45,"column":4},"end":{"line":45,"column":null}},"26":{"start":{"line":46,"column":4},"end":{"line":46,"column":null}},"27":{"start":{"line":47,"column":4},"end":{"line":47,"column":null}},"28":{"start":{"line":48,"column":4},"end":{"line":48,"column":null}},"29":{"start":{"line":49,"column":4},"end":{"line":49,"column":null}},"30":{"start":{"line":50,"column":4},"end":{"line":50,"column":null}},"31":{"start":{"line":51,"column":4},"end":{"line":51,"column":null}},"32":{"start":{"line":54,"column":4},"end":{"line":54,"column":null}},"33":{"start":{"line":55,"column":4},"end":{"line":55,"column":null}},"34":{"start":{"line":56,"column":4},"end":{"line":56,"column":null}},"35":{"start":{"line":57,"column":4},"end":{"line":57,"column":null}},"36":{"start":{"line":58,"column":4},"end":{"line":58,"column":null}},"37":{"start":{"line":59,"column":4},"end":{"line":59,"column":null}},"38":{"start":{"line":62,"column":4},"end":{"line":62,"column":null}},"39":{"start":{"line":63,"column":4},"end":{"line":63,"column":null}},"40":{"start":{"line":64,"column":4},"end":{"line":64,"column":null}},"41":{"start":{"line":65,"column":4},"end":{"line":65,"column":null}},"42":{"start":{"line":66,"column":4},"end":{"line":66,"column":null}},"43":{"start":{"line":69,"column":4},"end":{"line":69,"column":null}},"44":{"start":{"line":70,"column":4},"end":{"line":70,"column":null}},"45":{"start":{"line":71,"column":4},"end":{"line":71,"column":null}},"46":{"start":{"line":72,"column":4},"end":{"line":72,"column":null}},"47":{"start":{"line":75,"column":4},"end":{"line":75,"column":null}},"48":{"start":{"line":76,"column":4},"end":{"line":76,"column":null}},"49":{"start":{"line":77,"column":4},"end":{"line":77,"column":null}},"50":{"start":{"line":80,"column":4},"end":{"line":80,"column":null}},"51":{"start":{"line":81,"column":4},"end":{"line":81,"column":null}},"52":{"start":{"line":82,"column":4},"end":{"line":82,"column":null}},"53":{"start":{"line":83,"column":4},"end":{"line":83,"column":null}},"54":{"start":{"line":84,"column":4},"end":{"line":84,"column":null}},"55":{"start":{"line":87,"column":4},"end":{"line":87,"column":null}},"56":{"start":{"line":88,"column":4},"end":{"line":88,"column":null}},"57":{"start":{"line":89,"column":4},"end":{"line":89,"column":null}},"58":{"start":{"line":90,"column":4},"end":{"line":90,"column":null}},"59":{"start":{"line":91,"column":4},"end":{"line":91,"column":null}},"60":{"start":{"line":92,"column":4},"end":{"line":92,"column":null}},"61":{"start":{"line":95,"column":4},"end":{"line":95,"column":null}},"62":{"start":{"line":96,"column":4},"end":{"line":96,"column":null}},"63":{"start":{"line":97,"column":4},"end":{"line":97,"column":null}},"64":{"start":{"line":102,"column":0},"end":{"line":102,"column":null}},"65":{"start":{"line":103,"column":4},"end":{"line":103,"column":null}},"66":{"start":{"line":104,"column":8},"end":{"line":104,"column":null}},"67":{"start":{"line":105,"column":8},"end":{"line":105,"column":null}},"68":{"start":{"line":106,"column":8},"end":{"line":106,"column":null}},"69":{"start":{"line":107,"column":8},"end":{"line":107,"column":null}},"70":{"start":{"line":108,"column":8},"end":{"line":108,"column":null}},"71":{"start":{"line":111,"column":4},"end":{"line":111,"column":null}},"72":{"start":{"line":112,"column":8},"end":{"line":112,"column":null}},"73":{"start":{"line":113,"column":8},"end":{"line":113,"column":null}},"74":{"start":{"line":114,"column":8},"end":{"line":114,"column":null}},"75":{"start":{"line":115,"column":8},"end":{"line":115,"column":null}},"76":{"start":{"line":116,"column":8},"end":{"line":116,"column":null}},"77":{"start":{"line":117,"column":8},"end":{"line":117,"column":null}},"78":{"start":{"line":118,"column":8},"end":{"line":118,"column":null}},"79":{"start":{"line":119,"column":8},"end":{"line":119,"column":null}},"80":{"start":{"line":122,"column":4},"end":{"line":122,"column":null}},"81":{"start":{"line":123,"column":8},"end":{"line":123,"column":null}},"82":{"start":{"line":124,"column":8},"end":{"line":124,"column":null}},"83":{"start":{"line":125,"column":8},"end":{"line":125,"column":null}},"84":{"start":{"line":126,"column":8},"end":{"line":126,"column":null}},"85":{"start":{"line":129,"column":4},"end":{"line":129,"column":null}},"86":{"start":{"line":130,"column":8},"end":{"line":130,"column":null}},"87":{"start":{"line":131,"column":8},"end":{"line":131,"column":null}},"88":{"start":{"line":132,"column":8},"end":{"line":132,"column":null}},"89":{"start":{"line":135,"column":4},"end":{"line":135,"column":null}},"90":{"start":{"line":136,"column":8},"end":{"line":136,"column":null}},"91":{"start":{"line":137,"column":8},"end":{"line":137,"column":null}},"92":{"start":{"line":138,"column":8},"end":{"line":138,"column":null}},"93":{"start":{"line":139,"column":8},"end":{"line":139,"column":null}},"94":{"start":{"line":140,"column":8},"end":{"line":140,"column":null}},"95":{"start":{"line":143,"column":4},"end":{"line":143,"column":null}},"96":{"start":{"line":144,"column":8},"end":{"line":144,"column":null}},"97":{"start":{"line":145,"column":8},"end":{"line":145,"column":null}},"98":{"start":{"line":146,"column":8},"end":{"line":146,"column":null}},"99":{"start":{"line":147,"column":8},"end":{"line":147,"column":null}},"100":{"start":{"line":148,"column":8},"end":{"line":148,"column":null}},"101":{"start":{"line":149,"column":8},"end":{"line":149,"column":null}},"102":{"start":{"line":152,"column":4},"end":{"line":152,"column":null}},"103":{"start":{"line":153,"column":8},"end":{"line":153,"column":null}},"104":{"start":{"line":154,"column":8},"end":{"line":154,"column":null}},"105":{"start":{"line":155,"column":8},"end":{"line":155,"column":null}},"106":{"start":{"line":158,"column":4},"end":{"line":158,"column":null}},"107":{"start":{"line":159,"column":8},"end":{"line":159,"column":null}},"108":{"start":{"line":160,"column":8},"end":{"line":160,"column":null}},"109":{"start":{"line":161,"column":8},"end":{"line":161,"column":null}},"110":{"start":{"line":162,"column":8},"end":{"line":162,"column":null}},"111":{"start":{"line":163,"column":8},"end":{"line":163,"column":null}},"112":{"start":{"line":164,"column":8},"end":{"line":164,"column":null}},"113":{"start":{"line":165,"column":8},"end":{"line":165,"column":null}},"114":{"start":{"line":169,"column":4},"end":{"line":169,"column":null}},"115":{"start":{"line":177,"column":12},"end":{"line":180,"column":14}},"116":{"start":{"line":176,"column":24},"end":{"line":181,"column":null}}},"fnMap":{"0":{"name":"(anonymous_0)","decl":{"start":{"line":10,"column":0},"end":{"line":10,"column":12}},"loc":{"start":{"line":10,"column":14},"end":{"line":98,"column":1}}},"1":{"name":"(anonymous_1)","decl":{"start":{"line":102,"column":0},"end":{"line":102,"column":17}},"loc":{"start":{"line":102,"column":19},"end":{"line":183,"column":1}}},"2":{"name":"(anonymous_2)","decl":{"start":{"line":103,"column":4},"end":{"line":103,"column":16}},"loc":{"start":{"line":103,"column":30},"end":{"line":109,"column":5}}},"3":{"name":"(anonymous_3)","decl":{"start":{"line":111,"column":4},"end":{"line":111,"column":16}},"loc":{"start":{"line":111,"column":25},"end":{"line":120,"column":5}}},"4":{"name":"(anonymous_4)","decl":{"start":{"line":122,"column":4},"end":{"line":122,"column":16}},"loc":{"start":{"line":122,"column":26},"end":{"line":127,"column":5}}},"5":{"name":"(anonymous_5)","decl":{"start":{"line":129,"column":4},"end":{"line":129,"column":16}},"loc":{"start":{"line":129,"column":26},"end":{"line":133,"column":5}}},"6":{"name":"(anonymous_6)","decl":{"start":{"line":135,"column":4},"end":{"line":135,"column":16}},"loc":{"start":{"line":135,"column":27},"end":{"line":141,"column":5}}},"7":{"name":"(anonymous_7)","decl":{"start":{"line":143,"column":4},"end":{"line":143,"column":16}},"loc":{"start":{"line":143,"column":30},"end":{"line":150,"column":5}}},"8":{"name":"(anonymous_8)","decl":{"start":{"line":152,"column":4},"end":{"line":152,"column":16}},"loc":{"start":{"line":152,"column":31},"end":{"line":156,"column":5}}},"9":{"name":"(anonymous_9)","decl":{"start":{"line":158,"column":4},"end":{"line":158,"column":16}},"loc":{"start":{"line":158,"column":26},"end":{"line":166,"column":5}}},"10":{"name":"(anonymous_10)","decl":{"start":{"line":169,"column":4},"end":{"line":169,"column":21}},"loc":{"start":{"line":169,"column":31},"end":{"line":182,"column":5}}},"11":{"name":"create","decl":{"start":{"line":176,"column":24},"end":{"line":176,"column":30}},"loc":{"start":{"line":176,"column":69},"end":{"line":181,"column":9}}}},"branchMap":{"0":{"loc":{"start":{"line":10,"column":12},"end":{"line":10,"column":null}},"type":"binary-expr","locations":[{"start":{"line":10,"column":12},"end":{"line":10,"column":14}},{"start":{"line":10,"column":12},"end":{"line":10,"column":null}}]},"1":{"loc":{"start":{"line":103,"column":16},"end":{"line":103,"column":null}},"type":"binary-expr","locations":[{"start":{"line":103,"column":16},"end":{"line":103,"column":30}},{"start":{"line":103,"column":16},"end":{"line":103,"column":null}}]},"2":{"loc":{"start":{"line":111,"column":16},"end":{"line":111,"column":null}},"type":"binary-expr","locations":[{"start":{"line":111,"column":16},"end":{"line":111,"column":25}},{"start":{"line":111,"column":16},"end":{"line":111,"column":null}}]},"3":{"loc":{"start":{"line":122,"column":16},"end":{"line":122,"column":null}},"type":"binary-expr","locations":[{"start":{"line":122,"column":16},"end":{"line":122,"column":26}},{"start":{"line":122,"column":16},"end":{"line":122,"column":null}}]},"4":{"loc":{"start":{"line":129,"column":16},"end":{"line":129,"column":null}},"type":"binary-expr","locations":[{"start":{"line":129,"column":16},"end":{"line":129,"column":26}},{"start":{"line":129,"column":16},"end":{"line":129,"column":null}}]},"5":{"loc":{"start":{"line":135,"column":16},"end":{"line":135,"column":null}},"type":"binary-expr","locations":[{"start":{"line":135,"column":16},"end":{"line":135,"column":27}},{"start":{"line":135,"column":16},"end":{"line":135,"column":null}}]},"6":{"loc":{"start":{"line":143,"column":16},"end":{"line":143,"column":null}},"type":"binary-expr","locations":[{"start":{"line":143,"column":16},"end":{"line":143,"column":30}},{"start":{"line":143,"column":16},"end":{"line":143,"column":null}}]},"7":{"loc":{"start":{"line":152,"column":16},"end":{"line":152,"column":null}},"type":"binary-expr","locations":[{"start":{"line":152,"column":16},"end":{"line":152,"column":31}},{"start":{"line":152,"column":16},"end":{"line":152,"column":null}}]},"8":{"loc":{"start":{"line":158,"column":16},"end":{"line":158,"column":null}},"type":"binary-expr","locations":[{"start":{"line":158,"column":16},"end":{"line":158,"column":26}},{"start":{"line":158,"column":16},"end":{"line":158,"column":null}}]},"9":{"loc":{"start":{"line":178,"column":28},"end":{"line":178,"column":80}},"type":"cond-expr","locations":[{"start":{"line":178,"column":55},"end":{"line":178,"column":65}},{"start":{"line":178,"column":68},"end":{"line":178,"column":80}}]},"10":{"loc":{"start":{"line":179,"column":26},"end":{"line":179,"column":74}},"type":"cond-expr","locations":[{"start":{"line":179,"column":51},"end":{"line":179,"column":59}},{"start":{"line":179,"column":62},"end":{"line":179,"column":74}}]},"11":{"loc":{"start":{"line":169,"column":21},"end":{"line":169,"column":null}},"type":"binary-expr","locations":[{"start":{"line":169,"column":21},"end":{"line":169,"column":31}},{"start":{"line":169,"column":21},"end":{"line":169,"column":null}}]},"12":{"loc":{"start":{"line":102,"column":17},"end":{"line":102,"column":null}},"type":"binary-expr","locations":[{"start":{"line":102,"column":17},"end":{"line":102,"column":19}},{"start":{"line":102,"column":17},"end":{"line":102,"column":null}}]}},"s":{"0":15,"1":15,"2":15,"3":15,"4":15,"5":15,"6":15,"7":15,"8":15,"9":15,"10":15,"11":15,"12":15,"13":15,"14":15,"15":15,"16":15,"17":15,"18":15,"19":15,"20":15,"21":15,"22":15,"23":15,"24":15,"25":15,"26":15,"27":15,"28":15,"29":15,"30":15,"31":15,"32":15,"33":15,"34":15,"35":15,"36":15,"37":15,"38":15,"39":15,"40":15,"41":15,"42":15,"43":15,"44":15,"45":15,"46":15,"47":15,"48":15,"49":15,"50":15,"51":15,"52":15,"53":15,"54":15,"55":15,"56":15,"57":15,"58":15,"59":15,"60":15,"61":15,"62":15,"63":15,"64":15,"65":15,"66":15,"67":15,"68":15,"69":15,"70":15,"71":15,"72":15,"73":15,"74":15,"75":15,"76":15,"77":15,"78":15,"79":15,"80":15,"81":15,"82":15,"83":15,"84":15,"85":15,"86":15,"87":15,"88":15,"89":15,"90":15,"91":15,"92":15,"93":15,"94":15,"95":15,"96":15,"97":15,"98":15,"99":15,"100":15,"101":15,"102":15,"103":15,"104":15,"105":15,"106":15,"107":15,"108":15,"109":15,"110":15,"111":15,"112":15,"113":15,"114":15,"115":62,"116":15},"f":{"0":15,"1":15,"2":15,"3":15,"4":15,"5":15,"6":15,"7":15,"8":15,"9":15,"10":15,"11":62},"b":{"0":[15,15],"1":[15,15],"2":[15,15],"3":[15,15],"4":[15,15],"5":[15,15],"6":[15,15],"7":[15,15],"8":[15,15],"9":[62,0],"10":[62,0],"11":[15,0],"12":[15,0]}}
,"/media/hannesn/Hannes1/Code/DFrame/src/core/decorators.ts": {"path":"/media/hannesn/Hannes1/Code/DFrame/src/core/decorators.ts","statementMap":{"0":{"start":{"line":2,"column":23},"end":{"line":2,"column":32}},"1":{"start":{"line":5,"column":19},"end":{"line":7,"column":5}},"2":{"start":{"line":6,"column":8},"end":{"line":6,"column":32}},"3":{"start":{"line":10,"column":19},"end":{"line":18,"column":5}},"4":{"start":{"line":11,"column":23},"end":{"line":11,"column":39}},"5":{"start":{"line":12,"column":8},"end":{"line":12,"column":34}},"6":{"start":{"line":15,"column":8},"end":{"line":17,"column":null}},"7":{"start":{"line":16,"column":12},"end":{"line":16,"column":79}},"8":{"start":{"line":21,"column":4},"end":{"line":28,"column":null}},"9":{"start":{"line":22,"column":8},"end":{"line":27,"column":11}},"10":{"start":{"line":1,"column":0},"end":{"line":1,"column":16}},"11":{"start":{"line":32,"column":27},"end":{"line":32,"column":38}},"12":{"start":{"line":34,"column":4},"end":{"line":40,"column":6}},"13":{"start":{"line":35,"column":23},"end":{"line":35,"column":56}},"14":{"start":{"line":36,"column":8},"end":{"line":38,"column":null}},"15":{"start":{"line":37,"column":12},"end":{"line":37,"column":36}},"16":{"start":{"line":39,"column":8},"end":{"line":39,"column":22}},"17":{"start":{"line":42,"column":4},"end":{"line":42,"column":18}},"18":{"start":{"line":31,"column":0},"end":{"line":31,"column":16}}},"fnMap":{"0":{"name":"Property","decl":{"start":{"line":1,"column":16},"end":{"line":1,"column":24}},"loc":{"start":{"line":1,"column":49},"end":{"line":29,"column":1}}},"1":{"name":"(anonymous_1)","decl":{"start":{"line":5,"column":19},"end":{"line":5,"column":null}},"loc":{"start":{"line":5,"column":19},"end":{"line":7,"column":5}}},"2":{"name":"(anonymous_2)","decl":{"start":{"line":10,"column":19},"end":{"line":10,"column":39}},"loc":{"start":{"line":10,"column":50},"end":{"line":18,"column":5}}},"3":{"name":"Signal","decl":{"start":{"line":31,"column":16},"end":{"line":31,"column":22}},"loc":{"start":{"line":31,"column":47},"end":{"line":43,"column":1}}},"4":{"name":"(anonymous_4)","decl":{"start":{"line":34,"column":18},"end":{"line":34,"column":27}},"loc":{"start":{"line":34,"column":41},"end":{"line":40,"column":5}}}},"branchMap":{"0":{"loc":{"start":{"line":15,"column":8},"end":{"line":17,"column":null}},"type":"if","locations":[{"start":{"line":15,"column":8},"end":{"line":17,"column":null}}]},"1":{"loc":{"start":{"line":15,"column":12},"end":{"line":15,"column":56}},"type":"binary-expr","locations":[{"start":{"line":15,"column":12},"end":{"line":15,"column":21}},{"start":{"line":15,"column":25},"end":{"line":15,"column":56}}]},"2":{"loc":{"start":{"line":21,"column":4},"end":{"line":28,"column":null}},"type":"if","locations":[{"start":{"line":21,"column":4},"end":{"line":28,"column":null}}]},"3":{"loc":{"start":{"line":35,"column":23},"end":{"line":35,"column":56}},"type":"cond-expr","locations":[{"start":{"line":35,"column":37},"end":{"line":35,"column":39}},{"start":{"line":35,"column":23},"end":{"line":35,"column":56}}]},"4":{"loc":{"start":{"line":35,"column":23},"end":{"line":35,"column":39}},"type":"binary-expr","locations":[{"start":{"line":35,"column":23},"end":{"line":35,"column":39}},{"start":{"line":35,"column":23},"end":{"line":35,"column":39}}]},"5":{"loc":{"start":{"line":36,"column":8},"end":{"line":38,"column":null}},"type":"if","locations":[{"start":{"line":36,"column":8},"end":{"line":38,"column":null}}]},"6":{"loc":{"start":{"line":36,"column":12},"end":{"line":36,"column":56}},"type":"binary-expr","locations":[{"start":{"line":36,"column":12},"end":{"line":36,"column":21}},{"start":{"line":36,"column":25},"end":{"line":36,"column":56}}]}},"s":{"0":1,"1":1,"2":2,"3":1,"4":4,"5":4,"6":4,"7":4,"8":1,"9":1,"10":1,"11":1,"12":1,"13":2,"14":2,"15":2,"16":2,"17":1,"18":1},"f":{"0":1,"1":2,"2":4,"3":1,"4":2},"b":{"0":[4],"1":[4,4],"2":[1],"3":[0,2],"4":[2,2],"5":[2],"6":[2,2]}}
,"/media/hannesn/Hannes1/Code/DFrame/src/core/index.ts": {"path":"/media/hannesn/Hannes1/Code/DFrame/src/core/index.ts","statementMap":{"0":{"start":{"line":1,"column":0},"end":{"line":1,"column":9}},"1":{"start":{"line":1,"column":9},"end":{"line":1,"column":36}},"2":{"start":{"line":2,"column":0},"end":{"line":2,"column":9}},"3":{"start":{"line":2,"column":9},"end":{"line":2,"column":26}},"4":{"start":{"line":3,"column":0},"end":{"line":3,"column":9}},"5":{"start":{"line":3,"column":9},"end":{"line":3,"column":34}},"6":{"start":{"line":4,"column":0},"end":{"line":4,"column":9}},"7":{"start":{"line":4,"column":9},"end":{"line":4,"column":56}},"8":{"start":{"line":5,"column":0},"end":{"line":5,"column":9}},"9":{"start":{"line":5,"column":9},"end":{"line":5,"column":44}},"10":{"start":{"line":6,"column":0},"end":{"line":6,"column":9}},"11":{"start":{"line":6,"column":9},"end":{"line":6,"column":17}},"12":{"start":{"line":6,"column":17},"end":{"line":6,"column":47}},"13":{"start":{"line":7,"column":0},"end":{"line":7,"column":29}}},"fnMap":{"0":{"name":"(anonymous_4)","decl":{"start":{"line":1,"column":9},"end":{"line":1,"column":16}},"loc":{"start":{"line":1,"column":9},"end":{"line":1,"column":36}}},"1":{"name":"(anonymous_5)","decl":{"start":{"line":2,"column":9},"end":{"line":2,"column":11}},"loc":{"start":{"line":2,"column":9},"end":{"line":2,"column":26}}},"2":{"name":"(anonymous_6)","decl":{"start":{"line":3,"column":9},"end":{"line":3,"column":15}},"loc":{"start":{"line":3,"column":9},"end":{"line":3,"column":34}}},"3":{"name":"(anonymous_7)","decl":{"start":{"line":4,"column":9},"end":{"line":4,"column":26}},"loc":{"start":{"line":4,"column":9},"end":{"line":4,"column":56}}},"4":{"name":"(anonymous_8)","decl":{"start":{"line":5,"column":9},"end":{"line":5,"column":20}},"loc":{"start":{"line":5,"column":9},"end":{"line":5,"column":44}}},"5":{"name":"(anonymous_9)","decl":{"start":{"line":6,"column":9},"end":{"line":6,"column":15}},"loc":{"start":{"line":6,"column":9},"end":{"line":6,"column":17}}},"6":{"name":"(anonymous_10)","decl":{"start":{"line":6,"column":17},"end":{"line":6,"column":28}},"loc":{"start":{"line":6,"column":17},"end":{"line":6,"column":47}}}},"branchMap":{},"s":{"0":0,"1":0,"2":0,"3":0,"4":0,"5":0,"6":0,"7":0,"8":0,"9":0,"10":0,"11":0,"12":0,"13":0},"f":{"0":0,"1":0,"2":0,"3":0,"4":0,"5":0,"6":0},"b":{}}
,"/media/hannesn/Hannes1/Code/DFrame/src/layouts/QHBoxLayout.ts": {"path":"/media/hannesn/Hannes1/Code/DFrame/src/layouts/QHBoxLayout.ts","statementMap":{"0":{"start":{"line":1,"column":0},"end":{"line":1,"column":49}},"1":{"start":{"line":5,"column":14},"end":{"line":5,"column":34}},"2":{"start":{"line":8,"column":23},"end":{"line":8,"column":24}},"3":{"start":{"line":11,"column":8},"end":{"line":18,"column":null}},"4":{"start":{"line":12,"column":28},"end":{"line":12,"column":52}},"5":{"start":{"line":13,"column":12},"end":{"line":13,"column":48}},"6":{"start":{"line":14,"column":12},"end":{"line":14,"column":36}},"7":{"start":{"line":15,"column":12},"end":{"line":15,"column":49}},"8":{"start":{"line":16,"column":12},"end":{"line":16,"column":42}},"9":{"start":{"line":17,"column":12},"end":{"line":17,"column":59}},"10":{"start":{"line":21,"column":8},"end":{"line":23,"column":null}},"11":{"start":{"line":22,"column":12},"end":{"line":22,"column":33}},"12":{"start":{"line":27,"column":8},"end":{"line":27,"column":39}},"13":{"start":{"line":31,"column":8},"end":{"line":31,"column":43}},"14":{"start":{"line":35,"column":8},"end":{"line":35,"column":31}},"15":{"start":{"line":36,"column":8},"end":{"line":36,"column":22}},"16":{"start":{"line":40,"column":22},"end":{"line":40,"column":76}},"17":{"start":{"line":40,"column":53},"end":{"line":40,"column":75}},"18":{"start":{"line":41,"column":8},"end":{"line":46,"column":null}},"19":{"start":{"line":42,"column":25},"end":{"line":42,"column":44}},"20":{"start":{"line":43,"column":12},"end":{"line":43,"column":42}},"21":{"start":{"line":44,"column":12},"end":{"line":44,"column":76}},"22":{"start":{"line":45,"column":12},"end":{"line":45,"column":26}},"23":{"start":{"line":50,"column":8},"end":{"line":52,"column":11}},"24":{"start":{"line":51,"column":12},"end":{"line":51,"column":76}},"25":{"start":{"line":53,"column":8},"end":{"line":53,"column":26}},"26":{"start":{"line":55,"column":8},"end":{"line":55,"column":31}},"27":{"start":{"line":56,"column":8},"end":{"line":56,"column":22}},"28":{"start":{"line":4,"column":0},"end":{"line":4,"column":13}}},"fnMap":{"0":{"name":"(anonymous_0)","decl":{"start":{"line":4,"column":0},"end":{"line":4,"column":13}},"loc":{"start":{"line":4,"column":0},"end":{"line":58,"column":1}}},"1":{"name":"(anonymous_1)","decl":{"start":{"line":7,"column":4},"end":{"line":7,"column":10}},"loc":{"start":{"line":7,"column":10},"end":{"line":24,"column":5}}},"2":{"name":"(anonymous_2)","decl":{"start":{"line":26,"column":4},"end":{"line":26,"column":15}},"loc":{"start":{"line":26,"column":15},"end":{"line":28,"column":5}}},"3":{"name":"(anonymous_3)","decl":{"start":{"line":30,"column":4},"end":{"line":30,"column":12}},"loc":{"start":{"line":30,"column":12},"end":{"line":32,"column":5}}},"4":{"name":"(anonymous_4)","decl":{"start":{"line":34,"column":4},"end":{"line":34,"column":14}},"loc":{"start":{"line":34,"column":30},"end":{"line":37,"column":5}}},"5":{"name":"(anonymous_5)","decl":{"start":{"line":39,"column":4},"end":{"line":39,"column":16}},"loc":{"start":{"line":39,"column":32},"end":{"line":47,"column":5}}},"6":{"name":"(anonymous_6)","decl":{"start":{"line":40,"column":45},"end":{"line":40,"column":49}},"loc":{"start":{"line":40,"column":53},"end":{"line":40,"column":75}}},"7":{"name":"(anonymous_7)","decl":{"start":{"line":49,"column":4},"end":{"line":49,"column":9}},"loc":{"start":{"line":49,"column":9},"end":{"line":57,"column":5}}},"8":{"name":"(anonymous_8)","decl":{"start":{"line":50,"column":29},"end":{"line":50,"column":33}},"loc":{"start":{"line":50,"column":36},"end":{"line":52,"column":9}}}},"branchMap":{"0":{"loc":{"start":{"line":41,"column":8},"end":{"line":46,"column":null}},"type":"if","locations":[{"start":{"line":41,"column":8},"end":{"line":46,"column":null}}]},"1":{"loc":{"start":{"line":44,"column":12},"end":{"line":44,"column":75}},"type":"cond-expr","locations":[{"start":{"line":44,"column":23},"end":{"line":44,"column":25}},{"start":{"line":44,"column":23},"end":{"line":44,"column":75}}]},"2":{"loc":{"start":{"line":44,"column":12},"end":{"line":44,"column":25}},"type":"binary-expr","locations":[{"start":{"line":44,"column":12},"end":{"line":44,"column":25}},{"start":{"line":44,"column":23},"end":{"line":44,"column":25}}]},"3":{"loc":{"start":{"line":51,"column":12},"end":{"line":51,"column":75}},"type":"cond-expr","locations":[{"start":{"line":51,"column":23},"end":{"line":51,"column":25}},{"start":{"line":51,"column":23},"end":{"line":51,"column":75}}]},"4":{"loc":{"start":{"line":51,"column":12},"end":{"line":51,"column":25}},"type":"binary-expr","locations":[{"start":{"line":51,"column":12},"end":{"line":51,"column":25}},{"start":{"line":51,"column":23},"end":{"line":51,"column":25}}]}},"s":{"0":1,"1":4,"2":1,"3":1,"4":0,"5":0,"6":0,"7":0,"8":0,"9":0,"10":1,"11":0,"12":0,"13":0,"14":1,"15":1,"16":0,"17":0,"18":0,"19":0,"20":0,"21":0,"22":0,"23":0,"24":0,"25":0,"26":0,"27":0,"28":1},"f":{"0":4,"1":1,"2":0,"3":0,"4":1,"5":0,"6":0,"7":0,"8":0},"b":{"0":[0],"1":[0,0],"2":[0,0],"3":[0,0],"4":[0,0]}}
,"/media/hannesn/Hannes1/Code/DFrame/src/layouts/QLayout.ts": {"path":"/media/hannesn/Hannes1/Code/DFrame/src/layouts/QLayout.ts","statementMap":{"0":{"start":{"line":1,"column":0},"end":{"line":1,"column":45}},"1":{"start":{"line":2,"column":0},"end":{"line":2,"column":32}},"2":{"start":{"line":11,"column":14},"end":{"line":11,"column":42}},"3":{"start":{"line":12,"column":14},"end":{"line":12,"column":44}},"4":{"start":{"line":13,"column":14},"end":{"line":13,"column":33}},"5":{"start":{"line":14,"column":14},"end":{"line":14,"column":34}},"6":{"start":{"line":15,"column":14},"end":{"line":15,"column":78}},"7":{"start":{"line":16,"column":14},"end":{"line":16,"column":43}},"8":{"start":{"line":19,"column":8},"end":{"line":23,"column":null}},"9":{"start":{"line":20,"column":12},"end":{"line":20,"column":35}},"10":{"start":{"line":22,"column":12},"end":{"line":22,"column":44}},"11":{"start":{"line":27,"column":40},"end":{"line":27,"column":70}},"12":{"start":{"line":28,"column":8},"end":{"line":28,"column":38}},"13":{"start":{"line":29,"column":8},"end":{"line":31,"column":null}},"14":{"start":{"line":30,"column":12},"end":{"line":30,"column":70}},"15":{"start":{"line":32,"column":8},"end":{"line":32,"column":22}},"16":{"start":{"line":37,"column":8},"end":{"line":41,"column":null}},"17":{"start":{"line":38,"column":12},"end":{"line":38,"column":42}},"18":{"start":{"line":39,"column":12},"end":{"line":39,"column":43}},"19":{"start":{"line":40,"column":12},"end":{"line":40,"column":26}},"20":{"start":{"line":45,"column":8},"end":{"line":45,"column":57}},"21":{"start":{"line":46,"column":8},"end":{"line":46,"column":22}},"22":{"start":{"line":50,"column":8},"end":{"line":50,"column":41}},"23":{"start":{"line":51,"column":8},"end":{"line":51,"column":22}},"24":{"start":{"line":55,"column":8},"end":{"line":55,"column":29}},"25":{"start":{"line":56,"column":8},"end":{"line":56,"column":22}},"26":{"start":{"line":60,"column":8},"end":{"line":60,"column":61}},"27":{"start":{"line":64,"column":8},"end":{"line":64,"column":28}},"28":{"start":{"line":10,"column":0},"end":{"line":10,"column":22}}},"fnMap":{"0":{"name":"(anonymous_0)","decl":{"start":{"line":18,"column":4},"end":{"line":18,"column":16}},"loc":{"start":{"line":18,"column":32},"end":{"line":24,"column":5}}},"1":{"name":"(anonymous_1)","decl":{"start":{"line":26,"column":4},"end":{"line":26,"column":13}},"loc":{"start":{"line":26,"column":94},"end":{"line":33,"column":5}}},"2":{"name":"(anonymous_2)","decl":{"start":{"line":36,"column":4},"end":{"line":36,"column":13}},"loc":{"start":{"line":36,"column":29},"end":{"line":42,"column":5}}},"3":{"name":"(anonymous_3)","decl":{"start":{"line":44,"column":4},"end":{"line":44,"column":22}},"loc":{"start":{"line":44,"column":79},"end":{"line":47,"column":5}}},"4":{"name":"(anonymous_4)","decl":{"start":{"line":49,"column":4},"end":{"line":49,"column":21}},"loc":{"start":{"line":49,"column":40},"end":{"line":52,"column":5}}},"5":{"name":"(anonymous_5)","decl":{"start":{"line":54,"column":4},"end":{"line":54,"column":13}},"loc":{"start":{"line":54,"column":29},"end":{"line":57,"column":5}}},"6":{"name":"(anonymous_6)","decl":{"start":{"line":59,"column":4},"end":{"line":59,"column":20}},"loc":{"start":{"line":59,"column":20},"end":{"line":61,"column":5}}},"7":{"name":"(anonymous_7)","decl":{"start":{"line":63,"column":4},"end":{"line":63,"column":19}},"loc":{"start":{"line":63,"column":19},"end":{"line":65,"column":5}}}},"branchMap":{"0":{"loc":{"start":{"line":19,"column":8},"end":{"line":23,"column":null}},"type":"if","locations":[{"start":{"line":19,"column":8},"end":{"line":23,"column":null}},{"start":{"line":21,"column":15},"end":{"line":23,"column":null}}]},"1":{"loc":{"start":{"line":26,"column":31},"end":{"line":26,"column":50}},"type":"default-arg","locations":[{"start":{"line":26,"column":49},"end":{"line":26,"column":50}}]},"2":{"loc":{"start":{"line":26,"column":52},"end":{"line":26,"column":94}},"type":"default-arg","locations":[{"start":{"line":26,"column":72},"end":{"line":26,"column":94}}]},"3":{"loc":{"start":{"line":29,"column":8},"end":{"line":31,"column":null}},"type":"if","locations":[{"start":{"line":29,"column":8},"end":{"line":31,"column":null}}]},"4":{"loc":{"start":{"line":37,"column":8},"end":{"line":41,"column":null}},"type":"if","locations":[{"start":{"line":37,"column":8},"end":{"line":41,"column":null}}]},"5":{"loc":{"start":{"line":60,"column":15},"end":{"line":60,"column":60}},"type":"cond-expr","locations":[{"start":{"line":60,"column":29},"end":{"line":60,"column":53}},{"start":{"line":60,"column":56},"end":{"line":60,"column":60}}]}},"s":{"0":2,"1":2,"2":11,"3":11,"4":11,"5":11,"6":11,"7":11,"8":11,"9":7,"10":4,"11":0,"12":0,"13":0,"14":0,"15":0,"16":0,"17":0,"18":0,"19":0,"20":0,"21":0,"22":0,"23":0,"24":7,"25":7,"26":0,"27":0,"28":2},"f":{"0":11,"1":0,"2":0,"3":0,"4":0,"5":7,"6":0,"7":0},"b":{"0":[7,4],"1":[0],"2":[0],"3":[0],"4":[0],"5":[0,0]}}
,"/media/hannesn/Hannes1/Code/DFrame/src/layouts/QVBoxLayout.ts": {"path":"/media/hannesn/Hannes1/Code/DFrame/src/layouts/QVBoxLayout.ts","statementMap":{"0":{"start":{"line":1,"column":0},"end":{"line":1,"column":49}},"1":{"start":{"line":2,"column":0},"end":{"line":2,"column":45}},"2":{"start":{"line":3,"column":0},"end":{"line":3,"column":32}},"3":{"start":{"line":9,"column":8},"end":{"line":9,"column":22}},"4":{"start":{"line":6,"column":14},"end":{"line":6,"column":34}},"5":{"start":{"line":10,"column":8},"end":{"line":22,"column":null}},"6":{"start":{"line":11,"column":12},"end":{"line":21,"column":15}},"7":{"start":{"line":26,"column":8},"end":{"line":36,"column":null}},"8":{"start":{"line":27,"column":12},"end":{"line":27,"column":76}},"9":{"start":{"line":28,"column":12},"end":{"line":28,"column":44}},"10":{"start":{"line":29,"column":12},"end":{"line":35,"column":15}},"11":{"start":{"line":38,"column":40},"end":{"line":38,"column":70}},"12":{"start":{"line":39,"column":8},"end":{"line":39,"column":38}},"13":{"start":{"line":41,"column":8},"end":{"line":46,"column":11}},"14":{"start":{"line":48,"column":8},"end":{"line":48,"column":66}},"15":{"start":{"line":52,"column":8},"end":{"line":52,"column":67}},"16":{"start":{"line":52,"column":51},"end":{"line":52,"column":67}},"17":{"start":{"line":53,"column":8},"end":{"line":53,"column":67}},"18":{"start":{"line":53,"column":49},"end":{"line":53,"column":67}},"19":{"start":{"line":54,"column":8},"end":{"line":54,"column":28}},"20":{"start":{"line":58,"column":8},"end":{"line":58,"column":31}},"21":{"start":{"line":59,"column":8},"end":{"line":59,"column":22}},"22":{"start":{"line":63,"column":22},"end":{"line":63,"column":76}},"23":{"start":{"line":63,"column":53},"end":{"line":63,"column":75}},"24":{"start":{"line":64,"column":8},"end":{"line":69,"column":null}},"25":{"start":{"line":65,"column":25},"end":{"line":65,"column":44}},"26":{"start":{"line":66,"column":12},"end":{"line":66,"column":42}},"27":{"start":{"line":67,"column":12},"end":{"line":67,"column":76}},"28":{"start":{"line":68,"column":12},"end":{"line":68,"column":26}},"29":{"start":{"line":73,"column":8},"end":{"line":75,"column":11}},"30":{"start":{"line":74,"column":12},"end":{"line":74,"column":76}},"31":{"start":{"line":76,"column":8},"end":{"line":76,"column":26}},"32":{"start":{"line":78,"column":8},"end":{"line":78,"column":31}},"33":{"start":{"line":79,"column":8},"end":{"line":79,"column":22}},"34":{"start":{"line":83,"column":8},"end":{"line":83,"column":33}},"35":{"start":{"line":83,"column":26},"end":{"line":83,"column":33}},"36":{"start":{"line":85,"column":26},"end":{"line":85,"column":27}},"37":{"start":{"line":86,"column":8},"end":{"line":90,"column":11}},"38":{"start":{"line":87,"column":28},"end":{"line":87,"column":52}},"39":{"start":{"line":88,"column":12},"end":{"line":88,"column":61}},"40":{"start":{"line":89,"column":12},"end":{"line":89,"column":71}},"41":{"start":{"line":93,"column":8},"end":{"line":93,"column":26}},"42":{"start":{"line":96,"column":26},"end":{"line":96,"column":29}},"43":{"start":{"line":97,"column":8},"end":{"line":97,"column":91}},"44":{"start":{"line":100,"column":8},"end":{"line":102,"column":null}},"45":{"start":{"line":101,"column":12},"end":{"line":101,"column":33}},"46":{"start":{"line":106,"column":8},"end":{"line":106,"column":39}},"47":{"start":{"line":110,"column":8},"end":{"line":110,"column":43}},"48":{"start":{"line":5,"column":0},"end":{"line":5,"column":13}}},"fnMap":{"0":{"name":"(anonymous_0)","decl":{"start":{"line":8,"column":4},"end":{"line":8,"column":16}},"loc":{"start":{"line":8,"column":32},"end":{"line":23,"column":5}}},"1":{"name":"(anonymous_1)","decl":{"start":{"line":25,"column":4},"end":{"line":25,"col
[...]
ine":15,"column":33}},"9":{"start":{"line":16,"column":8},"end":{"line":16,"column":34}},"10":{"start":{"line":20,"column":8},"end":{"line":22,"column":11}},"11":{"start":{"line":21,"column":12},"end":{"line":21,"column":45}},"12":{"start":{"line":23,"column":8},"end":{"line":25,"column":11}},"13":{"start":{"line":24,"column":12},"end":{"line":24,"column":41}},"14":{"start":{"line":26,"column":8},"end":{"line":28,"column":11}},"15":{"start":{"line":27,"column":12},"end":{"line":27,"column":49}},"16":{"start":{"line":32,"column":8},"end":{"line":32,"column":35}},"17":{"start":{"line":33,"column":8},"end":{"line":33,"column":44}},"18":{"start":{"line":37,"column":8},"end":{"line":37,"column":35}},"19":{"start":{"line":41,"column":8},"end":{"line":44,"column":null}},"20":{"start":{"line":42,"column":12},"end":{"line":42,"column":43}},"21":{"start":{"line":43,"column":12},"end":{"line":43,"column":45}},"22":{"start":{"line":48,"column":8},"end":{"line":48,"column":84}},"23":{"start":{"line":52,"column":8},"end":{"line":52,"column":38}},"24":{"start":{"line":56,"column":8},"end":{"line":56,"column":34}},"25":{"start":{"line":57,"column":8},"end":{"line":57,"column":42}},"26":{"start":{"line":61,"column":8},"end":{"line":61,"column":30}},"27":{"start":{"line":65,"column":8},"end":{"line":65,"column":37}},"28":{"start":{"line":66,"column":8},"end":{"line":66,"column":41}},"29":{"start":{"line":70,"column":8},"end":{"line":70,"column":30}},"30":{"start":{"line":74,"column":8},"end":{"line":74,"column":36}},"31":{"start":{"line":75,"column":8},"end":{"line":75,"column":41}},"32":{"start":{"line":4,"column":0},"end":{"line":4,"column":13}}},"fnMap":{"0":{"name":"(anonymous_0)","decl":{"start":{"line":10,"column":4},"end":{"line":10,"column":16}},"loc":{"start":{"line":10,"column":45},"end":{"line":17,"column":5}}},"1":{"name":"(anonymous_1)","decl":{"start":{"line":19,"column":12},"end":{"line":19,"column":30}},"loc":{"start":{"line":19,"column":30},"end":{"line":29,"column":5}}},"2":{"name":"(anonymous_2)","decl":{"start":{"line":20,"column":48},"end":{"line":20,"column":51}},"loc":{"start":{"line":20,"column":53},"end":{"line":22,"column":9}}},"3":{"name":"(anonymous_3)","decl":{"start":{"line":23,"column":48},"end":{"line":23,"column":51}},"loc":{"start":{"line":23,"column":53},"end":{"line":25,"column":9}}},"4":{"name":"(anonymous_4)","decl":{"start":{"line":26,"column":47},"end":{"line":26,"column":50}},"loc":{"start":{"line":26,"column":52},"end":{"line":28,"column":9}}},"5":{"name":"(anonymous_5)","decl":{"start":{"line":31,"column":4},"end":{"line":31,"column":16}},"loc":{"start":{"line":31,"column":29},"end":{"line":34,"column":5}}},"6":{"name":"(anonymous_6)","decl":{"start":{"line":36,"column":4},"end":{"line":36,"column":15}},"loc":{"start":{"line":36,"column":15},"end":{"line":38,"column":5}}},"7":{"name":"(anonymous_7)","decl":{"start":{"line":40,"column":4},"end":{"line":40,"column":11}},"loc":{"start":{"line":40,"column":24},"end":{"line":45,"column":5}}},"8":{"name":"(anonymous_8)","decl":{"start":{"line":47,"column":4},"end":{"line":47,"column":10}},"loc":{"start":{"line":47,"column":10},"end":{"line":49,"column":5}}},"9":{"name":"(anonymous_9)","decl":{"start":{"line":51,"column":4},"end":{"line":51,"column":21}},"loc":{"start":{"line":51,"column":37},"end":{"line":53,"column":5}}},"10":{"name":"(anonymous_10)","decl":{"start":{"line":55,"column":4},"end":{"line":55,"column":15}},"loc":{"start":{"line":55,"column":33},"end":{"line":58,"column":5}}},"11":{"name":"(anonymous_11)","decl":{"start":{"line":60,"column":4},"end":{"line":60,"column":14}},"loc":{"start":{"line":60,"column":14},"end":{"line":62,"column":5}}},"12":{"name":"(anonymous_12)","decl":{"start":{"line":64,"column":4},"end":{"line":64,"column":22}},"loc":{"start":{"line":64,"column":35},"end":{"line":67,"column":5}}},"13":{"name":"(anonymous_13)","decl":{"start":{"line":69,"column":4},"end":{"line":69,"column":9}},"loc":{"start":{"line":69,"column":9},"end":{"line":71,"column":5}}},"14":{"name":"(anonymous_14)","decl":{"start":{"line":73,"column":4},"end":{"line":73,"column":10}},"loc":{"start":{"line":73,"column":23},"end":{"line":76,"column":5}}}},"branchMap":{"0":{"loc":{"start":{"line":10,"column":16},"end":{"line":10,"column":45}},"type":"default-arg","locations":[{"start":{"line":10,"column":41},"end":{"line":10,"column":45}}]},"1":{"loc":{"start":{"line":41,"column":8},"end":{"line":44,"column":null}},"type":"if","locations":[{"start":{"line":41,"column":8},"end":{"line":44,"column":null}}]},"2":{"loc":{"start":{"line":48,"column":15},"end":{"line":48,"column":83}},"type":"cond-expr","locations":[{"start":{"line":48,"column":38},"end":{"line":48,"column":61}},{"start":{"line":48,"column":64},"end":{"line":48,"column":83}}]}},"s":{"0":1,"1":4,"2":4,"3":4,"4":4,"5":4,"6":4,"7":4,"8":4,"9":4,"10":4,"11":0,"12":4,"13":0,"14":4,"15":0,"16":2,"17":2,"18":0,"19":1,"20":1,"21":1,"22":1,"23":0,"24":1,"25":1,"26":1,"27":0,"28":0,"29":0,"30":0,"31":0,"32":1},"f":{"0":4,"1":4,"2":0,"3":0,"4":0,"5":2,"6":0,"7":1,"8":1,"9":0,"10":1,"11":1,"12":0,"13":0,"14":0},"b":{"0":[4],"1":[1],"2":[1,0]}}
,"/media/hannesn/Hannes1/Code/DFrame/src/widgets/QWidget.ts": {"path":"/media/hannesn/Hannes1/Code/DFrame/src/widgets/QWidget.ts","statementMap":{"0":{"start":{"line":1,"column":0},"end":{"line":1,"column":42}},"1":{"start":{"line":2,"column":0},"end":{"line":2,"column":45}},"2":{"start":{"line":16,"column":8},"end":{"line":16,"column":22}},"3":{"start":{"line":8,"column":14},"end":{"line":8,"column":39}},"4":{"start":{"line":9,"column":14},"end":{"line":9,"column":39}},"5":{"start":{"line":10,"column":14},"end":{"line":10,"column":40}},"6":{"start":{"line":12,"column":14},"end":{"line":12,"column":53}},"7":{"start":{"line":13,"column":14},"end":{"line":13,"column":60}},"8":{"start":{"line":17,"column":8},"end":{"line":17,"column":53}},"9":{"start":{"line":18,"column":8},"end":{"line":18,"column":49}},"10":{"start":{"line":19,"column":8},"end":{"line":19,"column":47}},"11":{"start":{"line":20,"column":8},"end":{"line":20,"column":52}},"12":{"start":{"line":21,"column":8},"end":{"line":21,"column":42}},"13":{"start":{"line":22,"column":8},"end":{"line":22,"column":46}},"14":{"start":{"line":23,"column":8},"end":{"line":23,"column":43}},"15":{"start":{"line":24,"column":8},"end":{"line":24,"column":44}},"16":{"start":{"line":25,"column":8},"end":{"line":25,"column":52}},"17":{"start":{"line":26,"column":8},"end":{"line":26,"column":90}},"18":{"start":{"line":27,"column":8},"end":{"line":27,"column":52}},"19":{"start":{"line":31,"column":8},"end":{"line":31,"column":32}},"20":{"start":{"line":32,"column":8},"end":{"line":32,"column":64}},"21":{"start":{"line":36,"column":8},"end":{"line":36,"column":29}},"22":{"start":{"line":40,"column":8},"end":{"line":40,"column":28}},"23":{"start":{"line":44,"column":8},"end":{"line":44,"column":43}},"24":{"start":{"line":45,"column":8},"end":{"line":45,"column":42}},"25":{"start":{"line":46,"column":8},"end":{"line":46,"column":48}},"26":{"start":{"line":47,"column":8},"end":{"line":47,"column":50}},"27":{"start":{"line":51,"column":8},"end":{"line":51,"column":34}},"28":{"start":{"line":52,"column":8},"end":{"line":54,"column":null}},"29":{"start":{"line":53,"column":12},"end":{"line":53,"column":35}},"30":{"start":{"line":58,"column":8},"end":{"line":58,"column":33}},"31":{"start":{"line":62,"column":8},"end":{"line":62,"column":49}},"32":{"start":{"line":66,"column":8},"end":{"line":66,"column":54}},"33":{"start":{"line":70,"column":8},"end":{"line":70,"column":57}},"34":{"start":{"line":74,"column":8},"end":{"line":74,"column":32}},"35":{"start":{"line":75,"column":8},"end":{"line":75,"column":69}},"36":{"start":{"line":76,"column":8},"end":{"line":76,"column":59}},"37":{"start":{"line":80,"column":8},"end":{"line":80,"column":29}},"38":{"start":{"line":84,"column":8},"end":{"line":84,"column":70}},"39":{"start":{"line":85,"column":8},"end":{"line":85,"column":30}},"40":{"start":{"line":89,"column":8},"end":{"line":89,"column":46}},"41":{"start":{"line":90,"column":8},"end":{"line":90,"column":51}},"42":{"start":{"line":91,"column":8},"end":{"line":91,"column":53}},"43":{"start":{"line":95,"column":8},"end":{"line":95,"column":46}},"44":{"start":{"line":96,"column":8},"end":{"line":96,"column":51}},"45":{"start":{"line":97,"column":8},"end":{"line":97,"column":53}},"46":{"start":{"line":101,"column":8},"end":{"line":101,"column":75}},"47":{"start":{"line":105,"column":8},"end":{"line":105,"column":44}},"48":{"start":{"line":106,"column":8},"end":{"line":106,"column":34}},"49":{"start":{"line":107,"column":8},"end":{"line":107,"column":70}},"50":{"start":{"line":111,"column":23},"end":{"line":111,"column":82}},"51":{"start":{"line":112,"column":8},"end":{"line":137,"column":null}},"52":{"start":{"line":113,"column":13},"end":{"line":113,"column":57}},"53":{"start":{"line":115,"column":12},"end":{"line":136,"column":null}},"54":{"start":{"line":117,"column":20},"end":{"line":117,"column":60}},"55":{"start":{"line":118,"column":20},"end":{"line":118,"column":26}},"56":{"start":{"line":120,"column":20},"end":{"line":120,"column":61}},"57":{"start":{"line":121,"column":20},"end":{"line":121,"column":26}},"58":{"start":{"line":124,"column":20},"end":{"line":124,"column":63}},"59":{"start":{"line":125,"column":20},"end":{"line":125,"column":26}},"60":{"start":{"line":127,"column":20},"end":{"line":129,"column":null}},"61":{"start":{"line":128,"column":24},"end":{"line":128,"column":57}},"62":{"start":{"line":130,"column":20},"end":{"line":130,"column":26}},"63":{"start":{"line":132,"column":20},"end":{"line":132,"column":43}},"64":{"start":{"line":133,"column":20},"end":{"line":133,"column":26}},"65":{"start":{"line":135,"column":20},"end":{"line":135,"column":39}},"66":{"start":{"line":141,"column":8},"end":{"line":141,"column":60}},"67":{"start":{"line":142,"column":8},"end":{"line":142,"column":68}},"68":{"start":{"line":4,"column":0},"end":{"line":4,"column":13}}},"fnMap":{"0":{"name":"(anonymous_0)","decl":{"start":{"line":15,"column":4},"end":{"line":15,"column":16}},"loc":{"start":{"line":15,"column":45},"end":{"line":28,"column":5}}},"1":{"name":"(anonymous_1)","decl":{"start":{"line":30,"column":4},"end":{"line":30,"column":14}},"loc":{"start":{"line":30,"column":31},"end":{"line":33,"column":5}}},"2":{"name":"(anonymous_2)","decl":{"start":{"line":35,"column":4},"end":{"line":35,"column":13}},"loc":{"start":{"line":35,"column":13},"end":{"line":37,"column":5}}},"3":{"name":"(anonymous_3)","decl":{"start":{"line":39,"column":4},"end":{"line":39,"column":14}},"loc":{"start":{"line":39,"column":14},"end":{"line":41,"column":5}}},"4":{"name":"(anonymous_4)","decl":{"start":{"line":43,"column":4},"end":{"line":43,"column":15}},"loc":{"start":{"line":43,"column":67},"end":{"line":48,"column":5}}},"5":{"name":"(anonymous_5)","decl":{"start":{"line":50,"column":4},"end":{"line":50,"column":18}},"loc":{"start":{"line":50,"column":32},"end":{"line":55,"column":5}}},"6":{"name":"(anonymous_6)","decl":{"start":{"line":57,"column":4},"end":{"line":57,"column":15}},"loc":{"start":{"line":57,"column":15},"end":{"line":59,"column":5}}},"7":{"name":"(anonymous_7)","decl":{"start":{"line":61,"column":4},"end":{"line":61,"column":12}},"loc":{"start":{"line":61,"column":48},"end":{"line":63,"column":5}}},"8":{"name":"(anonymous_8)","decl":{"start":{"line":65,"column":4},"end":{"line":65,"column":6}},"loc":{"start":{"line":65,"column":44},"end":{"line":67,"column":5}}},"9":{"name":"(anonymous_9)","decl":{"start":{"line":69,"column":4},"end":{"line":69,"column":7}},"loc":{"start":{"line":69,"column":45},"end":{"line":71,"column":5}}},"10":{"name":"(anonymous_10)","decl":{"start":{"line":73,"column":4},"end":{"line":73,"column":14}},"loc":{"start":{"line":73,"column":31},"end":{"line":77,"column":5}}},"11":{"name":"(anonymous_11)","decl":{"start":{"line":79,"column":4},"end":{"line":79,"column":13}},"loc":{"start":{"line":79,"column":13},"end":{"line":81,"column":5}}},"12":{"name":"(anonymous_12)","decl":{"start":{"line":83,"column":4},"end":{"line":83,"column":17}},"loc":{"start":{"line":83,"column":54},"end":{"line":86,"column":5}}},"13":{"name":"(anonymous_13)","decl":{"start":{"line":88,"column":4},"end":{"line":88,"column":18}},"loc":{"start":{"line":88,"column":48},"end":{"line":92,"column":5}}},"14":{"name":"(anonymous_14)","decl":{"start":{"line":94,"column":4},"end":{"line":94,"column":18}},"loc":{"start":{"line":94,"column":48},"end":{"line":98,"column":5}}},"15":{"name":"(anonymous_15)","decl":{"start":{"line":100,"column":4},"end":{"line":100,"column":18}},"loc":{"start":{"line":100,"column":33},"end":{"line":102,"column":5}}},"16":{"name":"(anonymous_16)","decl":{"start":{"line":104,"column":4},"end":{"line":104,"column":10}},"loc":{"start":{"line":104,"column":10},"end":{"line":108,"column":5}}},"17":{"name":"(anonymous_17)","decl":{"start":{"line":110,"column":4},"end":{"line":110,"column":15}},"loc":{"start":{"line":110,"column":40},"end":{"line":138,"column":5}}},"18":{"name":"(anonymous_18)","decl":{"start":{"line":140,"column":4},"end":{"line":140,"column":14}},"loc":{"start":{"line":140,"column":25},"end":{"line":143,"column":5}}},"19":{"name":"(anonymous_19)","decl":{"start":{"line":145,"column":14},"end":{"line":145,"column":28}},"loc":{"start":{"line":145,"column":28},"end":{"line":147,"column":5}}}},"branchMap":{"0":{"loc":{"start":{"line":15,"column":16},"end":{"line":15,"column":45}},"type":"default-arg","locations":[{"start":{"line":15,"column":41},"end":{"line":15,"column":45}}]},"1":{"loc":{"start":{"line":32,"column":37},"end":{"line":32,"column":63}},"type":"cond-expr","locations":[{"start":{"line":32,"column":47},"end":{"line":32,"column":54}},{"start":{"line":32,"column":57},"end":{"line":32,"column":63}}]},"2":{"loc":{"start":{"line":52,"column":8},"end":{"line":54,"column":null}},"type":"if","locations":[{"start":{"line":52,"column":8},"end":{"line":54,"column":null}}]},"3":{"loc":{"start":{"line":75,"column":43},"end":{"line":75,"column":68}},"type":"cond-expr","locations":[{"start":{"line":75,"column":53},"end":{"line":75,"column":59}},{"start":{"line":75,"column":62},"end":{"line":75,"column":68}}]},"4":{"loc":{"start":{"line":76,"column":37},"end":{"line":76,"column":58}},"type":"cond-expr","locations":[{"start":{"line":76,"column":47},"end":{"line":76,"column":50}},{"start":{"line":76,"column":53},"end":{"line":76,"column":58}}]},"5":{"loc":{"start":{"line":101,"column":32},"end":{"line":101,"column":74}},"type":"cond-expr","locations":[{"start":{"line":101,"column":68},"end":{"line":101,"column":70}},{"start":{"line":101,"column":73},"end":{"line":101,"column":74}}]},"6":{"loc":{"start":{"line":107,"column":37},"end":{"line":107,"column":69}},"type":"cond-expr","locations":[{"start":{"line":107,"column":53},"end":{"line":107,"column":60}},{"start":{"line":107,"column":63},"end":{"line":107,"column":69}}]},"7":{"loc":{"start":{"line":112,"column":8},"end":{"line":137,"column":null}},"type":"if","locations":[{"start":{"line":112,"column":8},"end":{"line":137,"column":null}},{"start":{"line":114,"column":15},"end":{"line":137,"column":null}}]},"8":{"loc":{"start":{"line":115,"column":12},"end":{"line":136,"column":null}},"type":"switch","locations":[{"start":{"line":116,"column":16},"end":{"line":118,"column":26}},{"start":{"line":119,"column":16},"end":{"line":121,"column":26}},{"start":{"line":122,"column":16},"end":{"line":122,"column":29}},{"start":{"line":123,"column":16},"end":{"line":125,"column":26}},{"start":{"line":126,"column":16},"end":{"line":130,"column":26}},{"start":{"line":131,"column":16},"end":{"line":133,"column":26}},{"start":{"line":134,"column":16},"end":{"line":135,"column":39}}]},"9":{"loc":{"start":{"line":127,"column":20},"end":{"line":129,"column":null}},"type":"if","locations":[{"start":{"line":127,"column":20},"end":{"line":129,"column":null}}]}},"s":{"0":9,"1":9,"2":62,"3":62,"4":62,"5":62,"6":62,"7":62,"8":62,"9":62,"10":62,"11":62,"12":62,"13":62,"14":62,"15":62,"16":62,"17":62,"18":62,"19":1,"20":1,"21":1,"22":34,"23":1,"24":1,"25":1,"26":1,"27":0,"28":0,"29":0,"30":0,"31":28,"32":0,"33":0,"34":1,"35":1,"36":1,"37":1,"38":0,"39":0,"40":0,"41":0,"42":0,"43":0,"44":0,"45":0,"46":62,"47":0,"48":0,"49":0,"50":0,"51":0,"52":0,"53":0,"54":0,"55":0,"56":0,"57":0,"58":0,"59":0,"60":0,"61":0,"62":0,"63":0,"64":0,"65":0,"66":0,"67":0,"68":9},"f":{"0":62,"1":1,"2":1,"3":34,"4":1,"5":0,"6":0,"7":28,"8":0,"9":0,"10":1,"11":1,"12":0,"13":0,"14":0,"15":62,"16":0,"17":0,"18":0,"19":0},"b":{"0":[41],"1":[0,1],"2":[0],"3":[0,1],"4":[0,1],"5":[62,0],"6":[0,0],"7":[0,0],"8":[0,0,0,0,0,0,0],"9":[0]}}
,"/media/hannesn/Hannes1/Code/DFrame/src/widgets/index.ts": {"path":"/media/hannesn/Hannes1/Code/DFrame/src/widgets/index.ts","statementMap":{"0":{"start":{"line":1,"column":0},"end":{"line":1,"column":9}},"1":{"start":{"line":1,"column":9},"end":{"line":1,"column":36}},"2":{"start":{"line":2,"column":0},"end":{"line":2,"column":9}},"3":{"start":{"line":2,"column":9},"end":{"line":2,"column":34}},"4":{"start":{"line":3,"column":0},"end":{"line":3,"column":9}},"5":{"start":{"line":3,"column":9},"end":{"line":3,"column":44}},"6":{"start":{"line":4,"column":0},"end":{"line":4,"column":9}},"7":{"start":{"line":4,"column":9},"end":{"line":4,"column":40}},"8":{"start":{"line":5,"column":0},"end":{"line":5,"column":9}},"9":{"start":{"line":5,"column":9},"end":{"line":5,"column":40}},"10":{"start":{"line":6,"column":0},"end":{"line":6,"column":9}},"11":{"start":{"line":6,"column":9},"end":{"line":6,"column":40}},"12":{"start":{"line":7,"column":0},"end":{"line":7,"column":9}},"13":{"start":{"line":7,"column":9},"end":{"line":7,"column":36}},"14":{"start":{"line":8,"column":0},"end":{"line":8,"column":9}},"15":{"start":{"line":8,"column":9},"end":{"line":8,"column":40}},"16":{"start":{"line":9,"column":0},"end":{"line":9,"column":9}},"17":{"start":{"line":9,"column":9},"end":{"line":9,"column":18}},"18":{"start":{"line":9,"column":18},"end":{"line":9,"column":48}}},"fnMap":{"0":{"name":"(anonymous_0)","decl":{"start":{"line":1,"column":9},"end":{"line":1,"column":16}},"loc":{"start":{"line":1,"column":9},"end":{"line":1,"column":36}}},"1":{"name":"(anonymous_1)","decl":{"start":{"line":2,"column":9},"end":{"line":2,"column":15}},"loc":{"start":{"line":2,"column":9},"end":{"line":2,"column":34}}},"2":{"name":"(anonymous_2)","decl":{"start":{"line":3,"column":9},"end":{"line":3,"column":20}},"loc":{"start":{"line":3,"column":9},"end":{"line":3,"column":44}}},"3":{"name":"(anonymous_3)","decl":{"start":{"line":4,"column":9},"end":{"line":4,"column":18}},"loc":{"start":{"line":4,"column":9},"end":{"line":4,"column":40}}},"4":{"name":"(anonymous_4)","decl":{"start":{"line":5,"column":9},"end":{"line":5,"column":18}},"loc":{"start":{"line":5,"column":9},"end":{"line":5,"column":40}}},"5":{"name":"(anonymous_5)","decl":{"start":{"line":6,"column":9},"end":{"line":6,"column":18}},"loc":{"start":{"line":6,"column":9},"end":{"line":6,"column":40}}},"6":{"name":"(anonymous_6)","decl":{"start":{"line":7,"column":9},"end":{"line":7,"column":16}},"loc":{"start":{"line":7,"column":9},"end":{"line":7,"column":36}}},"7":{"name":"(anonymous_7)","decl":{"start":{"line":8,"column":9},"end":{"line":8,"column":18}},"loc":{"start":{"line":8,"column":9},"end":{"line":8,"column":40}}},"8":{"name":"(anonymous_8)","decl":{"start":{"line":9,"column":9},"end":{"line":9,"column":16}},"loc":{"start":{"line":9,"column":9},"end":{"line":9,"column":18}}},"9":{"name":"(anonymous_9)","decl":{"start":{"line":9,"column":18},"end":{"line":9,"column":28}},"loc":{"start":{"line":9,"column":18},"end":{"line":9,"column":48}}}},"branchMap":{},"s":{"0":0,"1":0,"2":0,"3":0,"4":0,"5":0,"6":0,"7":0,"8":0,"9":0,"10":0,"11":0,"12":0,"13":0,"14":0,"15":0,"16":0,"17":0,"18":0},"f":{"0":0,"1":0,"2":0,"3":0,"4":0,"5":0,"6":0,"7":0,"8":0,"9":0},"b":{}}
}
