TN:
SF:src/index.ts
FN:6,(anonymous_0)
FN:105,(anonymous_1)
FN:224,(anonymous_2)
FN:228,(anonymous_3)
FN:266,(anonymous_4)
FN:271,(anonymous_5)
FN:276,(anonymous_6)
FN:282,(anonymous_7)
FN:286,(anonymous_8)
FN:290,(anonymous_9)
FN:311,(anonymous_10)
FN:315,(anonymous_11)
FN:319,(anonymous_12)
FN:323,(anonymous_13)
FN:327,(anonymous_14)
FN:331,(anonymous_15)
FNF:16
FNH:0
FNDA:0,(anonymous_0)
FNDA:0,(anonymous_1)
FNDA:0,(anonymous_2)
FNDA:0,(anonymous_3)
FNDA:0,(anonymous_4)
FNDA:0,(anonymous_5)
FNDA:0,(anonymous_6)
FNDA:0,(anonymous_7)
FNDA:0,(anonymous_8)
FNDA:0,(anonymous_9)
FNDA:0,(anonymous_10)
FNDA:0,(anonymous_11)
FNDA:0,(anonymous_12)
FNDA:0,(anonymous_13)
FNDA:0,(anonymous_14)
FNDA:0,(anonymous_15)
DA:1,0
DA:2,0
DA:3,0
DA:6,0
DA:7,0
DA:8,0
DA:9,0
DA:10,0
DA:14,0
DA:15,0
DA:16,0
DA:17,0
DA:30,0
DA:31,0
DA:34,0
DA:35,0
DA:41,0
DA:44,0
DA:45,0
DA:48,0
DA:49,0
DA:59,0
DA:60,0
DA:70,0
DA:71,0
DA:81,0
DA:82,0
DA:83,0
DA:84,0
DA:85,0
DA:88,0
DA:91,0
DA:92,0
DA:95,0
DA:96,0
DA:97,0
DA:101,0
DA:102,0
DA:104,0
DA:105,0
DA:106,0
DA:109,0
DA:110,0
DA:112,0
DA:113,0
DA:114,0
DA:117,0
DA:118,0
DA:119,0
DA:121,0
DA:126,0
DA:129,0
DA:130,0
DA:132,0
DA:133,0
DA:134,0
DA:137,0
DA:138,0
DA:143,0
DA:146,0
DA:147,0
DA:150,0
DA:151,0
DA:160,0
DA:162,0
DA:163,0
DA:171,0
DA:175,0
DA:176,0
DA:177,0
DA:179,0
DA:180,0
DA:184,0
DA:186,0
DA:187,0
DA:192,0
DA:195,0
DA:196,0
DA:198,0
DA:200,0
DA:201,0
DA:210,0
DA:212,0
DA:213,0
DA:221,0
DA:224,0
DA:225,0
DA:228,0
DA:229,0
DA:233,0
DA:234,0
DA:235,0
DA:237,0
DA:238,0
DA:242,0
DA:244,0
DA:245,0
DA:250,0
DA:253,0
DA:254,0
DA:264,0
DA:266,0
DA:267,0
DA:271,0
DA:272,0
DA:273,0
DA:276,0
DA:277,0
DA:278,0
DA:282,0
DA:283,0
DA:286,0
DA:287,0
DA:290,0
DA:291,0
DA:295,0
DA:298,0
DA:299,0
DA:301,0
DA:302,0
DA:307,0
DA:308,0
DA:311,0
DA:312,0
DA:315,0
DA:316,0
DA:319,0
DA:320,0
DA:323,0
DA:324,0
DA:327,0
DA:328,0
DA:331,0
DA:332,0
DA:336,0
LF:135
LH:0
BRDA:8,0,0,0
BRF:1
BRH:0
end_of_record
TN:
SF:src/core/QObject.ts
FN:13,(anonymous_0)
FN:19,(anonymous_1)
FN:23,(anonymous_2)
FN:27,(anonymous_3)
FN:28,(anonymous_4)
FN:31,(anonymous_5)
FN:35,(anonymous_6)
FN:39,(anonymous_7)
FN:45,(anonymous_8)
FN:53,(anonymous_9)
FN:59,(anonymous_10)
FN:61,(anonymous_11)
FN:65,(anonymous_12)
FN:75,(anonymous_13)
FN:79,(anonymous_14)
FN:83,(anonymous_15)
FN:84,(anonymous_16)
FN:87,(anonymous_17)
FN:94,(anonymous_18)
FNF:19
FNH:10
FNDA:101,(anonymous_0)
FNDA:1,(anonymous_1)
FNDA:1,(anonymous_2)
FNDA:0,(anonymous_3)
FNDA:0,(anonymous_4)
FNDA:0,(anonymous_5)
FNDA:0,(anonymous_6)
FNDA:0,(anonymous_7)
FNDA:20,(anonymous_8)
FNDA:1,(anonymous_9)
FNDA:58,(anonymous_10)
FNDA:18,(anonymous_11)
FNDA:2,(anonymous_12)
FNDA:1,(anonymous_13)
FNDA:1,(anonymous_14)
FNDA:0,(anonymous_15)
FNDA:0,(anonymous_16)
FNDA:0,(anonymous_17)
FNDA:0,(anonymous_18)
DA:1,15
DA:6,15
DA:7,101
DA:8,101
DA:9,101
DA:10,101
DA:11,101
DA:14,101
DA:15,2
DA:20,1
DA:24,1
DA:28,0
DA:32,0
DA:36,0
DA:38,0
DA:39,0
DA:40,0
DA:41,0
DA:42,0
DA:46,20
DA:47,20
DA:48,20
DA:50,20
DA:54,1
DA:55,1
DA:60,58
DA:61,19
DA:66,2
DA:67,0
DA:69,2
DA:70,2
DA:71,2
DA:76,1
DA:80,1
DA:84,0
DA:88,0
DA:89,0
DA:90,0
DA:95,0
DA:96,0
DA:97,0
DA:100,0
LF:42
LH:25
BRDA:13,0,0,37
BRDA:14,1,0,2
BRDA:36,2,0,0
BRDA:45,3,0,20
BRDA:46,4,0,0
BRDA:47,5,0,20
BRDA:54,6,0,1
BRDA:60,7,0,19
BRDA:66,8,0,0
BRDA:67,9,0,0
BRDA:67,9,1,0
BRDA:67,10,0,0
BRDA:67,10,1,0
BRDA:70,11,0,2
BRDA:70,12,0,2
BRDA:70,12,1,2
BRDA:88,13,0,0
BRDA:96,14,0,0
BRF:18
BRH:9
end_of_record
TN:
SF:src/core/QReactiveProperty.ts
FN:6,(anonymous_0)
FN:11,(anonymous_1)
FN:15,(anonymous_2)
FN:23,(anonymous_3)
FN:24,(anonymous_4)
FN:29,(anonymous_5)
FN:31,(anonymous_6)
FNF:7
FNH:7
FNDA:7,(anonymous_0)
FNDA:4,(anonymous_1)
FNDA:6,(anonymous_2)
FNDA:1,(anonymous_3)
FNDA:1,(anonymous_4)
FNDA:1,(anonymous_5)
FNDA:1,(anonymous_6)
DA:1,1
DA:3,1
DA:7,7
DA:8,7
DA:12,4
DA:16,6
DA:17,5
DA:18,5
DA:19,5
DA:24,1
DA:25,1
DA:30,1
DA:31,1
DA:32,1
DA:34,1
LF:15
LH:15
BRDA:16,0,0,5
BRF:1
BRH:1
end_of_record
TN:
SF:src/core/QState.ts
FN:10,(anonymous_0)
FN:14,(anonymous_1)
FN:18,(anonymous_2)
FN:22,(anonymous_3)
FN:26,(anonymous_4)
FN:30,(anonymous_5)
FN:35,(anonymous_6)
FN:38,(anonymous_7)
FN:44,(anonymous_8)
FN:55,(anonymous_9)
FN:61,(anonymous_10)
FN:69,(anonymous_11)
FNF:12
FNH:10
FNDA:12,(anonymous_0)
FNDA:0,(anonymous_1)
FNDA:0,(anonymous_2)
FNDA:1,(anonymous_3)
FNDA:1,(anonymous_4)
FNDA:15,(anonymous_5)
FNDA:1,(anonymous_6)
FNDA:1,(anonymous_7)
FNDA:9,(anonymous_8)
FNDA:3,(anonymous_9)
FNDA:3,(anonymous_10)
FNDA:2,(anonymous_11)
DA:1,1
DA:3,1
DA:4,12
DA:5,12
DA:6,12
DA:7,12
DA:8,12
DA:11,12
DA:15,0
DA:19,0
DA:23,1
DA:27,1
DA:31,15
DA:32,15
DA:34,15
DA:35,10
DA:36,10
DA:38,5
DA:39,5
DA:45,9
DA:49,1
DA:53,3
DA:56,3
DA:57,3
DA:58,3
DA:59,3
DA:61,3
DA:62,3
DA:63,2
DA:64,2
DA:70,2
LF:31
LH:29
BRDA:31,0,0,15
BRDA:34,1,0,10
BRDA:34,1,1,5
BRDA:62,2,0,2
BRDA:62,3,0,3
BRDA:62,3,1,2
BRF:6
BRH:6
end_of_record
TN:
SF:src/core/QStyle.ts
FN:13,(anonymous_0)
FN:29,(anonymous_1)
FN:38,(anonymous_2)
FN:108,(anonymous_3)
FN:169,(anonymous_4)
FN:198,(anonymous_5)
FN:211,(anonymous_6)
FN:215,(anonymous_7)
FN:219,(anonymous_8)
FN:227,(anonymous_9)
FN:235,(anonymous_10)
FN:236,(anonymous_11)
FNF:12
FNH:5
FNDA:0,(anonymous_0)
FNDA:2,(anonymous_1)
FNDA:0,(anonymous_2)
FNDA:0,(anonymous_3)
FNDA:1,(anonymous_4)
FNDA:2,(anonymous_5)
FNDA:0,(anonymous_6)
FNDA:0,(anonymous_7)
FNDA:0,(anonymous_8)
FNDA:0,(anonymous_9)
FNDA:2,(anonymous_10)
FNDA:2,(anonymous_11)
DA:1,2
DA:9,2
DA:14,0
DA:15,0
DA:20,2
DA:22,2
DA:30,2
DA:39,0
DA:71,2
DA:73,2
DA:79,2
DA:86,2
DA:97,2
DA:109,0
DA:111,0
DA:113,0
DA:122,0
DA:124,0
DA:132,0
DA:134,0
DA:140,0
DA:142,0
DA:153,0
DA:155,0
DA:163,0
DA:166,0
DA:171,1
DA:172,3
DA:173,3
DA:174,2
DA:176,1
DA:182,1
DA:183,2
DA:184,2
DA:185,0
DA:187,2
DA:192,1
DA:200,2
DA:208,2
DA:221,0
DA:226,2
DA:228,0
DA:229,0
DA:230,0
DA:231,0
DA:235,2
DA:236,2
DA:237,2
DA:238,2
DA:239,2
LF:50
LH:28
BRDA:108,0,0,0
BRDA:111,1,0,0
BRDA:111,1,1,0
BRDA:111,1,2,0
BRDA:111,1,3,0
BRDA:111,1,4,0
BRDA:118,2,0,0
BRDA:118,2,1,0
BRDA:119,3,0,0
BRDA:119,3,1,0
BRDA:120,4,0,0
BRDA:120,4,1,0
BRDA:127,5,0,0
BRDA:127,5,1,0
BRDA:172,6,0,3
BRDA:173,7,0,2
BRDA:173,7,1,1
BRDA:173,8,0,3
BRDA:173,8,1,2
BRDA:183,9,0,2
BRDA:184,10,0,0
BRDA:184,10,1,2
BRDA:184,11,0,2
BRDA:184,11,1,0
BRDA:236,12,0,2
BRDA:236,12,1,2
BRDA:235,13,0,2
BRDA:235,13,1,2
BRF:28
BRH:12
end_of_record
TN:
SF:src/core/QStyleSheet.ts
FN:7,(anonymous_0)
FN:12,(anonymous_1)
FN:17,(anonymous_2)
FN:22,(anonymous_3)
FN:27,(anonymous_4)
FN:31,(anonymous_5)
FN:33,(anonymous_6)
FNF:7
FNH:7
FNDA:4,(anonymous_0)
FNDA:4,(anonymous_1)
FNDA:5,(anonymous_2)
FNDA:1,(anonymous_3)
FNDA:6,(anonymous_4)
FNDA:7,(anonymous_5)
FNDA:9,(anonymous_6)
DA:1,1
DA:3,1
DA:4,4
DA:5,4
DA:8,4
DA:9,4
DA:13,4
DA:14,4
DA:18,5
DA:19,5
DA:23,1
DA:24,1
DA:28,6
DA:30,6
DA:31,6
DA:32,7
DA:33,7
DA:34,9
DA:36,7
DA:39,6
LF:20
LH:20
BRDA:28,0,0,0
BRF:1
BRH:0
end_of_record
TN:
SF:src/core/Qt.ts
FN:10,(anonymous_0)
FN:102,(anonymous_1)
FN:103,(anonymous_2)
FN:111,(anonymous_3)
FN:122,(anonymous_4)
FN:129,(anonymous_5)
FN:135,(anonymous_6)
FN:143,(anonymous_7)
FN:152,(anonymous_8)
FN:158,(anonymous_9)
FN:169,(anonymous_10)
FN:176,create
FNF:12
FNH:12
FNDA:15,(anonymous_0)
FNDA:15,(anonymous_1)
FNDA:15,(anonymous_2)
FNDA:15,(anonymous_3)
FNDA:15,(anonymous_4)
FNDA:15,(anonymous_5)
FNDA:15,(anonymous_6)
FNDA:15,(anonymous_7)
FNDA:15,(anonymous_8)
FNDA:15,(anonymous_9)
FNDA:15,(anonymous_10)
FNDA:62,create
DA:10,15
DA:12,15
DA:13,15
DA:14,15
DA:15,15
DA:17,15
DA:18,15
DA:19,15
DA:21,15
DA:23,15
DA:24,15
DA:25,15
DA:26,15
DA:29,15
DA:30,15
DA:33,15
DA:34,15
DA:35,15
DA:36,15
DA:37,15
DA:38,15
DA:39,15
DA:42,15
DA:43,15
DA:44,15
DA:45,15
DA:46,15
DA:47,15
DA:48,15
DA:49,15
DA:50,15
DA:51,15
DA:54,15
DA:55,15
DA:56,15
DA:57,15
DA:58,15
DA:59,15
DA:62,15
DA:63,15
DA:64,15
DA:65,15
DA:66,15
DA:69,15
DA:70,15
DA:71,15
DA:72,15
DA:75,15
DA:76,15
DA:77,15
DA:80,15
DA:81,15
DA:82,15
DA:83,15
DA:84,15
DA:87,15
DA:88,15
DA:89,15
DA:90,15
DA:91,15
DA:92,15
DA:95,15
DA:96,15
DA:97,15
DA:102,15
DA:103,15
DA:104,15
DA:105,15
DA:106,15
DA:107,15
DA:108,15
DA:111,15
DA:112,15
DA:113,15
DA:114,15
DA:115,15
DA:116,15
DA:117,15
DA:118,15
DA:119,15
DA:122,15
DA:123,15
DA:124,15
DA:125,15
DA:126,15
DA:129,15
DA:130,15
DA:131,15
DA:132,15
DA:135,15
DA:136,15
DA:137,15
DA:138,15
DA:139,15
DA:140,15
DA:143,15
DA:144,15
DA:145,15
DA:146,15
DA:147,15
DA:148,15
DA:149,15
DA:152,15
DA:153,15
DA:154,15
DA:155,15
DA:158,15
DA:159,15
DA:160,15
DA:161,15
DA:162,15
DA:163,15
DA:164,15
DA:165,15
DA:169,15
DA:176,15
DA:177,62
LF:117
LH:117
BRDA:10,0,0,15
BRDA:10,0,1,15
BRDA:103,1,0,15
BRDA:103,1,1,15
BRDA:111,2,0,15
BRDA:111,2,1,15
BRDA:122,3,0,15
BRDA:122,3,1,15
BRDA:129,4,0,15
BRDA:129,4,1,15
BRDA:135,5,0,15
BRDA:135,5,1,15
BRDA:143,6,0,15
BRDA:143,6,1,15
BRDA:152,7,0,15
BRDA:152,7,1,15
BRDA:158,8,0,15
BRDA:158,8,1,15
BRDA:178,9,0,62
BRDA:178,9,1,0
BRDA:179,10,0,62
BRDA:179,10,1,0
BRDA:169,11,0,15
BRDA:169,11,1,0
BRDA:102,12,0,15
BRDA:102,12,1,0
BRF:26
BRH:22
end_of_record
TN:
SF:src/core/decorators.ts
FN:1,Property
FN:5,(anonymous_1)
FN:10,(anonymous_2)
FN:31,Signal
FN:34,(anonymous_4)
FNF:5
FNH:5
FNDA:1,Property
FNDA:2,(anonymous_1)
FNDA:4,(anonymous_2)
FNDA:1,Signal
FNDA:2,(anonymous_4)
DA:1,1
DA:2,1
DA:5,1
DA:6,2
DA:10,1
DA:11,4
DA:12,4
DA:15,4
DA:16,4
DA:21,1
DA:22,1
DA:31,1
DA:32,1
DA:34,1
DA:35,2
DA:36,2
DA:37,2
DA:39,2
DA:42,1
LF:19
LH:19
BRDA:15,0,0,4
BRDA:15,1,0,4
BRDA:15,1,1,4
BRDA:21,2,0,1
BRDA:35,3,0,0
BRDA:35,3,1,2
BRDA:35,4,0,2
BRDA:35,4,1,2
BRDA:36,5,0,2
BRDA:36,6,0,2
BRDA:36,6,1,2
BRF:11
BRH:10
end_of_record
TN:
SF:src/core/index.ts
FN:1,(anonymous_4)
FN:2,(anonymous_5)
FN:3,(anonymous_6)
FN:4,(anonymous_7)
FN:5,(anonymous_8)
FN:6,(anonymous_9)
FN:6,(anonymous_10)
FNF:7
FNH:0
FNDA:0,(anonymous_4)
FNDA:0,(anonymous_5)
FNDA:0,(anonymous_6)
FNDA:0,(anonymous_7)
FNDA:0,(anonymous_8)
FNDA:0,(anonymous_9)
FNDA:0,(anonymous_10)
DA:1,0
DA:2,0
DA:3,0
DA:4,0
DA:5,0
DA:6,0
DA:7,0
LF:7
LH:0
BRF:0
BRH:0
end_of_record
TN:
SF:src/layouts/QHBoxLayout.ts
FN:4,(anonymous_0)
FN:7,(anonymous_1)
FN:26,(anonymous_2)
FN:30,(anonymous_3)
FN:34,(anonymous_4)
FN:39,(anonymous_5)
FN:40,(anonymous_6)
FN:49,(anonymous_7)
FN:50,(anonymous_8)
FNF:9
FNH:3
FNDA:4,(anonymous_0)
FNDA:1,(anonymous_1)
FNDA:0,(anonymous_2)
FNDA:0,(anonymous_3)
FNDA:1,(anonymous_4)
FNDA:0,(anonymous_5)
FNDA:0,(anonymous_6)
FNDA:0,(anonymous_7)
FNDA:0,(anonymous_8)
DA:1,1
DA:4,1
DA:5,4
DA:8,1
DA:11,1
DA:12,0
DA:13,0
DA:14,0
DA:15,0
DA:16,0
DA:17,0
DA:21,1
DA:22,0
DA:27,0
DA:31,0
DA:35,1
DA:36,1
DA:40,0
DA:41,0
DA:42,0
DA:43,0
DA:44,0
DA:45,0
DA:50,0
DA:51,0
DA:53,0
DA:55,0
DA:56,0
LF:28
LH:8
BRDA:41,0,0,0
BRDA:44,1,0,0
BRDA:44,1,1,0
BRDA:44,2,0,0
BRDA:44,2,1,0
BRDA:51,3,0,0
BRDA:51,3,1,0
BRDA:51,4,0,0
BRDA:51,4,1,0
BRF:9
BRH:0
end_of_record
TN:
SF:src/layouts/QLayout.ts
FN:18,(anonymous_0)
FN:26,(anonymous_1)
FN:36,(anonymous_2)
FN:44,(anonymous_3)
FN:49,(anonymous_4)
FN:54,(anonymous_5)
FN:59,(anonymous_6)
FN:63,(anonymous_7)
FNF:8
FNH:2
FNDA:11,(anonymous_0)
FNDA:0,(anonymous_1)
FNDA:0,(anonymous_2)
FNDA:0,(anonymous_3)
FNDA:0,(anonymous_4)
FNDA:7,(anonymous_5)
FNDA:0,(anonymous_6)
FNDA:0,(anonymous_7)
DA:1,2
DA:2,2
DA:10,2
DA:11,11
DA:12,11
DA:13,11
DA:14,11
DA:15,11
DA:16,11
DA:19,11
DA:20,7
DA:22,4
DA:27,0
DA:28,0
DA:29,0
DA:30,0
DA:32,0
DA:37,0
DA:38,0
DA:39,0
DA:40,0
DA:45,0
DA:46,0
DA:50,0
DA:51,0
DA:55,7
DA:56,7
DA:60,0
DA:64,0
LF:29
LH:14
BRDA:19,0,0,7
BRDA:19,0,1,4
BRDA:26,1,0,0
BRDA:26,2,0,0
BRDA:29,3,0,0
BRDA:37,4,0,0
BRDA:60,5,0,0
BRDA:60,5,1,0
BRF:8
BRH:2
end_of_record
TN:
SF:src/layouts/QVBoxLayout.ts
FN:8,(anonymous_0)
FN:25,(anonymous_1)
FN:51,(anonymous_2)
FN:57,(anonymous_3)
FN:62,(anonymous_4)
FN:63,(anonymous_5)
FN:72,(anonymous_6)
FN:73,(anonymous_7)
FN:82,(anonymous_8)
FN:86,(anonymous_9)
FN:105,(anonymous_10)
FN:109,(anonymous_11)
FNF:12
FNH:11
FNDA:7,(anonymous_0)
FNDA:7,(anonymous_1)
FNDA:7,(anonymous_2)
FNDA:7,(anonymous_3)
FNDA:1,(anonymous_4)
FNDA:1,(anonymous_5)
FNDA:1,(anonymous_6)
FNDA:2,(anonymous_7)
FNDA:16,(anonymous_8)
FNDA:0,(anonymous_9)
FNDA:1,(anonymous_10)
FNDA:1,(anonymous_11)
DA:1,1
DA:2,1
DA:3,1
DA:5,1
DA:6,7
DA:9,7
DA:10,7
DA:11,7
DA:26,7
DA:27,0
DA:28,0
DA:29,0
DA:38,7
DA:39,7
DA:41,7
DA:48,7
DA:52,7
DA:53,6
DA:54,6
DA:58,7
DA:59,7
DA:63,1
DA:64,1
DA:65,1
DA:66,1
DA:67,1
DA:68,1
DA:73,1
DA:74,2
DA:76,1
DA:78,1
DA:79,1
DA:83,16
DA:85,16
DA:86,16
DA:87,0
DA:88,0
DA:89,0
DA:93,16
DA:96,16
DA:97,16
DA:100,16
DA:101,0
DA:106,1
DA:110,1
LF:45
LH:38
BRDA:10,0,0,7
BRDA:25,1,0,6
BRDA:25,2,0,6
BRDA:26,3,0,0
BRDA:42,4,0,0
BRDA:42,4,1,7
BRDA:52,5,0,1
BRDA:53,6,0,0
BRDA:64,7,0,1
BRDA:67,8,0,0
BRDA:67,8,1,1
BRDA:67,9,0,1
BRDA:67,9,1,1
BRDA:74,10,0,0
BRDA:74,10,1,2
BRDA:74,11,0,2
BRDA:74,11,1,2
BRDA:83,12,0,0
BRDA:89,13,0,0
BRDA:89,13,1,0
BRF:20
BRH:12
end_of_record
TN:
SF:src/layouts/index.ts
FN:1,(anonymous_0)
FN:2,(anonymous_1)
FN:3,(anonymous_2)
FNF:3
FNH:0
FNDA:0,(anonymous_0)
FNDA:0,(anonymous_1)
FNDA:0,(anonymous_2)
DA:1,0
DA:2,0
DA:3,0
LF:3
LH:0
BRF:0
BRH:0
end_of_record
TN:
SF:src/qml/QML.ts
FN:7,(anonymous_0)
FN:12,(anonymous_1)
FN:16,(anonymous_2)
FN:22,(anonymous_3)
FNF:4
FNH:4
FNDA:5,(anonymous_0)
FNDA:2,(anonymous_1)
FNDA:7,(anonymous_2)
FNDA:4,(anonymous_3)
DA:1,1
DA:3,1
DA:4,5
DA:8,5
DA:9,5
DA:13,2
DA:17,7
DA:18,7
DA:19,7
DA:23,4
LF:10
LH:10
BRF:0
BRH:0
end_of_record
TN:
SF:src/qml/QMLEngine.ts
FN:17,(anonymous_0)
FN:22,(anonymous_1)
FN:23,(anonymous_2)
FN:28,(anonymous_3)
FN:37,(anonymous_4)
FN:56,(anonymous_5)
FN:64,(anonymous_6)
FNF:7
FNH:0
FNDA:0,(anonymous_0)
FNDA:0,(anonymous_1)
FNDA:0,(anonymous_2)
FNDA:0,(anonymous_3)
FNDA:0,(anonymous_4)
FNDA:0,(anonymous_5)
FNDA:0,(anonymous_6)
DA:1,0
DA:2,0
DA:3,0
DA:4,0
DA:14,0
DA:15,0
DA:18,0
DA:19,0
DA:23,0
DA:24,0
DA:29,0
DA:30,0
DA:31,0
DA:32,0
DA:33,0
DA:34,0
DA:38,0
DA:39,0
DA:40,0
DA:41,0
DA:45,0
DA:46,0
DA:47,0
DA:50,0
DA:51,0
DA:53,0
DA:56,0
DA:57,0
DA:58,0
DA:59,0
DA:64,0
DA:65,0
DA:66,0
DA:67,0
DA:68,0
DA:72,0
LF:36
LH:0
BRDA:37,0,0,0
BRDA:40,1,0,0
BRDA:46,2,0,0
BRDA:46,2,1,0
BRDA:47,3,0,0
BRDA:47,3,1,0
BRDA:50,4,0,0
BRDA:58,5,0,0
BRDA:65,6,0,0
BRDA:65,6,1,0
BRDA:66,7,0,0
BRDA:66,8,0,0
BRDA:66,8,1,0
BRDA:72,9,0,0
BRDA:72,9,1,0
BRF:15
BRH:0
end_of_record
TN:
SF:src/qml/QMLParser.ts
FN:2,(anonymous_0)
FN:14,(anonymous_1)
FN:18,(anonymous_2)
FN:27,(anonymous_3)
FNF:4
FNH:0
FNDA:0,(anonymous_0)
FNDA:0,(anonymous_1)
FNDA:0,(anonymous_2)
FNDA:0,(anonymous_3)
DA:1,0
DA:3,0
DA:4,0
DA:5,0
DA:6,0
DA:7,0
DA:9,0
DA:10,0
DA:15,0
DA:16,0
DA:17,0
DA:18,0
DA:19,0
DA:23,0
DA:24,0
DA:25,0
DA:27,0
DA:28,0
LF:18
LH:0
BRDA:17,0,0,0
BRDA:17,0,1,0
BRDA:18,1,0,0
BRDA:18,1,1,0
BRF:4
BRH:0
end_of_record
TN:
SF:src/qml/QtComponents.ts
FNF:0
FNH:0
DA:1,0
DA:2,0
DA:4,0
LF:3
LH:0
BRF:0
BRH:0
end_of_record
TN:
SF:src/qml/index.ts
FN:1,(anonymous_4)
FN:2,(anonymous_5)
FN:3,(anonymous_6)
FNF:3
FNH:0
FNDA:0,(anonymous_4)
FNDA:0,(anonymous_5)
FNDA:0,(anonymous_6)
DA:1,0
DA:2,0
DA:3,0
DA:4,0
LF:4
LH:0
BRF:0
BRH:0
end_of_record
TN:
SF:src/widgets/QCheckBox.ts
FN:11,(anonymous_0)
FN:20,(anonymous_1)
FN:25,(anonymous_2)
FN:33,(anonymous_3)
FN:38,(anonymous_4)
FN:42,(anonymous_5)
FN:49,(anonymous_6)
FN:53,(anonymous_7)
FN:57,(anonymous_8)
FN:61,(anonymous_9)
FN:65,(anonymous_10)
FN:69,(anonymous_11)
FNF:12
FNH:0
FNDA:0,(anonymous_0)
FNDA:0,(anonymous_1)
FNDA:0,(anonymous_2)
FNDA:0,(anonymous_3)
FNDA:0,(anonymous_4)
FNDA:0,(anonymous_5)
FNDA:0,(anonymous_6)
FNDA:0,(anonymous_7)
FNDA:0,(anonymous_8)
FNDA:0,(anonymous_9)
FNDA:0,(anonymous_10)
FNDA:0,(anonymous_11)
DA:1,0
DA:2,0
DA:4,0
DA:7,0
DA:8,0
DA:9,0
DA:12,0
DA:13,0
DA:14,0
DA:15,0
DA:16,0
DA:17,0
DA:21,0
DA:22,0
DA:23,0
DA:25,0
DA:26,0
DA:28,0
DA:29,0
DA:34,0
DA:35,0
DA:39,0
DA:43,0
DA:44,0
DA:45,0
DA:46,0
DA:50,0
DA:54,0
DA:58,0
DA:62,0
DA:66,0
DA:70,0
LF:32
LH:0
BRDA:11,0,0,0
BRDA:11,1,0,0
BRDA:26,2,0,0
BRDA:26,2,1,0
BRDA:53,3,0,0
BRDA:62,4,0,0
BRDA:62,4,1,0
BRF:7
BRH:0
end_of_record
TN:
SF:src/widgets/QComboBox.ts
FN:13,(anonymous_0)
FN:33,(anonymous_1)
FN:40,(anonymous_2)
FN:42,(anonymous_3)
FN:48,(anonymous_4)
FN:55,(anonymous_5)
FN:62,(anonymous_6)
FN:67,(anonymous_7)
FN:74,(anonymous_8)
FN:78,(anonymous_9)
FN:82,(anonymous_10)
FN:87,(anonymous_11)
FN:92,(anonymous_12)
FN:96,(anonymous_13)
FN:100,(anonymous_14)
FN:106,(anonymous_15)
FN:110,(anonymous_16)
FN:117,(anonymous_17)
FN:118,(anonymous_18)
FN:128,(anonymous_19)
FNF:20
FNH:11
FNDA:4,(anonymous_0)
FNDA:0,(anonymous_1)
FNDA:0,(anonymous_2)
FNDA:0,(anonymous_3)
FNDA:7,(anonymous_4)
FNDA:0,(anonymous_5)
FNDA:1,(anonymous_6)
FNDA:0,(anonymous_7)
FNDA:1,(anonymous_8)
FNDA:1,(anonymous_9)
FNDA:0,(anonymous_10)
FNDA:0,(anonymous_11)
FNDA:2,(anonymous_12)
FNDA:1,(anonymous_13)
FNDA:2,(anonymous_14)
FNDA:0,(anonymous_15)
FNDA:0,(anonymous_16)
FNDA:1,(anonymous_17)
FNDA:1,(anonymous_18)
FNDA:1,(anonymous_19)
DA:1,1
DA:4,1
DA:6,4
DA:7,4
DA:8,4
DA:9,4
DA:10,4
DA:11,4
DA:14,4
DA:15,4
DA:16,4
DA:17,4
DA:19,4
DA:25,4
DA:26,4
DA:27,4
DA:28,4
DA:29,4
DA:30,4
DA:31,4
DA:33,4
DA:34,0
DA:35,0
DA:36,0
DA:41,0
DA:42,0
DA:43,0
DA:45,0
DA:49,7
DA:50,7
DA:51,7
DA:52,7
DA:56,0
DA:57,0
DA:58,0
DA:59,0
DA:63,1
DA:64,1
DA:68,0
DA:69,0
DA:70,0
DA:75,1
DA:79,1
DA:83,0
DA:88,0
DA:89,0
DA:93,2
DA:97,1
DA:101,2
DA:102,2
DA:103,2
DA:107,0
DA:111,0
DA:112,0
DA:117,1
DA:118,1
DA:119,1
DA:120,1
DA:121,1
DA:122,1
DA:123,1
DA:124,1
DA:125,1
DA:128,1
DA:129,1
DA:130,1
DA:131,1
LF:67
LH:47
BRDA:13,0,0,4
BRDA:41,1,0,0
BRDA:41,2,0,0
BRDA:41,2,1,0
BRDA:48,3,0,6
BRDA:55,4,0,0
BRDA:68,5,0,0
BRDA:68,6,0,0
BRDA:68,6,1,0
BRDA:75,7,0,1
BRDA:75,7,1,0
BRDA:75,8,0,1
BRDA:75,8,1,1
BRDA:75,9,0,0
BRDA:75,9,1,1
BRDA:75,10,0,1
BRDA:75,10,1,1
BRDA:79,11,0,1
BRDA:79,11,1,0
BRDA:79,12,0,1
BRDA:79,12,1,1
BRDA:79,13,0,0
BRDA:79,13,1,1
BRDA:79,14,0,1
BRDA:79,14,1,1
BRDA:107,15,0,0
BRDA:107,15,1,0
BRDA:107,16,0,0
BRDA:107,16,1,0
BRDA:107,17,0,0
BRDA:107,17,1,0
BRDA:107,18,0,0
BRDA:107,18,1,0
BRDA:118,19,0,1
BRDA:118,19,1,1
BRDA:128,20,0,1
BRDA:128,20,1,1
BRDA:117,21,0,1
BRDA:117,21,1,0
BRF:39
BRH:19
end_of_record
TN:
SF:src/widgets/QDialog.ts
FN:6,(anonymous_0)
FN:19,(anonymous_1)
FN:41,(anonymous_2)
FN:48,(anonymous_3)
FN:55,(anonymous_4)
FN:62,(anonymous_5)
FN:69,(anonymous_6)
FN:78,(anonymous_7)
FN:87,(anonymous_8)
FN:95,(anonymous_9)
FN:107,(anonymous_10)
FN:115,(anonymous_11)
FN:130,(anonymous_12)
FN:151,(anonymous_13)
FNF:14
FNH:12
FNDA:1,(anonymous_0)
FNDA:10,(anonymous_1)
FNDA:4,(anonymous_2)
FNDA:3,(anonymous_3)
FNDA:4,(anonymous_4)
FNDA:5,(anonymous_5)
FNDA:1,(anonymous_6)
FNDA:1,(anonymous_7)
FNDA:5,(anonymous_8)
FNDA:0,(anonymous_9)
FNDA:4,(anonymous_10)
FNDA:5,(anonymous_11)
FNDA:0,(anonymous_12)
FNDA:4,(anonymous_13)
DA:1,1
DA:4,1
DA:6,1
DA:7,1
DA:8,1
DA:14,1
DA:15,10
DA:16,10
DA:17,10
DA:20,10
DA:23,10
DA:42,4
DA:49,3
DA:56,4
DA:63,5
DA:70,1
DA:71,1
DA:72,1
DA:79,1
DA:80,1
DA:81,1
DA:88,5
DA:89,5
DA:96,0
DA:97,0
DA:98,0
DA:101,0
DA:108,4
DA:109,4
DA:117,5
DA:118,2
DA:119,2
DA:130,2
DA:131,0
DA:134,2
DA:138,5
DA:143,5
DA:144,0
DA:153,4
DA:158,4
DA:159,1
DA:160,1
LF:42
LH:36
BRDA:6,0,0,1
BRDA:6,0,1,1
BRDA:117,1,0,2
BRDA:117,2,0,5
BRDA:117,2,1,2
BRDA:143,3,0,0
BRDA:158,4,0,1
BRDA:158,5,0,4
BRDA:158,5,1,1
BRF:9
BRH:8
end_of_record
TN:
SF:src/widgets/QLabel.ts
FN:12,(anonymous_0)
FN:19,(anonymous_1)
FN:25,(anonymous_2)
FN:34,(anonymous_3)
FN:38,(anonymous_4)
FN:43,(anonymous_5)
FN:48,(anonymous_6)
FN:54,(anonymous_7)
FN:61,(anonymous_8)
FN:66,(anonymous_9)
FNF:10
FNH:0
FNDA:0,(anonymous_0)
FNDA:0,(anonymous_1)
FNDA:0,(anonymous_2)
FNDA:0,(anonymous_3)
FNDA:0,(anonymous_4)
FNDA:0,(anonymous_5)
FNDA:0,(anonymous_6)
FNDA:0,(anonymous_7)
FNDA:0,(anonymous_8)
FNDA:0,(anonymous_9)
DA:1,0
DA:2,0
DA:4,0
DA:5,0
DA:6,0
DA:7,0
DA:8,0
DA:9,0
DA:10,0
DA:13,0
DA:14,0
DA:15,0
DA:16,0
DA:20,0
DA:21,0
DA:22,0
DA:26,0
DA:27,0
DA:28,0
DA:30,0
DA:35,0
DA:39,0
DA:40,0
DA:44,0
DA:45,0
DA:49,0
DA:50,0
DA:51,0
DA:55,0
DA:56,0
DA:57,0
DA:62,0
DA:63,0
DA:67,0
DA:68,0
DA:69,0
DA:70,0
DA:71,0
DA:73,0
LF:39
LH:0
BRDA:12,0,0,0
BRDA:12,1,0,0
BRDA:27,2,0,0
BRDA:27,2,1,0
BRDA:50,3,0,0
BRDA:50,3,1,0
BRDA:51,4,0,0
BRDA:51,4,1,0
BRDA:56,5,0,0
BRDA:68,6,0,0
BRDA:68,6,1,0
BRDA:70,7,0,0
BRF:12
BRH:0
end_of_record
TN:
SF:src/widgets/QLineEdit.ts
FN:11,(anonymous_0)
FN:34,(anonymous_1)
FN:35,(anonymous_2)
FN:38,(anonymous_3)
FN:41,(anonymous_4)
FN:44,(anonymous_5)
FN:51,(anonymous_6)
FN:56,(anonymous_7)
FN:60,(anonymous_8)
FN:65,(anonymous_9)
FN:69,(anonymous_10)
FN:74,(anonymous_11)
FN:78,(anonymous_12)
FN:83,(anonymous_13)
FN:87,(anonymous_14)
FN:106,(anonymous_15)
FN:110,(anonymous_16)
FN:115,(anonymous_17)
FN:116,(anonymous_18)
FNF:19
FNH:12
FNDA:5,(anonymous_0)
FNDA:5,(anonymous_1)
FNDA:0,(anonymous_2)
FNDA:0,(anonymous_3)
FNDA:0,(anonymous_4)
FNDA:0,(anonymous_5)
FNDA:7,(anonymous_6)
FNDA:1,(anonymous_7)
FNDA:1,(anonymous_8)
FNDA:1,(anonymous_9)
FNDA:1,(anonymous_10)
FNDA:1,(anonymous_11)
FNDA:1,(anonymous_12)
FNDA:1,(anonymous_13)
FNDA:0,(anonymous_14)
FNDA:0,(anonymous_15)
FNDA:0,(anonymous_16)
FNDA:1,(anonymous_17)
FNDA:1,(anonymous_18)
DA:1,1
DA:4,1
DA:6,5
DA:7,5
DA:8,5
DA:9,5
DA:12,5
DA:13,5
DA:14,5
DA:15,5
DA:16,5
DA:17,5
DA:18,5
DA:20,5
DA:26,5
DA:27,5
DA:28,5
DA:29,5
DA:30,5
DA:31,5
DA:35,5
DA:36,0
DA:38,5
DA:39,0
DA:41,5
DA:42,0
DA:44,5
DA:45,0
DA:46,0
DA:52,7
DA:53,7
DA:57,1
DA:61,1
DA:62,1
DA:66,1
DA:70,1
DA:71,1
DA:75,1
DA:79,1
DA:80,1
DA:84,1
DA:88,0
DA:89,0
DA:91,0
DA:92,0
DA:94,0
DA:95,0
DA:97,0
DA:98,0
DA:99,0
DA:101,0
DA:102,0
DA:107,0
DA:111,0
DA:115,1
DA:116,1
DA:117,1
DA:118,1
DA:119,1
DA:120,1
LF:60
LH:42
BRDA:11,0,0,5
BRDA:11,1,0,5
BRDA:45,2,0,0
BRDA:89,3,0,0
BRDA:89,3,1,0
BRDA:89,3,2,0
BRDA:89,3,3,0
BRDA:116,4,0,1
BRDA:116,4,1,1
BRDA:115,5,0,1
BRDA:115,5,1,0
BRF:11
BRH:5
end_of_record
TN:
SF:src/widgets/QPushButton.ts
FN:12,(anonymous_0)
FN:30,(anonymous_1)
FN:34,(anonymous_2)
FN:38,(anonymous_3)
FN:39,(anonymous_4)
FN:40,(anonymous_5)
FN:41,(anonymous_6)
FN:44,(anonymous_7)
FN:47,(anonymous_8)
FN:48,(anonymous_9)
FN:56,(anonymous_10)
FN:63,(anonymous_11)
FN:69,(anonymous_12)
FN:76,(anonymous_13)
FN:79,(anonymous_14)
FN:80,(anonymous_15)
FN:87,(anonymous_16)
FN:94,(anonymous_17)
FN:101,(anonymous_18)
FN:105,(anonymous_19)
FN:113,(anonymous_20)
FN:117,(anonymous_21)
FN:123,(anonymous_22)
FN:130,(anonymous_23)
FN:134,(anonymous_24)
FN:138,(anonymous_25)
FN:154,(anonymous_26)
FN:158,(anonymous_27)
FN:162,(anonymous_28)
FNF:29
FNH:10
FNDA:4,(anonymous_0)
FNDA:0,(anonymous_1)
FNDA:0,(anonymous_2)
FNDA:0,(anonymous_3)
FNDA:0,(anonymous_4)
FNDA:0,(anonymous_5)
FNDA:0,(anonymous_6)
FNDA:0,(anonymous_7)
FNDA:0,(anonymous_8)
FNDA:0,(anonymous_9)
FNDA:0,(anonymous_10)
FNDA:0,(anonymous_11)
FNDA:0,(anonymous_12)
FNDA:0,(anonymous_13)
FNDA:0,(anonymous_14)
FNDA:0,(anonymous_15)
FNDA:0,(anonymous_16)
FNDA:1,(anonymous_17)
FNDA:1,(anonymous_18)
FNDA:1,(anonymous_19)
FNDA:1,(anonymous_20)
FNDA:1,(anonymous_21)
FNDA:1,(anonymous_22)
FNDA:0,(anonymous_23)
FNDA:0,(anonymous_24)
FNDA:1,(anonymous_25)
FNDA:4,(anonymous_26)
FNDA:1,(anonymous_27)
FNDA:0,(anonymous_28)
DA:1,1
DA:2,1
DA:4,1
DA:5,4
DA:6,4
DA:7,4
DA:8,4
DA:9,4
DA:10,4
DA:13,4
DA:14,4
DA:15,4
DA:16,4
DA:30,4
DA:31,0
DA:34,4
DA:35,0
DA:38,4
DA:39,4
DA:40,4
DA:41,4
DA:45,0
DA:46,0
DA:47,0
DA:48,0
DA:49,0
DA:53,0
DA:57,0
DA:58,0
DA:60,0
DA:64,0
DA:65,0
DA:70,0
DA:71,0
DA:73,0
DA:77,0
DA:78,0
DA:79,0
DA:80,0
DA:81,0
DA:88,0
DA:89,0
DA:90,0
DA:95,1
DA:96,1
DA:97,0
DA:102,1
DA:106,1
DA:107,1
DA:108,1
DA:109,1
DA:114,1
DA:118,1
DA:119,1
DA:124,1
DA:125,1
DA:126,0
DA:131,0
DA:135,0
DA:139,1
DA:140,1
DA:141,1
DA:146,0
DA:147,0
DA:155,4
DA:159,1
DA:163,0
LF:67
LH:36
BRDA:12,0,0,0
BRDA:12,1,0,4
BRDA:45,2,0,0
BRDA:57,3,0,0
BRDA:64,4,0,0
BRDA:70,5,0,0
BRDA:77,6,0,0
BRDA:88,7,0,0
BRDA:96,8,0,0
BRDA:106,9,0,1
BRDA:106,10,0,1
BRDA:106,10,1,1
BRDA:118,11,0,1
BRDA:125,12,0,0
BRDA:139,13,0,1
BRDA:139,13,1,0
BRDA:159,14,0,1
BRDA:159,14,1,0
BRF:18
BRH:7
end_of_record
TN:
SF:src/widgets/QSpacer.ts
FN:22,(anonymous_0)
FN:45,(anonymous_1)
FN:52,(anonymous_2)
FN:60,(anonymous_3)
FN:68,(anonymous_4)
FN:76,(anonymous_5)
FN:84,(anonymous_6)
FNF:7
FNH:7
FNDA:4,(anonymous_0)
FNDA:4,(anonymous_1)
FNDA:4,(anonymous_2)
FNDA:1,(anonymous_3)
FNDA:1,(anonymous_4)
FNDA:1,(anonymous_5)
FNDA:1,(anonymous_6)
DA:1,1
DA:2,1
DA:8,1
DA:28,4
DA:29,4
DA:30,4
DA:31,4
DA:32,4
DA:35,4
DA:36,4
DA:37,4
DA:38,4
DA:39,4
DA:46,4
DA:53,4
DA:61,1
DA:69,1
DA:77,1
DA:85,1
LF:19
LH:19
BRDA:23,0,0,2
BRDA:24,1,0,2
BRDA:25,2,0,2
BRDA:26,3,0,2
BRDA:76,4,0,0
BRDA:84,5,0,0
BRF:6
BRH:4
end_of_record
TN:
SF:src/widgets/QTextEdit.ts
FN:10,(anonymous_0)
FN:19,(anonymous_1)
FN:20,(anonymous_2)
FN:23,(anonymous_3)
FN:26,(anonymous_4)
FN:31,(anonymous_5)
FN:36,(anonymous_6)
FN:40,(anonymous_7)
FN:47,(anonymous_8)
FN:51,(anonymous_9)
FN:55,(anonymous_10)
FN:60,(anonymous_11)
FN:64,(anonymous_12)
FN:69,(anonymous_13)
FN:73,(anonymous_14)
FNF:15
FNH:7
FNDA:4,(anonymous_0)
FNDA:4,(anonymous_1)
FNDA:0,(anonymous_2)
FNDA:0,(anonymous_3)
FNDA:0,(anonymous_4)
FNDA:2,(anonymous_5)
FNDA:0,(anonymous_6)
FNDA:1,(anonymous_7)
FNDA:1,(anonymous_8)
FNDA:0,(anonymous_9)
FNDA:1,(anonymous_10)
FNDA:1,(anonymous_11)
FNDA:0,(anonymous_12)
FNDA:0,(anonymous_13)
FNDA:0,(anonymous_14)
DA:1,1
DA:4,1
DA:6,4
DA:7,4
DA:8,4
DA:11,4
DA:12,4
DA:13,4
DA:14,4
DA:15,4
DA:16,4
DA:20,4
DA:21,0
DA:23,4
DA:24,0
DA:26,4
DA:27,0
DA:32,2
DA:33,2
DA:37,0
DA:41,1
DA:42,1
DA:43,1
DA:48,1
DA:52,0
DA:56,1
DA:57,1
DA:61,1
DA:65,0
DA:66,0
DA:70,0
DA:74,0
DA:75,0
LF:33
LH:23
BRDA:10,0,0,4
BRDA:41,1,0,1
BRDA:48,2,0,1
BRDA:48,2,1,0
BRF:4
BRH:3
end_of_record
TN:
SF:src/widgets/QWidget.ts
FN:15,(anonymous_0)
FN:30,(anonymous_1)
FN:35,(anonymous_2)
FN:39,(anonymous_3)
FN:43,(anonymous_4)
FN:50,(anonymous_5)
FN:57,(anonymous_6)
FN:61,(anonymous_7)
FN:65,(anonymous_8)
FN:69,(anonymous_9)
FN:73,(anonymous_10)
FN:79,(anonymous_11)
FN:83,(anonymous_12)
FN:88,(anonymous_13)
FN:94,(anonymous_14)
FN:100,(anonymous_15)
FN:104,(anonymous_16)
FN:110,(anonymous_17)
FN:140,(anonymous_18)
FN:145,(anonymous_19)
FNF:20
FNH:9
FNDA:62,(anonymous_0)
FNDA:1,(anonymous_1)
FNDA:1,(anonymous_2)
FNDA:34,(anonymous_3)
FNDA:1,(anonymous_4)
FNDA:0,(anonymous_5)
FNDA:0,(anonymous_6)
FNDA:28,(anonymous_7)
FNDA:0,(anonymous_8)
FNDA:0,(anonymous_9)
FNDA:1,(anonymous_10)
FNDA:1,(anonymous_11)
FNDA:0,(anonymous_12)
FNDA:0,(anonymous_13)
FNDA:0,(anonymous_14)
FNDA:62,(anonymous_15)
FNDA:0,(anonymous_16)
FNDA:0,(anonymous_17)
FNDA:0,(anonymous_18)
FNDA:0,(anonymous_19)
DA:1,9
DA:2,9
DA:4,9
DA:8,62
DA:9,62
DA:10,62
DA:12,62
DA:13,62
DA:16,62
DA:17,62
DA:18,62
DA:19,62
DA:20,62
DA:21,62
DA:22,62
DA:23,62
DA:24,62
DA:25,62
DA:26,62
DA:27,62
DA:31,1
DA:32,1
DA:36,1
DA:40,34
DA:44,1
DA:45,1
DA:46,1
DA:47,1
DA:51,0
DA:52,0
DA:53,0
DA:58,0
DA:62,28
DA:66,0
DA:70,0
DA:74,1
DA:75,1
DA:76,1
DA:80,1
DA:84,0
DA:85,0
DA:89,0
DA:90,0
DA:91,0
DA:95,0
DA:96,0
DA:97,0
DA:101,62
DA:105,0
DA:106,0
DA:107,0
DA:111,0
DA:112,0
DA:113,0
DA:115,0
DA:117,0
DA:118,0
DA:120,0
DA:121,0
DA:124,0
DA:125,0
DA:127,0
DA:128,0
DA:130,0
DA:132,0
DA:133,0
DA:135,0
DA:141,0
DA:142,0
LF:69
LH:34
BRDA:15,0,0,41
BRDA:32,1,0,0
BRDA:32,1,1,1
BRDA:52,2,0,0
BRDA:75,3,0,0
BRDA:75,3,1,1
BRDA:76,4,0,0
BRDA:76,4,1,1
BRDA:101,5,0,62
BRDA:101,5,1,0
BRDA:107,6,0,0
BRDA:107,6,1,0
BRDA:112,7,0,0
BRDA:112,7,1,0
BRDA:115,8,0,0
BRDA:115,8,1,0
BRDA:115,8,2,0
BRDA:115,8,3,0
BRDA:115,8,4,0
BRDA:115,8,5,0
BRDA:115,8,6,0
BRDA:127,9,0,0
BRF:22
BRH:5
end_of_record
TN:
SF:src/widgets/index.ts
FN:1,(anonymous_0)
FN:2,(anonymous_1)
FN:3,(anonymous_2)
FN:4,(anonymous_3)
FN:5,(anonymous_4)
FN:6,(anonymous_5)
FN:7,(anonymous_6)
FN:8,(anonymous_7)
FN:9,(anonymous_8)
FN:9,(anonymous_9)
FNF:10
FNH:0
FNDA:0,(anonymous_0)
FNDA:0,(anonymous_1)
FNDA:0,(anonymous_2)
FNDA:0,(anonymous_3)
FNDA:0,(anonymous_4)
FNDA:0,(anonymous_5)
FNDA:0,(anonymous_6)
FNDA:0,(anonymous_7)
FNDA:0,(anonymous_8)
FNDA:0,(anonymous_9)
DA:1,0
DA:2,0
DA:3,0
DA:4,0
DA:5,0
DA:6,0
DA:7,0
DA:8,0
DA:9,0
LF:9
LH:0
BRF:0
BRH:0
end_of_record
