TN:
SF:src/index.ts
FN:8,(anonymous_0)
FN:107,(anonymous_1)
FN:111,(anonymous_2)
FN:129,(anonymous_3)
FN:140,(anonymous_4)
FNF:5
FNH:0
FNDA:0,(anonymous_0)
FNDA:0,(anonymous_1)
FNDA:0,(anonymous_2)
FNDA:0,(anonymous_3)
FNDA:0,(anonymous_4)
DA:1,0
DA:5,0
DA:8,0
DA:10,0
DA:12,0
DA:13,0
DA:14,0
DA:15,0
DA:19,0
DA:20,0
DA:21,0
DA:22,0
DA:27,0
DA:28,0
DA:29,0
DA:30,0
DA:44,0
DA:45,0
DA:46,0
DA:55,0
DA:60,0
DA:61,0
DA:62,0
DA:70,0
DA:76,0
DA:77,0
DA:84,0
DA:85,0
DA:86,0
DA:103,0
DA:104,0
DA:107,0
DA:108,0
DA:111,0
DA:112,0
DA:116,0
DA:117,0
DA:118,0
DA:119,0
DA:127,0
DA:129,0
DA:130,0
DA:131,0
DA:134,0
DA:140,0
DA:141,0
DA:151,0
DA:154,0
DA:155,0
LF:49
LH:0
BRDA:13,0,0,0
BRDA:131,1,0,0
BRDA:131,1,1,0
BRF:3
BRH:0
end_of_record
TN:
SF:src/core/QDebug.ts
FN:13,(anonymous_0)
FN:28,(anonymous_1)
FN:35,(anonymous_2)
FN:38,(anonymous_3)
FN:78,(anonymous_4)
FN:81,(anonymous_5)
FN:95,(anonymous_6)
FN:162,(anonymous_7)
FN:182,(anonymous_8)
FN:200,(anonymous_9)
FN:205,(anonymous_10)
FN:213,(anonymous_11)
FN:214,(anonymous_12)
FN:218,(anonymous_13)
FN:232,(anonymous_14)
FN:241,(anonymous_15)
FNF:16
FNH:2
FNDA:0,(anonymous_0)
FNDA:196,(anonymous_1)
FNDA:0,(anonymous_2)
FNDA:0,(anonymous_3)
FNDA:0,(anonymous_4)
FNDA:0,(anonymous_5)
FNDA:0,(anonymous_6)
FNDA:0,(anonymous_7)
FNDA:0,(anonymous_8)
FNDA:0,(anonymous_9)
FNDA:0,(anonymous_10)
FNDA:0,(anonymous_11)
FNDA:0,(anonymous_12)
FNDA:0,(anonymous_13)
FNDA:0,(anonymous_14)
FNDA:196,(anonymous_15)
DA:6,10
DA:7,10
DA:8,10
DA:14,0
DA:16,0
DA:17,0
DA:18,0
DA:20,0
DA:21,0
DA:29,196
DA:36,0
DA:38,0
DA:39,0
DA:43,0
DA:44,0
DA:45,0
DA:46,0
DA:71,0
DA:79,0
DA:81,0
DA:82,0
DA:86,0
DA:87,0
DA:88,0
DA:97,0
DA:98,0
DA:99,0
DA:103,0
DA:104,0
DA:106,0
DA:123,0
DA:124,0
DA:125,0
DA:131,0
DA:134,0
DA:135,0
DA:136,0
DA:138,0
DA:139,0
DA:147,0
DA:150,0
DA:151,0
DA:152,0
DA:162,0
DA:163,0
DA:166,0
DA:169,0
DA:170,0
DA:171,0
DA:182,0
DA:183,0
DA:186,0
DA:189,0
DA:192,0
DA:194,0
DA:202,0
DA:203,0
DA:205,0
DA:206,0
DA:207,0
DA:208,0
DA:209,0
DA:211,0
DA:213,0
DA:214,0
DA:218,0
DA:219,0
DA:220,0
DA:221,0
DA:222,0
DA:224,0
DA:226,0
DA:229,0
DA:230,0
DA:232,0
DA:235,0
DA:242,196
DA:244,196
DA:245,196
DA:247,196
DA:248,196
DA:251,196
DA:252,196
DA:253,196
DA:254,0
DA:257,196
DA:258,0
LF:87
LH:13
BRDA:16,0,0,0
BRDA:16,0,1,0
BRDA:43,1,0,0
BRDA:87,2,0,0
BRDA:98,3,0,0
BRDA:205,4,0,0
BRDA:207,5,0,0
BRDA:207,5,1,0
BRDA:208,6,0,0
BRDA:208,6,1,0
BRDA:211,7,0,0
BRDA:211,7,1,0
BRDA:211,8,0,0
BRDA:211,8,1,0
BRDA:221,9,0,0
BRDA:229,10,0,0
BRDA:229,10,1,0
BRDA:242,11,0,0
BRDA:242,12,0,196
BRDA:242,12,1,196
BRDA:245,13,0,0
BRDA:251,14,0,196
BRDA:251,15,0,196
BRDA:251,15,1,196
BRDA:253,16,0,0
BRDA:257,17,0,0
BRF:26
BRH:5
end_of_record
TN:
SF:src/core/QObject.ts
FN:13,(anonymous_0)
FN:19,(anonymous_1)
FN:23,(anonymous_2)
FN:27,(anonymous_3)
FN:28,(anonymous_4)
FN:31,(anonymous_5)
FN:35,(anonymous_6)
FN:39,(anonymous_7)
FN:45,(anonymous_8)
FN:53,(anonymous_9)
FN:59,(anonymous_10)
FN:61,(anonymous_11)
FN:65,(anonymous_12)
FN:75,(anonymous_13)
FN:79,(anonymous_14)
FN:83,(anonymous_15)
FN:84,(anonymous_16)
FN:87,(anonymous_17)
FN:94,(anonymous_18)
FNF:19
FNH:10
FNDA:340,(anonymous_0)
FNDA:1,(anonymous_1)
FNDA:197,(anonymous_2)
FNDA:0,(anonymous_3)
FNDA:0,(anonymous_4)
FNDA:0,(anonymous_5)
FNDA:0,(anonymous_6)
FNDA:0,(anonymous_7)
FNDA:27,(anonymous_8)
FNDA:1,(anonymous_9)
FNDA:60,(anonymous_10)
FNDA:17,(anonymous_11)
FNDA:5,(anonymous_12)
FNDA:1,(anonymous_13)
FNDA:1,(anonymous_14)
FNDA:0,(anonymous_15)
FNDA:0,(anonymous_16)
FNDA:0,(anonymous_17)
FNDA:0,(anonymous_18)
DA:1,18
DA:6,18
DA:7,340
DA:8,340
DA:9,340
DA:10,340
DA:11,340
DA:14,340
DA:15,5
DA:20,1
DA:24,197
DA:28,0
DA:32,0
DA:36,0
DA:38,0
DA:39,0
DA:40,0
DA:41,0
DA:42,0
DA:46,27
DA:47,27
DA:48,27
DA:50,27
DA:54,1
DA:55,1
DA:60,60
DA:61,18
DA:66,5
DA:67,0
DA:69,5
DA:70,5
DA:71,5
DA:76,1
DA:80,1
DA:84,0
DA:88,0
DA:89,0
DA:90,0
DA:95,0
DA:96,0
DA:97,0
DA:100,0
LF:42
LH:25
BRDA:13,0,0,129
BRDA:14,1,0,5
BRDA:36,2,0,0
BRDA:45,3,0,27
BRDA:46,4,0,0
BRDA:47,5,0,27
BRDA:54,6,0,1
BRDA:60,7,0,18
BRDA:66,8,0,0
BRDA:67,9,0,0
BRDA:67,9,1,0
BRDA:67,10,0,0
BRDA:67,10,1,0
BRDA:70,11,0,5
BRDA:70,12,0,5
BRDA:70,12,1,5
BRDA:88,13,0,0
BRDA:96,14,0,0
BRF:18
BRH:9
end_of_record
TN:
SF:src/core/QReactiveProperty.ts
FN:22,(anonymous_0)
FN:30,(anonymous_1)
FN:38,(anonymous_2)
FN:57,(anonymous_3)
FN:66,(anonymous_4)
FN:82,(anonymous_5)
FN:92,(anonymous_6)
FN:93,(anonymous_7)
FN:107,(anonymous_8)
FNF:9
FNH:9
FNDA:7,(anonymous_0)
FNDA:6,(anonymous_1)
FNDA:8,(anonymous_2)
FNDA:1,(anonymous_3)
FNDA:1,(anonymous_4)
FNDA:1,(anonymous_5)
FNDA:6,(anonymous_6)
FNDA:2,(anonymous_7)
FNDA:1,(anonymous_8)
DA:1,1
DA:12,1
DA:14,7
DA:15,7
DA:16,7
DA:23,7
DA:24,7
DA:31,6
DA:40,8
DA:42,6
DA:43,6
DA:46,6
DA:49,6
DA:59,1
DA:62,1
DA:65,1
DA:67,1
DA:68,1
DA:73,1
DA:76,1
DA:83,1
DA:84,0
DA:85,0
DA:93,6
DA:94,2
DA:95,1
DA:97,1
DA:108,1
DA:109,1
DA:110,1
DA:111,1
DA:112,1
LF:32
LH:30
BRDA:40,0,0,2
BRDA:83,1,0,0
BRDA:94,2,0,1
BRDA:94,2,1,1
BRF:4
BRH:3
end_of_record
TN:
SF:src/core/QStyle.ts
FN:13,(anonymous_0)
FN:29,(anonymous_1)
FN:38,(anonymous_2)
FN:108,(anonymous_3)
FN:169,(anonymous_4)
FN:198,(anonymous_5)
FN:211,(anonymous_6)
FN:215,(anonymous_7)
FN:219,(anonymous_8)
FN:227,(anonymous_9)
FN:235,(anonymous_10)
FN:236,(anonymous_11)
FNF:12
FNH:5
FNDA:0,(anonymous_0)
FNDA:2,(anonymous_1)
FNDA:0,(anonymous_2)
FNDA:0,(anonymous_3)
FNDA:1,(anonymous_4)
FNDA:2,(anonymous_5)
FNDA:0,(anonymous_6)
FNDA:0,(anonymous_7)
FNDA:0,(anonymous_8)
FNDA:0,(anonymous_9)
FNDA:6,(anonymous_10)
FNDA:6,(anonymous_11)
DA:1,6
DA:9,6
DA:14,0
DA:15,0
DA:20,6
DA:22,6
DA:30,2
DA:39,0
DA:71,6
DA:73,6
DA:79,6
DA:86,6
DA:97,6
DA:109,0
DA:111,0
DA:113,0
DA:122,0
DA:124,0
DA:132,0
DA:134,0
DA:140,0
DA:142,0
DA:153,0
DA:155,0
DA:163,0
DA:166,0
DA:171,1
DA:172,3
DA:173,3
DA:174,2
DA:176,1
DA:182,1
DA:183,2
DA:184,2
DA:185,0
DA:187,2
DA:192,1
DA:200,2
DA:208,2
DA:221,0
DA:226,6
DA:228,0
DA:229,0
DA:230,0
DA:231,0
DA:235,6
DA:236,6
DA:237,6
DA:238,6
DA:239,6
LF:50
LH:28
BRDA:108,0,0,0
BRDA:111,1,0,0
BRDA:111,1,1,0
BRDA:111,1,2,0
BRDA:111,1,3,0
BRDA:111,1,4,0
BRDA:118,2,0,0
BRDA:118,2,1,0
BRDA:119,3,0,0
BRDA:119,3,1,0
BRDA:120,4,0,0
BRDA:120,4,1,0
BRDA:127,5,0,0
BRDA:127,5,1,0
BRDA:172,6,0,3
BRDA:173,7,0,2
BRDA:173,7,1,1
BRDA:173,8,0,3
BRDA:173,8,1,2
BRDA:183,9,0,2
BRDA:184,10,0,0
BRDA:184,10,1,2
BRDA:184,11,0,2
BRDA:184,11,1,0
BRDA:236,12,0,6
BRDA:236,12,1,6
BRDA:235,13,0,6
BRDA:235,13,1,6
BRF:28
BRH:12
end_of_record
TN:
SF:src/core/QStyleSheet.ts
FN:8,(anonymous_0)
FN:13,(anonymous_1)
FN:18,(anonymous_2)
FN:23,(anonymous_3)
FN:28,(anonymous_4)
FN:32,(anonymous_5)
FN:34,(anonymous_6)
FN:43,(anonymous_7)
FN:50,(anonymous_8)
FNF:9
FNH:7
FNDA:4,(anonymous_0)
FNDA:4,(anonymous_1)
FNDA:5,(anonymous_2)
FNDA:1,(anonymous_3)
FNDA:6,(anonymous_4)
FNDA:7,(anonymous_5)
FNDA:9,(anonymous_6)
FNDA:0,(anonymous_7)
FNDA:0,(anonymous_8)
DA:1,1
DA:2,1
DA:4,1
DA:5,4
DA:6,4
DA:9,4
DA:10,4
DA:14,4
DA:15,4
DA:19,5
DA:20,5
DA:24,1
DA:25,1
DA:29,6
DA:31,6
DA:32,6
DA:33,7
DA:34,7
DA:35,9
DA:37,7
DA:40,6
DA:45,0
DA:46,0
DA:47,0
DA:50,0
DA:51,0
DA:52,0
LF:27
LH:21
BRDA:29,0,0,0
BRDA:51,1,0,0
BRF:2
BRH:0
end_of_record
TN:
SF:src/core/Qt.ts
FN:10,(anonymous_0)
FN:102,(anonymous_1)
FN:103,(anonymous_2)
FN:111,(anonymous_3)
FN:122,(anonymous_4)
FN:129,(anonymous_5)
FN:135,(anonymous_6)
FN:143,(anonymous_7)
FN:152,(anonymous_8)
FN:158,(anonymous_9)
FN:169,(anonymous_10)
FN:176,create
FN:184,(anonymous_12)
FNF:13
FNH:13
FNDA:18,(anonymous_0)
FNDA:18,(anonymous_1)
FNDA:18,(anonymous_2)
FNDA:18,(anonymous_3)
FNDA:18,(anonymous_4)
FNDA:18,(anonymous_5)
FNDA:18,(anonymous_6)
FNDA:18,(anonymous_7)
FNDA:18,(anonymous_8)
FNDA:18,(anonymous_9)
FNDA:18,(anonymous_10)
FNDA:210,create
FNDA:18,(anonymous_12)
DA:10,18
DA:12,18
DA:13,18
DA:14,18
DA:15,18
DA:17,18
DA:18,18
DA:19,18
DA:21,18
DA:23,18
DA:24,18
DA:25,18
DA:26,18
DA:29,18
DA:30,18
DA:33,18
DA:34,18
DA:35,18
DA:36,18
DA:37,18
DA:38,18
DA:39,18
DA:42,18
DA:43,18
DA:44,18
DA:45,18
DA:46,18
DA:47,18
DA:48,18
DA:49,18
DA:50,18
DA:51,18
DA:54,18
DA:55,18
DA:56,18
DA:57,18
DA:58,18
DA:59,18
DA:62,18
DA:63,18
DA:64,18
DA:65,18
DA:66,18
DA:69,18
DA:70,18
DA:71,18
DA:72,18
DA:75,18
DA:76,18
DA:77,18
DA:80,18
DA:81,18
DA:82,18
DA:83,18
DA:84,18
DA:87,18
DA:88,18
DA:89,18
DA:90,18
DA:91,18
DA:92,18
DA:95,18
DA:96,18
DA:97,18
DA:102,18
DA:103,18
DA:104,18
DA:105,18
DA:106,18
DA:107,18
DA:108,18
DA:111,18
DA:112,18
DA:113,18
DA:114,18
DA:115,18
DA:116,18
DA:117,18
DA:118,18
DA:119,18
DA:122,18
DA:123,18
DA:124,18
DA:125,18
DA:126,18
DA:129,18
DA:130,18
DA:131,18
DA:132,18
DA:135,18
DA:136,18
DA:137,18
DA:138,18
DA:139,18
DA:140,18
DA:143,18
DA:144,18
DA:145,18
DA:146,18
DA:147,18
DA:148,18
DA:149,18
DA:152,18
DA:153,18
DA:154,18
DA:155,18
DA:158,18
DA:159,18
DA:160,18
DA:161,18
DA:162,18
DA:163,18
DA:164,18
DA:165,18
DA:169,18
DA:176,18
DA:177,210
DA:184,18
DA:185,18
DA:186,18
DA:187,18
DA:188,18
DA:190,18
DA:191,18
DA:192,18
DA:194,18
LF:126
LH:126
BRDA:10,0,0,18
BRDA:10,0,1,18
BRDA:103,1,0,18
BRDA:103,1,1,18
BRDA:111,2,0,18
BRDA:111,2,1,18
BRDA:122,3,0,18
BRDA:122,3,1,18
BRDA:129,4,0,18
BRDA:129,4,1,18
BRDA:135,5,0,18
BRDA:135,5,1,18
BRDA:143,6,0,18
BRDA:143,6,1,18
BRDA:152,7,0,18
BRDA:152,7,1,18
BRDA:158,8,0,18
BRDA:158,8,1,18
BRDA:178,9,0,210
BRDA:178,9,1,0
BRDA:179,10,0,210
BRDA:179,10,1,0
BRDA:169,11,0,18
BRDA:169,11,1,0
BRDA:184,12,0,18
BRDA:184,12,1,18
BRDA:102,13,0,18
BRDA:102,13,1,0
BRF:28
BRH:24
end_of_record
TN:
SF:src/core/index.ts
FN:1,(anonymous_4)
FN:2,(anonymous_5)
FN:3,(anonymous_6)
FN:4,(anonymous_7)
FN:5,(anonymous_8)
FN:6,(anonymous_9)
FN:7,(anonymous_10)
FN:7,(anonymous_11)
FNF:8
FNH:0
FNDA:0,(anonymous_4)
FNDA:0,(anonymous_5)
FNDA:0,(anonymous_6)
FNDA:0,(anonymous_7)
FNDA:0,(anonymous_8)
FNDA:0,(anonymous_9)
FNDA:0,(anonymous_10)
FNDA:0,(anonymous_11)
DA:1,0
DA:2,0
DA:3,0
DA:4,0
DA:5,0
DA:6,0
DA:7,0
DA:8,0
LF:8
LH:0
BRF:0
BRH:0
end_of_record
TN:
SF:src/layouts/QHBoxLayout.ts
FN:21,(anonymous_0)
FN:26,(anonymous_1)
FN:38,(anonymous_2)
FN:86,(anonymous_3)
FN:109,(anonymous_4)
FN:113,(anonymous_5)
FN:117,(anonymous_6)
FN:122,(anonymous_7)
FN:123,(anonymous_8)
FN:135,(anonymous_9)
FN:145,(anonymous_10)
FN:150,(anonymous_11)
FN:155,(anonymous_12)
FN:169,(anonymous_13)
FN:173,(anonymous_14)
FNF:15
FNH:5
FNDA:38,(anonymous_0)
FNDA:38,(anonymous_1)
FNDA:42,(anonymous_2)
FNDA:0,(anonymous_3)
FNDA:0,(anonymous_4)
FNDA:0,(anonymous_5)
FNDA:0,(anonymous_6)
FNDA:0,(anonymous_7)
FNDA:0,(anonymous_8)
FNDA:0,(anonymous_9)
FNDA:18,(anonymous_10)
FNDA:0,(anonymous_11)
FNDA:60,(anonymous_12)
FNDA:0,(anonymous_13)
FNDA:0,(anonymous_14)
DA:1,4
DA:3,4
DA:4,4
DA:16,4
DA:17,38
DA:18,38
DA:19,38
DA:22,38
DA:23,38
DA:27,38
DA:28,0
DA:40,42
DA:41,42
DA:42,0
DA:44,42
DA:45,0
DA:47,42
DA:48,0
DA:52,42
DA:53,42
DA:56,42
DA:58,0
DA:59,0
DA:60,0
DA:67,0
DA:70,0
DA:71,0
DA:74,0
DA:75,0
DA:78,0
DA:88,0
DA:89,0
DA:90,0
DA:91,0
DA:92,0
DA:93,0
DA:97,0
DA:98,0
DA:99,0
DA:100,0
DA:101,0
DA:102,0
DA:103,0
DA:104,0
DA:110,0
DA:114,0
DA:118,0
DA:123,0
DA:124,0
DA:125,0
DA:126,0
DA:127,0
DA:128,0
DA:130,0
DA:136,0
DA:137,0
DA:138,0
DA:139,0
DA:142,0
DA:146,18
DA:147,18
DA:151,0
DA:152,0
DA:156,60
DA:157,60
DA:160,0
DA:161,0
DA:162,0
DA:170,0
DA:174,0
LF:70
LH:21
BRDA:27,0,0,0
BRDA:41,1,0,0
BRDA:41,1,1,42
BRDA:44,2,0,0
BRDA:47,3,0,0
BRDA:56,4,0,0
BRDA:58,5,0,0
BRDA:58,5,1,0
BRDA:58,6,0,0
BRDA:58,6,1,0
BRDA:88,7,0,0
BRDA:88,7,1,0
BRDA:90,8,0,0
BRDA:90,8,1,0
BRDA:92,9,0,0
BRDA:97,10,0,0
BRDA:97,10,1,0
BRDA:99,11,0,0
BRDA:99,11,1,0
BRDA:101,12,0,0
BRDA:101,12,1,0
BRDA:103,13,0,0
BRDA:124,14,0,0
BRDA:127,15,0,0
BRDA:136,16,0,0
BRDA:157,17,0,60
BRDA:161,18,0,0
BRF:27
BRH:2
end_of_record
TN:
SF:src/layouts/QLayout.ts
FN:20,(anonymous_0)
FN:24,(anonymous_1)
FN:34,(anonymous_2)
FN:42,(anonymous_3)
FN:47,(anonymous_4)
FN:52,(anonymous_5)
FN:59,(anonymous_6)
FN:63,(anonymous_7)
FNF:8
FNH:5
FNDA:91,(anonymous_0)
FNDA:1,(anonymous_1)
FNDA:51,(anonymous_2)
FNDA:0,(anonymous_3)
FNDA:0,(anonymous_4)
FNDA:1,(anonymous_5)
FNDA:0,(anonymous_6)
FNDA:369,(anonymous_7)
DA:1,5
DA:3,5
DA:11,5
DA:12,91
DA:13,91
DA:14,91
DA:15,91
DA:16,91
DA:17,91
DA:21,91
DA:22,91
DA:24,28
DA:25,1
DA:35,51
DA:36,0
DA:37,0
DA:38,0
DA:43,0
DA:44,0
DA:48,0
DA:49,0
DA:53,1
DA:54,1
DA:55,1
DA:60,0
DA:64,369
LF:26
LH:18
BRDA:22,0,0,28
BRDA:35,1,0,0
BRDA:54,2,0,1
BRDA:60,3,0,0
BRDA:60,3,1,0
BRF:5
BRH:2
end_of_record
TN:
SF:src/layouts/QVBoxLayout.ts
FN:21,(anonymous_0)
FN:27,(anonymous_1)
FN:42,(anonymous_2)
FN:102,(anonymous_3)
FN:126,(anonymous_4)
FN:130,(anonymous_5)
FN:134,(anonymous_6)
FN:139,(anonymous_7)
FN:140,(anonymous_8)
FN:152,(anonymous_9)
FN:162,(anonymous_10)
FN:167,(anonymous_11)
FN:174,(anonymous_12)
FN:188,(anonymous_13)
FN:192,(anonymous_14)
FNF:15
FNH:13
FNDA:53,(anonymous_0)
FNDA:53,(anonymous_1)
FNDA:77,(anonymous_2)
FNDA:0,(anonymous_3)
FNDA:1,(anonymous_4)
FNDA:1,(anonymous_5)
FNDA:1,(anonymous_6)
FNDA:2,(anonymous_7)
FNDA:1,(anonymous_8)
FNDA:0,(anonymous_9)
FNDA:19,(anonymous_10)
FNDA:2,(anonymous_11)
FNDA:99,(anonymous_12)
FNDA:2,(anonymous_13)
FNDA:2,(anonymous_14)
DA:1,4
DA:3,4
DA:4,4
DA:16,4
DA:17,53
DA:18,53
DA:19,53
DA:22,53
DA:23,53
DA:28,53
DA:30,0
DA:44,77
DA:45,77
DA:46,0
DA:48,77
DA:49,0
DA:51,77
DA:52,0
DA:56,77
DA:59,77
DA:60,77
DA:62,0
DA:63,0
DA:64,0
DA:72,0
DA:75,0
DA:76,0
DA:82,0
DA:83,0
DA:86,0
DA:87,0
DA:92,0
DA:96,77
DA:104,0
DA:105,0
DA:106,0
DA:107,0
DA:108,0
DA:109,0
DA:110,0
DA:111,0
DA:115,0
DA:116,0
DA:117,0
DA:118,0
DA:119,0
DA:120,0
DA:127,1
DA:131,1
DA:135,1
DA:140,2
DA:141,2
DA:142,1
DA:143,1
DA:144,1
DA:145,0
DA:147,1
DA:153,0
DA:154,0
DA:155,0
DA:156,0
DA:159,0
DA:163,19
DA:164,19
DA:168,2
DA:169,2
DA:175,99
DA:176,99
DA:179,1
DA:180,1
DA:181,1
DA:189,2
DA:193,2
LF:73
LH:38
BRDA:28,0,0,0
BRDA:45,1,0,0
BRDA:45,1,1,77
BRDA:48,2,0,0
BRDA:51,3,0,0
BRDA:59,4,0,77
BRDA:59,4,1,0
BRDA:59,5,0,77
BRDA:59,5,1,0
BRDA:60,6,0,0
BRDA:62,7,0,0
BRDA:62,7,1,0
BRDA:62,8,0,0
BRDA:62,8,1,0
BRDA:104,9,0,0
BRDA:104,9,1,0
BRDA:106,10,0,0
BRDA:106,10,1,0
BRDA:108,11,0,0
BRDA:108,11,1,0
BRDA:110,12,0,0
BRDA:115,13,0,0
BRDA:115,13,1,0
BRDA:117,14,0,0
BRDA:117,14,1,0
BRDA:119,15,0,0
BRDA:141,16,0,1
BRDA:144,17,0,0
BRDA:153,18,0,0
BRDA:176,19,0,98
BRDA:180,20,0,1
BRF:31
BRH:6
end_of_record
TN:
SF:src/layouts/index.ts
FN:1,(anonymous_0)
FN:2,(anonymous_1)
FN:3,(anonymous_2)
FNF:3
FNH:2
FNDA:0,(anonymous_0)
FNDA:47,(anonymous_1)
FNDA:34,(anonymous_2)
DA:1,3
DA:2,50
DA:3,37
LF:3
LH:3
BRF:0
BRH:0
end_of_record
TN:
SF:src/themes/DarkTheme.ts
FN:4,(anonymous_0)
FN:13,(anonymous_1)
FNF:2
FNH:0
FNDA:0,(anonymous_0)
FNDA:0,(anonymous_1)
DA:1,0
DA:4,0
DA:6,0
DA:12,0
DA:13,0
DA:14,0
LF:6
LH:0
BRF:0
BRH:0
end_of_record
TN:
SF:src/widgets/QDialog.ts
FN:6,(anonymous_0)
FN:19,(anonymous_1)
FN:41,(anonymous_2)
FN:48,(anonymous_3)
FN:55,(anonymous_4)
FN:62,(anonymous_5)
FN:69,(anonymous_6)
FN:78,(anonymous_7)
FN:87,(anonymous_8)
FN:95,(anonymous_9)
FN:107,(anonymous_10)
FN:115,(anonymous_11)
FN:130,(anonymous_12)
FN:151,(anonymous_13)
FNF:14
FNH:12
FNDA:3,(anonymous_0)
FNDA:27,(anonymous_1)
FNDA:21,(anonymous_2)
FNDA:4,(anonymous_3)
FNDA:4,(anonymous_4)
FNDA:5,(anonymous_5)
FNDA:1,(anonymous_6)
FNDA:1,(anonymous_7)
FNDA:5,(anonymous_8)
FNDA:0,(anonymous_9)
FNDA:4,(anonymous_10)
FNDA:5,(anonymous_11)
FNDA:0,(anonymous_12)
FNDA:4,(anonymous_13)
DA:1,3
DA:4,3
DA:6,3
DA:7,3
DA:8,3
DA:14,3
DA:15,27
DA:16,27
DA:17,27
DA:20,27
DA:23,27
DA:42,21
DA:49,4
DA:56,4
DA:63,5
DA:70,1
DA:71,1
DA:72,1
DA:79,1
DA:80,1
DA:81,1
DA:88,5
DA:89,5
DA:96,0
DA:97,0
DA:98,0
DA:101,0
DA:108,4
DA:109,4
DA:117,5
DA:118,2
DA:119,2
DA:130,2
DA:131,0
DA:134,2
DA:138,5
DA:143,5
DA:144,0
DA:153,4
DA:158,4
DA:159,1
DA:160,1
LF:42
LH:36
BRDA:6,0,0,3
BRDA:6,0,1,3
BRDA:117,1,0,2
BRDA:117,2,0,5
BRDA:117,2,1,2
BRDA:143,3,0,0
BRDA:158,4,0,1
BRDA:158,5,0,4
BRDA:158,5,1,1
BRF:9
BRH:8
end_of_record
TN:
SF:src/widgets/QTabWidget.ts
FN:22,(anonymous_0)
FN:62,(anonymous_1)
FN:67,(anonymous_2)
FN:84,(anonymous_3)
FN:107,(anonymous_4)
FN:108,(anonymous_5)
FN:115,(anonymous_6)
FN:121,(anonymous_7)
FN:127,(anonymous_8)
FN:164,(anonymous_9)
FN:194,(anonymous_10)
FN:195,(anonymous_11)
FN:202,(anonymous_12)
FN:208,(anonymous_13)
FN:214,(anonymous_14)
FN:254,(anonymous_15)
FN:288,(anonymous_16)
FN:325,(anonymous_17)
FN:333,(anonymous_18)
FN:342,(anonymous_19)
FN:354,(anonymous_20)
FN:366,(anonymous_21)
FN:378,(anonymous_22)
FN:379,(anonymous_23)
FN:385,(anonymous_24)
FN:396,(anonymous_25)
FN:399,(anonymous_26)
FN:430,(anonymous_27)
FN:444,(anonymous_28)
FN:459,(anonymous_29)
FN:478,(anonymous_30)
FN:486,(anonymous_31)
FN:487,(anonymous_32)
FNF:33
FNH:13
FNDA:8,(anonymous_0)
FNDA:0,(anonymous_1)
FNDA:0,(anonymous_2)
FNDA:1,(anonymous_3)
FNDA:0,(anonymous_4)
FNDA:0,(anonymous_5)
FNDA:0,(anonymous_6)
FNDA:0,(anonymous_7)
FNDA:0,(anonymous_8)
FNDA:1,(anonymous_9)
FNDA:0,(anonymous_10)
FNDA:0,(anonymous_11)
FNDA:0,(anonymous_12)
FNDA:0,(anonymous_13)
FNDA:0,(anonymous_14)
FNDA:1,(anonymous_15)
FNDA:3,(anonymous_16)
FNDA:3,(anonymous_17)
FNDA:4,(anonymous_18)
FNDA:1,(anonymous_19)
FNDA:4,(anonymous_20)
FNDA:2,(anonymous_21)
FNDA:2,(anonymous_22)
FNDA:4,(anonymous_23)
FNDA:1,(anonymous_24)
FNDA:0,(anonymous_25)
FNDA:0,(anonymous_26)
FNDA:0,(anonymous_27)
FNDA:0,(anonymous_28)
FNDA:0,(anonymous_29)
FNDA:0,(anonymous_30)
FNDA:0,(anonymous_31)
FNDA:0,(anonymous_32)
DA:1,2
DA:2,2
DA:3,2
DA:9,2
DA:10,8
DA:16,8
DA:23,8
DA:26,8
DA:37,8
DA:38,8
DA:47,8
DA:50,8
DA:51,8
DA:56,8
DA:59,8
DA:62,8
DA:63,0
DA:64,0
DA:66,0
DA:67,0
DA:68,0
DA:69,0
DA:75,8
DA:86,1
DA:87,1
DA:101,1
DA:104,1
DA:107,1
DA:108,0
DA:109,0
DA:110,0
DA:115,1
DA:116,0
DA:117,0
DA:121,1
DA:122,0
DA:123,0
DA:127,1
DA:128,0
DA:129,0
DA:134,1
DA:144,1
DA:147,1
DA:150,1
DA:151,1
DA:154,1
DA:165,1
DA:166,0
DA:170,1
DA:171,1
DA:184,1
DA:187,1
DA:188,1
DA:190,0
DA:194,1
DA:195,0
DA:196,0
DA:197,0
DA:202,1
DA:203,0
DA:204,0
DA:208,1
DA:209,0
DA:210,0
DA:214,1
DA:215,0
DA:216,0
DA:221,1
DA:231,1
DA:234,1
DA:237,1
DA:238,0
DA:242,1
DA:243,0
DA:244,0
DA:247,1
DA:255,1
DA:256,0
DA:259,1
DA:262,1
DA:265,1
DA:268,1
DA:271,1
DA:272,0
DA:273,0
DA:274,1
DA:276,1
DA:277,0
DA:279,0
DA:280,0
DA:289,3
DA:290,1
DA:294,2
DA:295,1
DA:296,1
DA:302,1
DA:306,2
DA:307,2
DA:313,2
DA:316,2
DA:317,2
DA:318,2
DA:326,3
DA:334,4
DA:343,1
DA:344,1
DA:345,1
DA:355,4
DA:356,4
DA:358,0
DA:367,2
DA:368,2
DA:370,0
DA:379,4
DA:387,1
DA:390,1
DA:398,0
DA:399,0
DA:400,0
DA:401,0
DA:406,0
DA:407,0
DA:408,0
DA:421,0
DA:422,0
DA:429,0
DA:430,0
DA:431,0
DA:432,0
DA:435,0
DA:436,0
DA:443,0
DA:444,0
DA:445,0
DA:446,0
DA:448,0
DA:451,0
DA:452,0
DA:458,0
DA:459,0
DA:462,0
DA:463,0
DA:464,0
DA:467,0
DA:470,0
DA:471,0
DA:472,0
DA:475,0
DA:478,0
DA:479,0
DA:487,0
DA:488,0
DA:489,0
DA:496,0
LF:154
LH:79
BRDA:64,0,0,0
BRDA:68,1,0,0
BRDA:109,2,0,0
BRDA:122,3,0,0
BRDA:128,4,0,0
BRDA:150,5,0,1
BRDA:165,6,0,0
BRDA:165,7,0,1
BRDA:165,7,1,1
BRDA:187,8,0,1
BRDA:187,8,1,0
BRDA:196,9,0,0
BRDA:209,10,0,0
BRDA:215,11,0,0
BRDA:237,12,0,0
BRDA:237,12,1,1
BRDA:242,13,0,0
BRDA:255,14,0,0
BRDA:255,15,0,1
BRDA:255,15,1,1
BRDA:271,16,0,0
BRDA:271,16,1,1
BRDA:274,17,0,1
BRDA:274,17,1,0
BRDA:277,18,0,0
BRDA:289,19,0,1
BRDA:289,20,0,3
BRDA:289,20,1,3
BRDA:289,20,2,3
BRDA:294,21,0,1
BRDA:294,22,0,2
BRDA:294,22,1,1
BRDA:343,23,0,1
BRDA:343,24,0,1
BRDA:343,24,1,1
BRDA:355,25,0,4
BRDA:355,26,0,4
BRDA:355,26,1,4
BRDA:367,27,0,2
BRDA:367,28,0,2
BRDA:367,28,1,2
BRDA:400,29,0,0
BRDA:463,30,0,0
BRDA:488,31,0,0
BRDA:488,31,1,0
BRF:45
BRH:25
end_of_record
TN:
SF:src/widgets/QWidget.ts
FN:16,(anonymous_0)
FN:33,(anonymous_1)
FN:43,(anonymous_2)
FN:47,(anonymous_3)
FN:51,(anonymous_4)
FN:58,(anonymous_5)
FN:65,(anonymous_6)
FN:69,(anonymous_7)
FN:73,(anonymous_8)
FN:77,(anonymous_9)
FN:81,(anonymous_10)
FN:87,(anonymous_11)
FN:91,(anonymous_12)
FN:96,(anonymous_13)
FN:102,(anonymous_14)
FN:108,(anonymous_15)
FN:112,(anonymous_16)
FN:118,(anonymous_17)
FN:148,(anonymous_18)
FN:153,(anonymous_19)
FN:159,(anonymous_20)
FN:166,(anonymous_21)
FNF:22
FNH:11
FNDA:210,(anonymous_0)
FNDA:1,(anonymous_1)
FNDA:1,(anonymous_2)
FNDA:400,(anonymous_3)
FNDA:1,(anonymous_4)
FNDA:21,(anonymous_5)
FNDA:0,(anonymous_6)
FNDA:26,(anonymous_7)
FNDA:0,(anonymous_8)
FNDA:0,(anonymous_9)
FNDA:1,(anonymous_10)
FNDA:1,(anonymous_11)
FNDA:0,(anonymous_12)
FNDA:0,(anonymous_13)
FNDA:0,(anonymous_14)
FNDA:210,(anonymous_15)
FNDA:0,(anonymous_16)
FNDA:0,(anonymous_17)
FNDA:0,(anonymous_18)
FNDA:0,(anonymous_19)
FNDA:0,(anonymous_20)
FNDA:1,(anonymous_21)
DA:1,12
DA:2,12
DA:3,12
DA:5,12
DA:9,210
DA:10,210
DA:11,210
DA:13,210
DA:14,210
DA:17,210
DA:18,210
DA:19,210
DA:20,210
DA:21,210
DA:22,210
DA:23,210
DA:24,210
DA:25,210
DA:26,210
DA:27,210
DA:30,210
DA:34,1
DA:35,1
DA:36,0
DA:37,0
DA:39,1
DA:44,1
DA:48,400
DA:52,1
DA:53,1
DA:54,1
DA:55,1
DA:59,21
DA:60,21
DA:61,13
DA:66,0
DA:70,26
DA:74,0
DA:78,0
DA:82,1
DA:83,1
DA:84,1
DA:88,1
DA:92,0
DA:93,0
DA:97,0
DA:98,0
DA:99,0
DA:103,0
DA:104,0
DA:105,0
DA:109,210
DA:113,0
DA:114,0
DA:115,0
DA:119,0
DA:120,0
DA:121,0
DA:123,0
DA:125,0
DA:126,0
DA:128,0
DA:129,0
DA:132,0
DA:133,0
DA:135,0
DA:136,0
DA:138,0
DA:140,0
DA:141,0
DA:143,0
DA:149,0
DA:150,0
DA:154,0
DA:155,0
DA:156,0
LF:76
LH:39
BRDA:16,0,0,103
BRDA:35,1,0,0
BRDA:35,1,1,1
BRDA:60,2,0,13
BRDA:83,3,0,0
BRDA:83,3,1,1
BRDA:84,4,0,0
BRDA:84,4,1,1
BRDA:109,5,0,210
BRDA:109,5,1,0
BRDA:115,6,0,0
BRDA:115,6,1,0
BRDA:120,7,0,0
BRDA:120,7,1,0
BRDA:123,8,0,0
BRDA:123,8,1,0
BRDA:123,8,2,0
BRDA:123,8,3,0
BRDA:123,8,4,0
BRDA:123,8,5,0
BRDA:123,8,6,0
BRDA:135,9,0,0
BRF:22
BRH:6
end_of_record
TN:
SF:src/widgets/index.ts
FN:1,(anonymous_0)
FN:2,(anonymous_1)
FN:3,(anonymous_2)
FN:4,(anonymous_3)
FN:5,(anonymous_4)
FN:6,(anonymous_5)
FN:7,(anonymous_6)
FN:8,(anonymous_7)
FN:9,(anonymous_8)
FN:9,(anonymous_9)
FN:10,(anonymous_10)
FN:10,(anonymous_11)
FN:10,(anonymous_12)
FN:11,(anonymous_13)
FNF:14
FNH:3
FNDA:5,(anonymous_0)
FNDA:6,(anonymous_1)
FNDA:2,(anonymous_2)
FNDA:0,(anonymous_3)
FNDA:0,(anonymous_4)
FNDA:0,(anonymous_5)
FNDA:0,(anonymous_6)
FNDA:0,(anonymous_7)
FNDA:0,(anonymous_8)
FNDA:0,(anonymous_9)
FNDA:0,(anonymous_10)
FNDA:0,(anonymous_11)
FNDA:0,(anonymous_12)
FNDA:0,(anonymous_13)
DA:1,6
DA:2,7
DA:3,3
DA:4,1
DA:5,1
DA:6,1
DA:7,1
DA:8,1
DA:9,1
DA:10,1
DA:11,1
LF:11
LH:11
BRF:0
BRH:0
end_of_record
